# MinGW does not support an executable header.
:ivl_version "0.9.3 " "(v0_9_3)";
:vpi_time_precision + 0;
:vpi_module "system";
:vpi_module "v2005_math";
:vpi_module "va_math";
S_005A2A88 .scope module, "CPU" "CPU" 2 3;
 .timescale 0 0;
P_005E6034 .param/l "FINISHPC" 2 5, +C4<010011100010000>;
P_005E6048 .param/l "MEMSIZE" 2 5, +C4<0100000000000000000000>;
L_005E60D8 .functor BUFZ 32, v00645F28_0, C4<00000000000000000000000000000000>, C4<00000000000000000000000000000000>, C4<00000000000000000000000000000000>;
L_00649FD8 .functor OR 1, L_00649568, L_00649670, C4<0>, C4<0>;
L_0064A080 .functor AND 1, L_00649FD8, v005AA368_0, C4<1>, C4<1>;
v00644760_0 .net "ALUC", 3 0, v005AA260_0; 1 drivers
v006447B8_0 .net "ALUIMM", 0 0, v005AA2B8_0; 1 drivers
v00644810_0 .net "BRANCH", 0 0, v005AA310_0; 1 drivers
v00644868_0 .net "DBP", 0 0, v005AA368_0; 1 drivers
v006448C0_0 .net "DBPS", 0 0, v005AA3C0_0; 1 drivers
v00644918_0 .var "EALUC", 3 0;
v00644970_0 .var "EALUIMM", 0 0;
v006449C8_0 .var "EM2REG", 0 0;
v00644A20_0 .var "ESHIFT", 0 0;
v00644A78_0 .var "EWMEM", 0 0;
v00644AD0_0 .var "EWREG", 0 0;
v00644B28_0 .net "EXA", 31 0, v00644FF8_0; 1 drivers
v00644B80_0 .net "EXALU", 31 0, v006446B0_0; 1 drivers
v00644BD8_0 .net "EXB", 31 0, L_006501F0; 1 drivers
v00644C30_0 .net "EXDES", 4 0, v006450A8_0; 1 drivers
v00644C88_0 .net "EXIMM", 31 0, v00645530_0; 1 drivers
v00644CE0_0 .var "EXMEALU", 31 0;
v00644D38_0 .var "EXMEB", 31 0;
v00644D90_0 .var "EXMEDES", 4 0;
v00644E40_0 .net "FWDA", 1 0, v005AA5D0_0; 1 drivers
v00644DE8_0 .net "FWDB", 1 0, v005AA628_0; 1 drivers
v00644E98_0 .net "IDA", 31 0, L_0064B248; 1 drivers
v00644EF0_0 .net "IDB", 31 0, L_0064B770; 1 drivers
v00644F48_0 .net "IDDES", 4 0, L_00650198; 1 drivers
v00644FA0_0 .net "IDEQU", 0 0, L_0064B820; 1 drivers
v00644FF8_0 .var "IDEXA", 31 0;
v00645050_0 .var "IDEXB", 31 0;
v006450A8_0 .var "IDEXDES", 4 0;
v00645530_0 .var "IDEXIMM", 31 0;
v00645588_0 .net "IDIMM", 31 0, L_00650038; 1 drivers
v006455E0_0 .net "IDIR", 31 0, v006456E8_0; 1 drivers
v00645638_0 .net "IDPC", 31 0, v00645740_0; 1 drivers
v00645690_0 .net "IDPC4", 31 0, v00645798_0; 1 drivers
v006456E8_0 .var "IFIDIR", 31 0;
v00645740_0 .var "IFIDPC", 31 0;
v00645798_0 .var "IFIDPC4", 31 0;
v006457F0_0 .net "IFIR", 31 0, L_00649460; 1 drivers
v00645848_0 .var "IFIRreg", 31 0;
v006458A0_0 .net "IFPC", 31 0, L_005E60D8; 1 drivers
v006458F8_0 .net "IFPC4", 31 0, L_00649408; 1 drivers
v00645950_0 .net "JAL", 0 0, v005AA7E0_0; 1 drivers
v006459A8_0 .net "JR", 0 0, v005AA838_0; 1 drivers
v00645A00_0 .net "JUMP", 0 0, v005AA890_0; 1 drivers
v00645A58_0 .net "M2REG", 0 0, v005AA940_0; 1 drivers
v00645AB0_0 .net "MEALU", 31 0, v00644CE0_0; 1 drivers
v00645B08_0 .net "MEB", 31 0, v00644D38_0; 1 drivers
v00645B60_0 .net "MEDATA", 31 0, v00645BB8_0; 1 drivers
v00645BB8_0 .var "MEDATAreg", 31 0;
v00645C10_0 .net "MEDES", 4 0, v00644D90_0; 1 drivers
v00645C68_0 .var "MEMbusy", 0 0;
v00645CC0_0 .var "MEWBALU", 31 0;
v00645D18_0 .var "MEWBDATA", 31 0;
v00645D70_0 .var "MEWBDES", 4 0;
v00645DC8_0 .var "MM2REG", 0 0;
v00645E20_0 .var "MWMEM", 0 0;
v00645E78_0 .var "MWREG", 0 0;
v00645ED0 .array "Mem", 0 1048575, 7 0;
v00645F28_0 .var "PC", 31 0;
v00645F80_0 .net "PCBRANCH", 31 0, L_0064FDD0; 1 drivers
v00645FD8_0 .net "PCNEXT", 31 0, L_0064ACC8; 1 drivers
v00646030_0 .net "REGRT", 0 0, v00644188_0; 1 drivers
v00646088 .array "Regs", 0 31, 31 0;
v006460E0_0 .net "SEXT", 0 0, v006441E0_0; 1 drivers
v00646138_0 .net "SHIFT", 0 0, v00644238_0; 1 drivers
v00646190_0 .net "SMC", 0 0, v00644290_0; 1 drivers
v006461E8_0 .net "SMC2", 0 0, v006442E8_0; 1 drivers
v00646240_0 .net "WBALU", 31 0, v00645CC0_0; 1 drivers
v00646298_0 .net "WBDATA", 31 0, v00645D18_0; 1 drivers
v006462F0_0 .net "WBWEDATA", 31 0, L_00650248; 1 drivers
v00646348_0 .var "WM2REG", 0 0;
v006463A0_0 .net "WMEM", 0 0, v00644340_0; 1 drivers
v006463F8_0 .net "WPCIR", 0 0, v00644398_0; 1 drivers
v00646450_0 .net "WREG", 0 0, v006443F0_0; 1 drivers
v006464A8_0 .var "WWREG", 0 0;
v00646530_0 .net *"_s101", 0 0, C4<0>; 1 drivers
v00646588_0 .net *"_s102", 2 0, C4<010>; 1 drivers
v006465E0_0 .net *"_s104", 0 0, L_0064B0E8; 1 drivers
v00646638_0 .net *"_s106", 31 0, L_0064B140; 1 drivers
v00646690_0 .net *"_s108", 31 0, L_0064B198; 1 drivers
v006466E8_0 .net *"_s110", 31 0, L_0064B1F0; 1 drivers
v00646740_0 .net *"_s114", 2 0, L_0064B2A0; 1 drivers
v00646798_0 .net *"_s117", 0 0, C4<0>; 1 drivers
v006467F0_0 .net *"_s118", 2 0, C4<000>; 1 drivers
v00646848_0 .net *"_s120", 0 0, L_0064B2F8; 1 drivers
v006468A0_0 .net *"_s123", 4 0, L_0064B350; 1 drivers
v006468F8_0 .net *"_s124", 5 0, L_0064B3A8; 1 drivers
v00646950_0 .net *"_s127", 0 0, C4<0>; 1 drivers
v006469A8_0 .net *"_s128", 5 0, C4<000000>; 1 drivers
v00646A00_0 .net *"_s130", 0 0, L_0064B458; 1 drivers
v00646A58_0 .net *"_s132", 31 0, C4<00000000000000000000000000000000>; 1 drivers
v00646AB0_0 .net *"_s134", 31 0, L_0064B400; 1 drivers
v00646B08_0 .net *"_s137", 4 0, L_0064B4B0; 1 drivers
v00646B60_0 .net *"_s138", 31 0, L_0064B508; 1 drivers
v00646BB8_0 .net *"_s140", 2 0, L_0064B560; 1 drivers
v00646C10_0 .net *"_s143", 0 0, C4<0>; 1 drivers
v00646C68_0 .net *"_s144", 2 0, C4<001>; 1 drivers
v00646CC0_0 .net *"_s146", 0 0, L_0064B5B8; 1 drivers
v00646D18_0 .net *"_s148", 2 0, L_0064B610; 1 drivers
v00646D70_0 .net *"_s15", 5 0, L_006494B8; 1 drivers
v00646DC8_0 .net *"_s151", 0 0, C4<0>; 1 drivers
v00646E20_0 .net *"_s152", 2 0, C4<010>; 1 drivers
v00646E78_0 .net *"_s154", 0 0, L_0064B668; 1 drivers
v00646ED0_0 .net *"_s156", 31 0, L_0064B6C0; 1 drivers
v00646F28_0 .net *"_s158", 31 0, L_0064B718; 1 drivers
v00646F80_0 .net *"_s16", 6 0, L_00649510; 1 drivers
v00646FD8_0 .net *"_s162", 0 0, L_0064B7C8; 1 drivers
v00647030_0 .net/s *"_s164", 0 0, C4<1>; 1 drivers
v00647088_0 .net/s *"_s166", 0 0, C4<0>; 1 drivers
v006470E0_0 .net *"_s171", 3 0, L_0064B878; 1 drivers
v00647138_0 .net *"_s173", 25 0, L_0064B8D0; 1 drivers
v00647190_0 .net *"_s174", 29 0, L_0064B928; 1 drivers
v006471E8_0 .net *"_s176", 31 0, L_0064B980; 1 drivers
v00647240_0 .net *"_s179", 1 0, C4<00>; 1 drivers
v00647298_0 .net *"_s180", 31 0, L_0064BA30; 1 drivers
v006472F0_0 .net *"_s182", 29 0, L_0064B9D8; 1 drivers
v00647348_0 .net *"_s184", 1 0, C4<00>; 1 drivers
v006473A0_0 .net *"_s187", 0 0, L_0064BA88; 1 drivers
v006473F8_0 .net *"_s188", 15 0, L_0064BAE0; 1 drivers
v00647450_0 .net *"_s19", 0 0, C4<0>; 1 drivers
v006474A8_0 .net *"_s191", 15 0, L_0064BB38; 1 drivers
v00647718_0 .net *"_s192", 31 0, L_0064BB90; 1 drivers
v00647770_0 .net *"_s194", 31 0, L_0064BC40; 1 drivers
v006477C8_0 .net *"_s196", 29 0, L_0064BBE8; 1 drivers
v00647820_0 .net *"_s198", 1 0, C4<00>; 1 drivers
v00647878_0 .net *"_s2", 32 0, L_00649358; 1 drivers
v006478D0_0 .net *"_s20", 6 0, C4<0000100>; 1 drivers
v00647928_0 .net *"_s200", 31 0, L_0064FCC8; 1 drivers
v00647980_0 .net *"_s202", 31 0, L_0064FD20; 1 drivers
v006479D8_0 .net *"_s204", 31 0, L_0064FD78; 1 drivers
v00647A30_0 .net *"_s208", 15 0, C4<0000000000000000>; 1 drivers
v00647A88_0 .net *"_s211", 15 0, L_0064FE28; 1 drivers
v00647AE0_0 .net *"_s212", 31 0, L_0064FE80; 1 drivers
v00647B38_0 .net *"_s215", 0 0, L_0064FED8; 1 drivers
v00647B90_0 .net *"_s216", 15 0, L_0064FF30; 1 drivers
v00647BE8_0 .net *"_s219", 15 0, L_0064FF88; 1 drivers
v00647C40_0 .net *"_s22", 0 0, L_00649568; 1 drivers
v00647C98_0 .net *"_s220", 31 0, L_0064FFE0; 1 drivers
v00647CF0_0 .net *"_s224", 4 0, C4<11111>; 1 drivers
v00647D48_0 .net *"_s227", 4 0, L_00650090; 1 drivers
v00647DA0_0 .net *"_s229", 4 0, L_006500E8; 1 drivers
v00647DF8_0 .net *"_s230", 4 0, L_00650140; 1 drivers
v00647E50_0 .net *"_s25", 5 0, L_006495C0; 1 drivers
v00647EA8_0 .var *"_s258", 31 0; Local signal
v00647F00_0 .var *"_s259", 31 0; Local signal
v00647F58_0 .net *"_s26", 6 0, L_00649618; 1 drivers
v00647FB0_0 .var *"_s260", 31 0; Local signal
v00648008_0 .var *"_s261", 31 0; Local signal
v00648060_0 .var *"_s262", 31 0; Local signal
v006480B8_0 .var *"_s263", 31 0; Local signal
v00648110_0 .var *"_s264", 31 0; Local signal
v00648168_0 .var *"_s265", 31 0; Local signal
v006481C0_0 .var *"_s266", 31 0; Local signal
v00648218_0 .var *"_s267", 31 0; Local signal
v00648270_0 .net *"_s29", 0 0, C4<0>; 1 drivers
v006482C8_0 .net *"_s30", 6 0, C4<0000101>; 1 drivers
v00648320_0 .net *"_s32", 0 0, L_00649670; 1 drivers
v00648378_0 .net *"_s34", 0 0, L_00649FD8; 1 drivers
v006483D0_0 .net *"_s36", 0 0, L_0064A080; 1 drivers
v00648428_0 .net *"_s39", 0 0, L_006496C8; 1 drivers
v00648480_0 .net *"_s40", 15 0, L_00649720; 1 drivers
v006484D8_0 .net *"_s43", 15 0, L_00649778; 1 drivers
v00648530_0 .net *"_s44", 31 0, L_006497D0; 1 drivers
v00648588_0 .net *"_s46", 31 0, L_00649880; 1 drivers
v006485E0_0 .net *"_s48", 29 0, L_00649828; 1 drivers
v00648638_0 .net *"_s5", 0 0, C4<0>; 1 drivers
v00648690_0 .net *"_s50", 1 0, C4<00>; 1 drivers
v006489B8_0 .net *"_s52", 31 0, L_006498D8; 1 drivers
v00648A10_0 .net *"_s54", 31 0, L_00649930; 1 drivers
v00648A68_0 .net *"_s6", 32 0, C4<000000000000000000000000000000100>; 1 drivers
v00648AC0_0 .net *"_s64", 2 0, L_0064AD78; 1 drivers
v00648B18_0 .net *"_s67", 0 0, C4<0>; 1 drivers
v00648B70_0 .net *"_s68", 2 0, C4<000>; 1 drivers
v00648BC8_0 .net *"_s70", 0 0, L_0064AD20; 1 drivers
v00648C20_0 .net *"_s73", 4 0, L_0064ADD0; 1 drivers
v00648C78_0 .net *"_s74", 5 0, L_0064AE28; 1 drivers
v00648CD0_0 .net *"_s77", 0 0, C4<0>; 1 drivers
v00648D28_0 .net *"_s78", 5 0, C4<000000>; 1 drivers
v00648D80_0 .net *"_s8", 32 0, L_006493B0; 1 drivers
v00648DD8_0 .net *"_s80", 0 0, L_0064AE80; 1 drivers
v00648E30_0 .net *"_s82", 31 0, C4<00000000000000000000000000000000>; 1 drivers
v00648E88_0 .net *"_s84", 31 0, L_0064AED8; 1 drivers
v00648EE0_0 .net *"_s87", 4 0, L_0064AF30; 1 drivers
v00648F38_0 .net *"_s88", 31 0, L_0064AF88; 1 drivers
v00648F90_0 .net *"_s90", 2 0, L_0064AFE0; 1 drivers
v00648FE8_0 .net *"_s93", 0 0, C4<0>; 1 drivers
v00649040_0 .net *"_s94", 2 0, C4<001>; 1 drivers
v00649098_0 .net *"_s96", 0 0, L_0064B038; 1 drivers
v006490F0_0 .net *"_s98", 2 0, L_0064B090; 1 drivers
v00649148 .array "cache1", 0 1023, 7 0;
v006491A0_0 .var "cache1add", 31 0;
v006491F8 .array "cache2", 0 16383, 7 0;
v00649250_0 .var "cache2add", 31 0;
v006492A8_0 .var "clock", 0 0;
v00649300_0 .var "i", 31 0;
E_005A0D10 .event negedge, v006492A8_0;
E_005A0C90 .event posedge, v006492A8_0;
E_005A0CB0 .event edge, v00645F28_0;
L_00649358 .concat [ 32 1 0 0], v00645F28_0, C4<0>;
L_006493B0 .arith/sum 33, L_00649358, C4<000000000000000000000000000000100>;
L_00649408 .part L_006493B0, 0, 32;
L_00649460 .functor MUXZ 32, v00645848_0, v00645050_0, v006442E8_0, C4<>;
L_006494B8 .part L_00649460, 26, 6;
L_00649510 .concat [ 6 1 0 0], L_006494B8, C4<0>;
L_00649568 .cmp/eq 7, L_00649510, C4<0000100>;
L_006495C0 .part L_00649460, 26, 6;
L_00649618 .concat [ 6 1 0 0], L_006495C0, C4<0>;
L_00649670 .cmp/eq 7, L_00649618, C4<0000101>;
L_006496C8 .part L_00649460, 15, 1;
LS_00649720_0_0 .concat [ 1 1 1 1], L_006496C8, L_006496C8, L_006496C8, L_006496C8;
LS_00649720_0_4 .concat [ 1 1 1 1], L_006496C8, L_006496C8, L_006496C8, L_006496C8;
LS_00649720_0_8 .concat [ 1 1 1 1], L_006496C8, L_006496C8, L_006496C8, L_006496C8;
LS_00649720_0_12 .concat [ 1 1 1 1], L_006496C8, L_006496C8, L_006496C8, L_006496C8;
L_00649720 .concat [ 4 4 4 4], LS_00649720_0_0, LS_00649720_0_4, LS_00649720_0_8, LS_00649720_0_12;
L_00649778 .part L_00649460, 0, 16;
L_006497D0 .concat [ 16 16 0 0], L_00649778, L_00649720;
L_00649828 .part L_006497D0, 0, 30;
L_00649880 .concat [ 2 30 0 0], C4<00>, L_00649828;
L_006498D8 .arith/sum 32, L_00649408, L_00649880;
L_00649930 .functor MUXZ 32, L_00649408, L_006498D8, L_0064A080, C4<>;
L_0064ACC8 .functor MUXZ 32, L_00649930, L_0064FDD0, v005AA310_0, C4<>;
L_0064AD78 .concat [ 2 1 0 0], v005AA5D0_0, C4<0>;
L_0064AD20 .cmp/eq 3, L_0064AD78, C4<000>;
L_0064ADD0 .part v006456E8_0, 21, 5;
L_0064AE28 .concat [ 5 1 0 0], L_0064ADD0, C4<0>;
L_0064AE80 .cmp/eq 6, L_0064AE28, C4<000000>;
L_0064AED8 .array/port v00646088, L_0064AF30;
L_0064AF30 .part v006456E8_0, 21, 5;
L_0064AF88 .functor MUXZ 32, L_0064AED8, C4<00000000000000000000000000000000>, L_0064AE80, C4<>;
L_0064AFE0 .concat [ 2 1 0 0], v005AA5D0_0, C4<0>;
L_0064B038 .cmp/eq 3, L_0064AFE0, C4<001>;
L_0064B090 .concat [ 2 1 0 0], v005AA5D0_0, C4<0>;
L_0064B0E8 .cmp/eq 3, L_0064B090, C4<010>;
L_0064B140 .functor MUXZ 32, v00645BB8_0, v00644CE0_0, L_0064B0E8, C4<>;
L_0064B198 .functor MUXZ 32, L_0064B140, v006446B0_0, L_0064B038, C4<>;
L_0064B1F0 .functor MUXZ 32, L_0064B198, L_0064AF88, L_0064AD20, C4<>;
L_0064B248 .functor MUXZ 32, L_0064B1F0, v00645798_0, v005AA7E0_0, C4<>;
L_0064B2A0 .concat [ 2 1 0 0], v005AA628_0, C4<0>;
L_0064B2F8 .cmp/eq 3, L_0064B2A0, C4<000>;
L_0064B350 .part v006456E8_0, 16, 5;
L_0064B3A8 .concat [ 5 1 0 0], L_0064B350, C4<0>;
L_0064B458 .cmp/eq 6, L_0064B3A8, C4<000000>;
L_0064B400 .array/port v00646088, L_0064B4B0;
L_0064B4B0 .part v006456E8_0, 16, 5;
L_0064B508 .functor MUXZ 32, L_0064B400, C4<00000000000000000000000000000000>, L_0064B458, C4<>;
L_0064B560 .concat [ 2 1 0 0], v005AA628_0, C4<0>;
L_0064B5B8 .cmp/eq 3, L_0064B560, C4<001>;
L_0064B610 .concat [ 2 1 0 0], v005AA628_0, C4<0>;
L_0064B668 .cmp/eq 3, L_0064B610, C4<010>;
L_0064B6C0 .functor MUXZ 32, v00645BB8_0, v00644CE0_0, L_0064B668, C4<>;
L_0064B718 .functor MUXZ 32, L_0064B6C0, v006446B0_0, L_0064B5B8, C4<>;
L_0064B770 .functor MUXZ 32, L_0064B718, L_0064B508, L_0064B2F8, C4<>;
L_0064B7C8 .cmp/eq 32, L_0064B248, L_0064B770;
L_0064B820 .functor MUXZ 1, C4<0>, C4<1>, L_0064B7C8, C4<>;
L_0064B878 .part v00645798_0, 28, 4;
L_0064B8D0 .part v006456E8_0, 0, 26;
L_0064B928 .concat [ 26 4 0 0], L_0064B8D0, L_0064B878;
L_0064B980 .concat [ 30 2 0 0], L_0064B928, C4<00>;
L_0064B9D8 .part L_0064B980, 0, 30;
L_0064BA30 .concat [ 2 30 0 0], C4<00>, L_0064B9D8;
L_0064BA88 .part v006456E8_0, 15, 1;
LS_0064BAE0_0_0 .concat [ 1 1 1 1], L_0064BA88, L_0064BA88, L_0064BA88, L_0064BA88;
LS_0064BAE0_0_4 .concat [ 1 1 1 1], L_0064BA88, L_0064BA88, L_0064BA88, L_0064BA88;
LS_0064BAE0_0_8 .concat [ 1 1 1 1], L_0064BA88, L_0064BA88, L_0064BA88, L_0064BA88;
LS_0064BAE0_0_12 .concat [ 1 1 1 1], L_0064BA88, L_0064BA88, L_0064BA88, L_0064BA88;
L_0064BAE0 .concat [ 4 4 4 4], LS_0064BAE0_0_0, LS_0064BAE0_0_4, LS_0064BAE0_0_8, LS_0064BAE0_0_12;
L_0064BB38 .part v006456E8_0, 0, 16;
L_0064BB90 .concat [ 16 16 0 0], L_0064BB38, L_0064BAE0;
L_0064BBE8 .part L_0064BB90, 0, 30;
L_0064BC40 .concat [ 2 30 0 0], C4<00>, L_0064BBE8;
L_0064FCC8 .arith/sum 32, v00645798_0, L_0064BC40;
L_0064FD20 .functor MUXZ 32, v00645798_0, L_0064FCC8, v005AA3C0_0, C4<>;
L_0064FD78 .functor MUXZ 32, L_0064FD20, L_0064BA30, v005AA890_0, C4<>;
L_0064FDD0 .functor MUXZ 32, L_0064FD78, L_0064B248, v005AA838_0, C4<>;
L_0064FE28 .part v006456E8_0, 0, 16;
L_0064FE80 .concat [ 16 16 0 0], L_0064FE28, C4<0000000000000000>;
L_0064FED8 .part v006456E8_0, 15, 1;
LS_0064FF30_0_0 .concat [ 1 1 1 1], L_0064FED8, L_0064FED8, L_0064FED8, L_0064FED8;
LS_0064FF30_0_4 .concat [ 1 1 1 1], L_0064FED8, L_0064FED8, L_0064FED8, L_0064FED8;
LS_0064FF30_0_8 .concat [ 1 1 1 1], L_0064FED8, L_0064FED8, L_0064FED8, L_0064FED8;
LS_0064FF30_0_12 .concat [ 1 1 1 1], L_0064FED8, L_0064FED8, L_0064FED8, L_0064FED8;
L_0064FF30 .concat [ 4 4 4 4], LS_0064FF30_0_0, LS_0064FF30_0_4, LS_0064FF30_0_8, LS_0064FF30_0_12;
L_0064FF88 .part v006456E8_0, 0, 16;
L_0064FFE0 .concat [ 16 16 0 0], L_0064FF88, L_0064FF30;
L_00650038 .functor MUXZ 32, L_0064FFE0, L_0064FE80, v006441E0_0, C4<>;
L_00650090 .part v006456E8_0, 16, 5;
L_006500E8 .part v006456E8_0, 11, 5;
L_00650140 .functor MUXZ 5, L_006500E8, L_00650090, v00644188_0, C4<>;
L_00650198 .functor MUXZ 5, L_00650140, C4<11111>, v005AA7E0_0, C4<>;
L_006501F0 .functor MUXZ 32, v00645050_0, v00645530_0, v00644970_0, C4<>;
L_00650248 .functor MUXZ 32, v00645CC0_0, v00645D18_0, v00646348_0, C4<>;
S_005A2978 .scope module, "MAINALU" "ALU" 2 91, 3 1, S_005A2A88;
 .timescale 0 0;
v00644600_0 .net "EALUC", 3 0, v00644918_0; 1 drivers
v00644658_0 .alias "EXA", 31 0, v00644B28_0;
v006446B0_0 .var "EXALU", 31 0;
v00644708_0 .alias "EXB", 31 0, v00644BD8_0;
E_005A0BD0 .event edge, v00644708_0, v00644658_0, v00644600_0;
S_005A2A00 .scope module, "Control" "Controler" 2 109, 4 1, S_005A2A88;
 .timescale 0 0;
v005AA260_0 .var "ALUC", 3 0;
v005AA2B8_0 .var "ALUIMM", 0 0;
v005AA310_0 .var "BRANCH", 0 0;
v005AA368_0 .var "DBP", 0 0;
v005AA3C0_0 .var "DBPS", 0 0;
v005AA418_0 .net "EM2REG", 0 0, v006449C8_0; 1 drivers
v005AA470_0 .net "EWMEM", 0 0, v00644A78_0; 1 drivers
v005AA4C8_0 .net "EWREG", 0 0, v00644AD0_0; 1 drivers
v005AA520_0 .alias "EXALU", 31 0, v00644B80_0;
v005AA578_0 .alias "EXDES", 4 0, v00644C30_0;
v005AA5D0_0 .var "FWDA", 1 0;
v005AA628_0 .var "FWDB", 1 0;
v005AA680_0 .alias "IDEQU", 0 0, v00644FA0_0;
v005AA6D8_0 .alias "IDIR", 31 0, v006455E0_0;
v005AA730_0 .alias "IDPC", 31 0, v00645638_0;
v005AA788_0 .alias "IFPC", 31 0, v006458A0_0;
v005AA7E0_0 .var "JAL", 0 0;
v005AA838_0 .var "JR", 0 0;
v005AA890_0 .var "JUMP", 0 0;
v005AA940_0 .var "M2REG", 0 0;
v005AA8E8_0 .alias "MEDES", 4 0, v00645C10_0;
v005AA998_0 .net "MM2REG", 0 0, v00645DC8_0; 1 drivers
v00644130_0 .net "MWREG", 0 0, v00645E78_0; 1 drivers
v00644188_0 .var "REGRT", 0 0;
v006441E0_0 .var "SEXT", 0 0;
v00644238_0 .var "SHIFT", 0 0;
v00644290_0 .var "SMC", 0 0;
v006442E8_0 .var "SMC2", 0 0;
v00644340_0 .var "WMEM", 0 0;
v00644398_0 .var "WPCIR", 0 0;
v006443F0_0 .var "WREG", 0 0;
v00644448_0 .net "funct", 5 0, L_006502F8; 1 drivers
v006444A0_0 .net "imm", 15 0, L_00650400; 1 drivers
v006444F8_0 .net "op", 5 0, L_006502A0; 1 drivers
v00644550_0 .net "rs", 4 0, L_00650350; 1 drivers
v006445A8_0 .net "rt", 4 0, L_006503A8; 1 drivers
E_005A0C30/0 .event edge, v005AA998_0, v00644130_0, v005AA418_0, v005AA4C8_0;
E_005A0C30/1 .event edge, v005AA680_0, v005AA578_0, v005AA8E8_0, v006444A0_0;
E_005A0C30/2 .event edge, v006445A8_0, v00644550_0, v00644448_0, v006444F8_0;
E_005A0C30 .event/or E_005A0C30/0, E_005A0C30/1, E_005A0C30/2;
L_006502A0 .part v006456E8_0, 26, 6;
L_006502F8 .part v006456E8_0, 0, 6;
L_00650350 .part v006456E8_0, 21, 5;
L_006503A8 .part v006456E8_0, 16, 5;
L_00650400 .part v006456E8_0, 0, 16;
    .scope S_005A2978;
T_0 ;
    %wait E_005A0BD0;
    %load/v 8, v00644600_0, 4;
    %cmpi/u 8, 2, 4;
    %jmp/0xz  T_0.0, 4;
    %load/v 8, v00644658_0, 32;
    %load/v 40, v00644708_0, 32;
    %add 8, 40, 32;
    %set/v v006446B0_0, 8, 32;
T_0.0 ;
    %load/v 8, v00644600_0, 4;
    %cmpi/u 8, 6, 4;
    %jmp/0xz  T_0.2, 4;
    %load/v 8, v00644658_0, 32;
    %load/v 40, v00644708_0, 32;
    %sub 8, 40, 32;
    %set/v v006446B0_0, 8, 32;
T_0.2 ;
    %load/v 8, v00644600_0, 4;
    %cmpi/u 8, 0, 4;
    %jmp/0xz  T_0.4, 4;
    %load/v 8, v00644658_0, 32;
    %load/v 40, v00644708_0, 32;
    %and 8, 40, 32;
    %set/v v006446B0_0, 8, 32;
T_0.4 ;
    %load/v 8, v00644600_0, 4;
    %cmpi/u 8, 1, 4;
    %jmp/0xz  T_0.6, 4;
    %load/v 8, v00644658_0, 32;
    %load/v 40, v00644708_0, 32;
    %or 8, 40, 32;
    %set/v v006446B0_0, 8, 32;
T_0.6 ;
    %load/v 8, v00644600_0, 4;
    %cmpi/u 8, 7, 4;
    %jmp/0xz  T_0.8, 4;
    %load/v 8, v00644658_0, 32;
    %load/v 40, v00644708_0, 32;
    %cmp/u 8, 40, 32;
    %mov 8, 5, 1;
    %jmp/0  T_0.10, 8;
    %movi 9, 1, 32;
    %jmp/1  T_0.12, 8;
T_0.10 ; End of true expr.
    %jmp/0  T_0.11, 8;
 ; End of false expr.
    %blend  9, 0, 32; Condition unknown.
    %jmp  T_0.12;
T_0.11 ;
    %mov 9, 0, 32; Return false value
T_0.12 ;
    %set/v v006446B0_0, 9, 32;
    %ix/load 1, 31, 0;
    %mov 4, 0, 1;
    %jmp/1 T_0.13, 4;
    %load/x1p 11, v00644658_0, 1;
    %jmp T_0.14;
T_0.13 ;
    %mov 11, 2, 1;
T_0.14 ;
    %mov 8, 11, 1; Move signal select into place
    %mov 9, 0, 2;
    %cmpi/u 8, 1, 3;
    %mov 8, 4, 1;
    %ix/load 1, 31, 0;
    %mov 4, 0, 1;
    %jmp/1 T_0.15, 4;
    %load/x1p 11, v00644708_0, 1;
    %jmp T_0.16;
T_0.15 ;
    %mov 11, 2, 1;
T_0.16 ;
    %mov 9, 11, 1; Move signal select into place
    %mov 10, 0, 1;
    %cmpi/u 9, 0, 2;
    %mov 9, 4, 1;
    %and 8, 9, 1;
    %jmp/0xz  T_0.17, 8;
    %movi 8, 1, 32;
    %set/v v006446B0_0, 8, 32;
T_0.17 ;
    %ix/load 1, 31, 0;
    %mov 4, 0, 1;
    %jmp/1 T_0.19, 4;
    %load/x1p 10, v00644658_0, 1;
    %jmp T_0.20;
T_0.19 ;
    %mov 10, 2, 1;
T_0.20 ;
    %mov 8, 10, 1; Move signal select into place
    %mov 9, 0, 1;
    %cmpi/u 8, 0, 2;
    %mov 8, 4, 1;
    %ix/load 1, 31, 0;
    %mov 4, 0, 1;
    %jmp/1 T_0.21, 4;
    %load/x1p 12, v00644708_0, 1;
    %jmp T_0.22;
T_0.21 ;
    %mov 12, 2, 1;
T_0.22 ;
    %mov 9, 12, 1; Move signal select into place
    %mov 10, 0, 2;
    %cmpi/u 9, 1, 3;
    %mov 9, 4, 1;
    %and 8, 9, 1;
    %jmp/0xz  T_0.23, 8;
    %set/v v006446B0_0, 0, 32;
T_0.23 ;
T_0.8 ;
    %load/v 8, v00644600_0, 4;
    %cmpi/u 8, 12, 4;
    %jmp/0xz  T_0.25, 4;
    %load/v 8, v00644658_0, 32;
    %load/v 40, v00644708_0, 32;
    %xor 8, 40, 32;
    %set/v v006446B0_0, 8, 32;
T_0.25 ;
    %load/v 8, v00644600_0, 4;
    %cmpi/u 8, 8, 4;
    %jmp/0xz  T_0.27, 4;
    %load/v 8, v00644658_0, 32;
    %ix/load 1, 6, 0;
    %mov 4, 0, 1;
    %jmp/1 T_0.29, 4;
    %load/x1p 40, v00644708_0, 5;
    %jmp T_0.30;
T_0.29 ;
    %mov 40, 2, 5;
T_0.30 ;
; Save base=40 wid=5 in lookaside.
    %ix/get 0, 40, 5;
    %shiftl/i0  8, 32;
    %set/v v006446B0_0, 8, 32;
T_0.27 ;
    %load/v 8, v00644600_0, 4;
    %cmpi/u 8, 9, 4;
    %jmp/0xz  T_0.31, 4;
    %load/v 8, v00644658_0, 32;
    %ix/load 1, 6, 0;
    %mov 4, 0, 1;
    %jmp/1 T_0.33, 4;
    %load/x1p 40, v00644708_0, 5;
    %jmp T_0.34;
T_0.33 ;
    %mov 40, 2, 5;
T_0.34 ;
; Save base=40 wid=5 in lookaside.
    %ix/get 0, 40, 5;
    %shiftr/i0  8, 32;
    %set/v v006446B0_0, 8, 32;
T_0.31 ;
    %load/v 8, v00644600_0, 4;
    %cmpi/u 8, 3, 4;
    %jmp/0xz  T_0.35, 4;
    %load/v 8, v00644658_0, 32;
    %load/v 40, v00644708_0, 32;
    %add 8, 40, 32;
    %set/v v006446B0_0, 8, 32;
T_0.35 ;
    %load/v 8, v00644600_0, 4;
    %cmpi/u 8, 14, 4;
    %jmp/0xz  T_0.37, 4;
    %load/v 8, v00644658_0, 32;
    %load/v 40, v00644708_0, 32;
    %sub 8, 40, 32;
    %set/v v006446B0_0, 8, 32;
T_0.37 ;
    %load/v 8, v00644600_0, 4;
    %cmpi/u 8, 5, 4;
    %jmp/0xz  T_0.39, 4;
    %load/v 8, v00644658_0, 32;
    %load/v 40, v00644708_0, 32;
    %cmp/u 8, 40, 32;
    %mov 8, 5, 1;
    %jmp/0  T_0.41, 8;
    %movi 9, 1, 32;
    %jmp/1  T_0.43, 8;
T_0.41 ; End of true expr.
    %jmp/0  T_0.42, 8;
 ; End of false expr.
    %blend  9, 0, 32; Condition unknown.
    %jmp  T_0.43;
T_0.42 ;
    %mov 9, 0, 32; Return false value
T_0.43 ;
    %set/v v006446B0_0, 9, 32;
T_0.39 ;
    %load/v 8, v00644600_0, 4;
    %cmpi/u 8, 15, 4;
    %jmp/0xz  T_0.44, 4;
    %mov 8, 0, 16;
    %load/v 24, v00644708_0, 16; Select 16 out of 32 bits
    %set/v v006446B0_0, 8, 32;
T_0.44 ;
    %load/v 8, v00644600_0, 4;
    %cmpi/u 8, 4, 4;
    %jmp/0xz  T_0.46, 4;
    %load/v 8, v00644658_0, 32;
    %set/v v006446B0_0, 8, 32;
T_0.46 ;
    %load/v 8, v00644600_0, 4;
    %cmpi/u 8, 10, 4;
    %jmp/0xz  T_0.48, 4;
    %load/v 8, v00644658_0, 32;
    %load/v 40, v00644708_0, 32;
    %or 8, 40, 32;
    %inv 8, 32;
    %set/v v006446B0_0, 8, 32;
T_0.48 ;
    %vpi_call 3 56 "$display", "# The ALU is RUNNING with 'h%h & 'h%h in OP 'b%b to RESULT 'h%h", v00644658_0, v00644708_0, v00644600_0, v006446B0_0;
    %jmp T_0;
    .thread T_0, $push;
    .scope S_005A2A00;
T_1 ;
    %set/v v005AA368_0, 0, 1;
    %end;
    .thread T_1;
    .scope S_005A2A00;
T_2 ;
    %wait E_005A0C30;
    %set/v v00644398_0, 0, 1;
    %set/v v005AA310_0, 0, 1;
    %set/v v006443F0_0, 0, 1;
    %set/v v005AA940_0, 0, 1;
    %set/v v00644340_0, 0, 1;
    %set/v v005AA5D0_0, 0, 2;
    %set/v v005AA628_0, 0, 2;
    %set/v v00644238_0, 0, 1;
    %set/v v005AA2B8_0, 0, 1;
    %set/v v006441E0_0, 0, 1;
    %set/v v00644188_0, 0, 1;
    %set/v v005AA890_0, 0, 1;
    %set/v v005AA838_0, 0, 1;
    %set/v v005AA7E0_0, 0, 1;
    %set/v v00644290_0, 0, 1;
    %set/v v006442E8_0, 0, 1;
    %set/v v005AA3C0_0, 1, 1;
    %load/v 8, v006444F8_0, 6;
    %cmpi/u 8, 0, 6;
    %jmp/1 T_2.0, 6;
    %cmpi/u 8, 8, 6;
    %jmp/1 T_2.1, 6;
    %cmpi/u 8, 9, 6;
    %jmp/1 T_2.2, 6;
    %cmpi/u 8, 12, 6;
    %jmp/1 T_2.3, 6;
    %cmpi/u 8, 4, 6;
    %jmp/1 T_2.4, 6;
    %cmpi/u 8, 5, 6;
    %jmp/1 T_2.5, 6;
    %cmpi/u 8, 2, 6;
    %jmp/1 T_2.6, 6;
    %cmpi/u 8, 3, 6;
    %jmp/1 T_2.7, 6;
    %cmpi/u 8, 35, 6;
    %jmp/1 T_2.8, 6;
    %cmpi/u 8, 13, 6;
    %jmp/1 T_2.9, 6;
    %cmpi/u 8, 10, 6;
    %jmp/1 T_2.10, 6;
    %cmpi/u 8, 11, 6;
    %jmp/1 T_2.11, 6;
    %cmpi/u 8, 43, 6;
    %jmp/1 T_2.12, 6;
    %cmpi/u 8, 15, 6;
    %jmp/1 T_2.13, 6;
    %jmp T_2.15;
T_2.0 ;
    %load/v 8, v00644130_0, 1;
    %load/v 9, v00644550_0, 5;
    %mov 14, 0, 1;
    %cmpi/u 9, 0, 6;
    %inv 4, 1;
    %mov 9, 4, 1;
    %and 8, 9, 1;
    %load/v 9, v00644550_0, 5;
    %load/v 14, v005AA8E8_0, 5;
    %cmp/u 9, 14, 5;
    %mov 9, 4, 1;
    %and 8, 9, 1;
    %jmp/0xz  T_2.16, 8;
    %movi 8, 2, 2;
    %set/v v005AA5D0_0, 8, 2;
T_2.16 ;
    %load/v 8, v005AA4C8_0, 1;
    %load/v 9, v00644550_0, 5;
    %mov 14, 0, 1;
    %cmpi/u 9, 0, 6;
    %inv 4, 1;
    %mov 9, 4, 1;
    %and 8, 9, 1;
    %load/v 9, v00644550_0, 5;
    %load/v 14, v005AA578_0, 5;
    %cmp/u 9, 14, 5;
    %mov 9, 4, 1;
    %and 8, 9, 1;
    %jmp/0xz  T_2.18, 8;
    %movi 8, 1, 2;
    %set/v v005AA5D0_0, 8, 2;
T_2.18 ;
    %load/v 8, v00644130_0, 1;
    %load/v 9, v005AA998_0, 1;
    %and 8, 9, 1;
    %load/v 9, v00644550_0, 5;
    %mov 14, 0, 1;
    %cmpi/u 9, 0, 6;
    %inv 4, 1;
    %mov 9, 4, 1;
    %and 8, 9, 1;
    %load/v 9, v00644550_0, 5;
    %load/v 14, v005AA8E8_0, 5;
    %cmp/u 9, 14, 5;
    %mov 9, 4, 1;
    %and 8, 9, 1;
    %jmp/0xz  T_2.20, 8;
    %set/v v005AA5D0_0, 1, 2;
T_2.20 ;
    %load/v 8, v00644130_0, 1;
    %load/v 9, v006445A8_0, 5;
    %mov 14, 0, 1;
    %cmpi/u 9, 0, 6;
    %inv 4, 1;
    %mov 9, 4, 1;
    %and 8, 9, 1;
    %load/v 9, v006445A8_0, 5;
    %load/v 14, v005AA8E8_0, 5;
    %cmp/u 9, 14, 5;
    %mov 9, 4, 1;
    %and 8, 9, 1;
    %jmp/0xz  T_2.22, 8;
    %movi 8, 2, 2;
    %set/v v005AA628_0, 8, 2;
T_2.22 ;
    %load/v 8, v005AA4C8_0, 1;
    %load/v 9, v006445A8_0, 5;
    %mov 14, 0, 1;
    %cmpi/u 9, 0, 6;
    %inv 4, 1;
    %mov 9, 4, 1;
    %and 8, 9, 1;
    %load/v 9, v006445A8_0, 5;
    %load/v 14, v005AA578_0, 5;
    %cmp/u 9, 14, 5;
    %mov 9, 4, 1;
    %and 8, 9, 1;
    %jmp/0xz  T_2.24, 8;
    %movi 8, 1, 2;
    %set/v v005AA628_0, 8, 2;
T_2.24 ;
    %load/v 8, v00644130_0, 1;
    %load/v 9, v005AA998_0, 1;
    %and 8, 9, 1;
    %load/v 9, v006445A8_0, 5;
    %mov 14, 0, 1;
    %cmpi/u 9, 0, 6;
    %inv 4, 1;
    %mov 9, 4, 1;
    %and 8, 9, 1;
    %load/v 9, v006445A8_0, 5;
    %load/v 14, v005AA8E8_0, 5;
    %cmp/u 9, 14, 5;
    %mov 9, 4, 1;
    %and 8, 9, 1;
    %jmp/0xz  T_2.26, 8;
    %set/v v005AA628_0, 1, 2;
T_2.26 ;
    %load/v 8, v00644448_0, 6;
    %cmpi/u 8, 0, 6;
    %jmp/1 T_2.28, 6;
    %cmpi/u 8, 2, 6;
    %jmp/1 T_2.29, 6;
    %cmpi/u 8, 32, 6;
    %jmp/1 T_2.30, 6;
    %cmpi/u 8, 32, 6;
    %jmp/1 T_2.31, 6;
    %cmpi/u 8, 36, 6;
    %jmp/1 T_2.32, 6;
    %cmpi/u 8, 39, 6;
    %jmp/1 T_2.33, 6;
    %cmpi/u 8, 37, 6;
    %jmp/1 T_2.34, 6;
    %cmpi/u 8, 42, 6;
    %jmp/1 T_2.35, 6;
    %cmpi/u 8, 43, 6;
    %jmp/1 T_2.36, 6;
    %cmpi/u 8, 34, 6;
    %jmp/1 T_2.37, 6;
    %cmpi/u 8, 34, 6;
    %jmp/1 T_2.38, 6;
    %cmpi/u 8, 8, 6;
    %jmp/1 T_2.39, 6;
    %jmp T_2.41;
T_2.28 ;
    %set/v v006443F0_0, 1, 1;
    %movi 8, 8, 4;
    %set/v v005AA260_0, 8, 4;
    %set/v v005AA2B8_0, 1, 1;
    %jmp T_2.41;
T_2.29 ;
    %set/v v006443F0_0, 1, 1;
    %movi 8, 9, 4;
    %set/v v005AA260_0, 8, 4;
    %set/v v005AA2B8_0, 1, 1;
    %jmp T_2.41;
T_2.30 ;
    %set/v v006443F0_0, 1, 1;
    %movi 8, 2, 4;
    %set/v v005AA260_0, 8, 4;
    %jmp T_2.41;
T_2.31 ;
    %set/v v006443F0_0, 1, 1;
    %movi 8, 3, 4;
    %set/v v005AA260_0, 8, 4;
    %jmp T_2.41;
T_2.32 ;
    %set/v v006443F0_0, 1, 1;
    %set/v v005AA260_0, 0, 4;
    %jmp T_2.41;
T_2.33 ;
    %set/v v006443F0_0, 1, 1;
    %movi 8, 10, 4;
    %set/v v005AA260_0, 8, 4;
    %jmp T_2.41;
T_2.34 ;
    %set/v v006443F0_0, 1, 1;
    %movi 8, 1, 4;
    %set/v v005AA260_0, 8, 4;
    %jmp T_2.41;
T_2.35 ;
    %set/v v006443F0_0, 1, 1;
    %movi 8, 7, 4;
    %set/v v005AA260_0, 8, 4;
    %jmp T_2.41;
T_2.36 ;
    %set/v v006443F0_0, 1, 1;
    %movi 8, 5, 4;
    %set/v v005AA260_0, 8, 4;
    %jmp T_2.41;
T_2.37 ;
    %set/v v006443F0_0, 1, 1;
    %movi 8, 6, 4;
    %set/v v005AA260_0, 8, 4;
    %jmp T_2.41;
T_2.38 ;
    %set/v v006443F0_0, 1, 1;
    %movi 8, 14, 4;
    %set/v v005AA260_0, 8, 4;
    %jmp T_2.41;
T_2.39 ;
    %set/v v005AA838_0, 1, 1;
    %set/v v005AA310_0, 1, 1;
    %jmp T_2.41;
T_2.41 ;
    %load/v 8, v005AA4C8_0, 1;
    %load/v 9, v005AA418_0, 1;
    %and 8, 9, 1;
    %load/v 9, v00644550_0, 5;
    %mov 14, 0, 1;
    %cmpi/u 9, 0, 6;
    %inv 4, 1;
    %mov 9, 4, 1;
    %load/v 10, v00644550_0, 5;
    %load/v 15, v005AA578_0, 5;
    %cmp/u 10, 15, 5;
    %mov 10, 4, 1;
    %and 9, 10, 1;
    %load/v 10, v006445A8_0, 5;
    %mov 15, 0, 1;
    %cmpi/u 10, 0, 6;
    %inv 4, 1;
    %mov 10, 4, 1;
    %load/v 11, v006445A8_0, 5;
    %load/v 16, v005AA578_0, 5;
    %cmp/u 11, 16, 5;
    %mov 11, 4, 1;
    %and 10, 11, 1;
    %or 9, 10, 1;
    %and 8, 9, 1;
    %jmp/0xz  T_2.42, 8;
    %set/v v00644398_0, 1, 1;
    %set/v v006443F0_0, 0, 1;
    %set/v v005AA940_0, 0, 1;
    %set/v v00644340_0, 0, 1;
    %set/v v005AA838_0, 0, 1;
T_2.42 ;
    %jmp T_2.15;
T_2.1 ;
    %load/v 8, v00644130_0, 1;
    %load/v 9, v00644550_0, 5;
    %mov 14, 0, 1;
    %cmpi/u 9, 0, 6;
    %inv 4, 1;
    %mov 9, 4, 1;
    %and 8, 9, 1;
    %load/v 9, v00644550_0, 5;
    %load/v 14, v005AA8E8_0, 5;
    %cmp/u 9, 14, 5;
    %mov 9, 4, 1;
    %and 8, 9, 1;
    %jmp/0xz  T_2.44, 8;
    %movi 8, 2, 2;
    %set/v v005AA5D0_0, 8, 2;
T_2.44 ;
    %load/v 8, v005AA4C8_0, 1;
    %load/v 9, v00644550_0, 5;
    %mov 14, 0, 1;
    %cmpi/u 9, 0, 6;
    %inv 4, 1;
    %mov 9, 4, 1;
    %and 8, 9, 1;
    %load/v 9, v00644550_0, 5;
    %load/v 14, v005AA578_0, 5;
    %cmp/u 9, 14, 5;
    %mov 9, 4, 1;
    %and 8, 9, 1;
    %jmp/0xz  T_2.46, 8;
    %movi 8, 1, 2;
    %set/v v005AA5D0_0, 8, 2;
T_2.46 ;
    %load/v 8, v00644130_0, 1;
    %load/v 9, v005AA998_0, 1;
    %and 8, 9, 1;
    %load/v 9, v00644550_0, 5;
    %mov 14, 0, 1;
    %cmpi/u 9, 0, 6;
    %inv 4, 1;
    %mov 9, 4, 1;
    %and 8, 9, 1;
    %load/v 9, v00644550_0, 5;
    %load/v 14, v005AA8E8_0, 5;
    %cmp/u 9, 14, 5;
    %mov 9, 4, 1;
    %and 8, 9, 1;
    %jmp/0xz  T_2.48, 8;
    %set/v v005AA5D0_0, 1, 2;
T_2.48 ;
    %set/v v006443F0_0, 1, 1;
    %movi 8, 2, 4;
    %set/v v005AA260_0, 8, 4;
    %set/v v005AA2B8_0, 1, 1;
    %set/v v00644188_0, 1, 1;
    %load/v 8, v005AA4C8_0, 1;
    %load/v 9, v005AA418_0, 1;
    %and 8, 9, 1;
    %load/v 9, v00644550_0, 5;
    %mov 14, 0, 1;
    %cmpi/u 9, 0, 6;
    %inv 4, 1;
    %mov 9, 4, 1;
    %and 8, 9, 1;
    %load/v 9, v00644550_0, 5;
    %load/v 14, v005AA578_0, 5;
    %cmp/u 9, 14, 5;
    %mov 9, 4, 1;
    %and 8, 9, 1;
    %jmp/0xz  T_2.50, 8;
    %set/v v00644398_0, 1, 1;
    %set/v v006443F0_0, 0, 1;
    %set/v v005AA940_0, 0, 1;
    %set/v v00644340_0, 0, 1;
T_2.50 ;
    %jmp T_2.15;
T_2.2 ;
    %load/v 8, v00644130_0, 1;
    %load/v 9, v00644550_0, 5;
    %mov 14, 0, 1;
    %cmpi/u 9, 0, 6;
    %inv 4, 1;
    %mov 9, 4, 1;
    %and 8, 9, 1;
    %load/v 9, v00644550_0, 5;
    %load/v 14, v005AA8E8_0, 5;
    %cmp/u 9, 14, 5;
    %mov 9, 4, 1;
    %and 8, 9, 1;
    %jmp/0xz  T_2.52, 8;
    %movi 8, 2, 2;
    %set/v v005AA5D0_0, 8, 2;
T_2.52 ;
    %load/v 8, v005AA4C8_0, 1;
    %load/v 9, v00644550_0, 5;
    %mov 14, 0, 1;
    %cmpi/u 9, 0, 6;
    %inv 4, 1;
    %mov 9, 4, 1;
    %and 8, 9, 1;
    %load/v 9, v00644550_0, 5;
    %load/v 14, v005AA578_0, 5;
    %cmp/u 9, 14, 5;
    %mov 9, 4, 1;
    %and 8, 9, 1;
    %jmp/0xz  T_2.54, 8;
    %movi 8, 1, 2;
    %set/v v005AA5D0_0, 8, 2;
T_2.54 ;
    %load/v 8, v00644130_0, 1;
    %load/v 9, v005AA998_0, 1;
    %and 8, 9, 1;
    %load/v 9, v00644550_0, 5;
    %mov 14, 0, 1;
    %cmpi/u 9, 0, 6;
    %inv 4, 1;
    %mov 9, 4, 1;
    %and 8, 9, 1;
    %load/v 9, v00644550_0, 5;
    %load/v 14, v005AA8E8_0, 5;
    %cmp/u 9, 14, 5;
    %mov 9, 4, 1;
    %and 8, 9, 1;
    %jmp/0xz  T_2.56, 8;
    %set/v v005AA5D0_0, 1, 2;
T_2.56 ;
    %set/v v006443F0_0, 1, 1;
    %movi 8, 3, 4;
    %set/v v005AA260_0, 8, 4;
    %set/v v005AA2B8_0, 1, 1;
    %set/v v00644188_0, 1, 1;
    %load/v 8, v005AA4C8_0, 1;
    %load/v 9, v005AA418_0, 1;
    %and 8, 9, 1;
    %load/v 9, v00644550_0, 5;
    %mov 14, 0, 1;
    %cmpi/u 9, 0, 6;
    %inv 4, 1;
    %mov 9, 4, 1;
    %and 8, 9, 1;
    %load/v 9, v00644550_0, 5;
    %load/v 14, v005AA578_0, 5;
    %cmp/u 9, 14, 5;
    %mov 9, 4, 1;
    %and 8, 9, 1;
    %jmp/0xz  T_2.58, 8;
    %set/v v00644398_0, 1, 1;
    %set/v v006443F0_0, 0, 1;
    %set/v v005AA940_0, 0, 1;
    %set/v v00644340_0, 0, 1;
T_2.58 ;
    %jmp T_2.15;
T_2.3 ;
    %load/v 8, v00644130_0, 1;
    %load/v 9, v00644550_0, 5;
    %mov 14, 0, 1;
    %cmpi/u 9, 0, 6;
    %inv 4, 1;
    %mov 9, 4, 1;
    %and 8, 9, 1;
    %load/v 9, v00644550_0, 5;
    %load/v 14, v005AA8E8_0, 5;
    %cmp/u 9, 14, 5;
    %mov 9, 4, 1;
    %and 8, 9, 1;
    %jmp/0xz  T_2.60, 8;
    %movi 8, 2, 2;
    %set/v v005AA5D0_0, 8, 2;
T_2.60 ;
    %load/v 8, v005AA4C8_0, 1;
    %load/v 9, v00644550_0, 5;
    %mov 14, 0, 1;
    %cmpi/u 9, 0, 6;
    %inv 4, 1;
    %mov 9, 4, 1;
    %and 8, 9, 1;
    %load/v 9, v00644550_0, 5;
    %load/v 14, v005AA578_0, 5;
    %cmp/u 9, 14, 5;
    %mov 9, 4, 1;
    %and 8, 9, 1;
    %jmp/0xz  T_2.62, 8;
    %movi 8, 1, 2;
    %set/v v005AA5D0_0, 8, 2;
T_2.62 ;
    %load/v 8, v00644130_0, 1;
    %load/v 9, v005AA998_0, 1;
    %and 8, 9, 1;
    %load/v 9, v00644550_0, 5;
    %mov 14, 0, 1;
    %cmpi/u 9, 0, 6;
    %inv 4, 1;
    %mov 9, 4, 1;
    %and 8, 9, 1;
    %load/v 9, v00644550_0, 5;
    %load/v 14, v005AA8E8_0, 5;
    %cmp/u 9, 14, 5;
    %mov 9, 4, 1;
    %and 8, 9, 1;
    %jmp/0xz  T_2.64, 8;
    %set/v v005AA5D0_0, 1, 2;
T_2.64 ;
    %set/v v006443F0_0, 1, 1;
    %set/v v005AA260_0, 0, 4;
    %set/v v005AA2B8_0, 1, 1;
    %set/v v00644188_0, 1, 1;
    %set/v v006441E0_0, 1, 1;
    %load/v 8, v005AA4C8_0, 1;
    %load/v 9, v005AA418_0, 1;
    %and 8, 9, 1;
    %load/v 9, v00644550_0, 5;
    %mov 14, 0, 1;
    %cmpi/u 9, 0, 6;
    %inv 4, 1;
    %mov 9, 4, 1;
    %and 8, 9, 1;
    %load/v 9, v00644550_0, 5;
    %load/v 14, v005AA578_0, 5;
    %cmp/u 9, 14, 5;
    %mov 9, 4, 1;
    %and 8, 9, 1;
    %jmp/0xz  T_2.66, 8;
    %set/v v00644398_0, 1, 1;
    %set/v v006443F0_0, 0, 1;
    %set/v v005AA940_0, 0, 1;
    %set/v v00644340_0, 0, 1;
T_2.66 ;
    %jmp T_2.15;
T_2.4 ;
    %load/v 8, v00644130_0, 1;
    %load/v 9, v00644550_0, 5;
    %mov 14, 0, 1;
    %cmpi/u 9, 0, 6;
    %inv 4, 1;
    %mov 9, 4, 1;
    %and 8, 9, 1;
    %load/v 9, v00644550_0, 5;
    %load/v 14, v005AA8E8_0, 5;
    %cmp/u 9, 14, 5;
    %mov 9, 4, 1;
    %and 8, 9, 1;
    %jmp/0xz  T_2.68, 8;
    %movi 8, 2, 2;
    %set/v v005AA5D0_0, 8, 2;
T_2.68 ;
    %load/v 8, v005AA4C8_0, 1;
    %load/v 9, v00644550_0, 5;
    %mov 14, 0, 1;
    %cmpi/u 9, 0, 6;
    %inv 4, 1;
    %mov 9, 4, 1;
    %and 8, 9, 1;
    %load/v 9, v00644550_0, 5;
    %load/v 14, v005AA578_0, 5;
    %cmp/u 9, 14, 5;
    %mov 9, 4, 1;
    %and 8, 9, 1;
    %jmp/0xz  T_2.70, 8;
    %movi 8, 1, 2;
    %set/v v005AA5D0_0, 8, 2;
T_2.70 ;
    %load/v 8, v00644130_0, 1;
    %load/v 9, v005AA998_0, 1;
    %and 8, 9, 1;
    %load/v 9, v00644550_0, 5;
    %mov 14, 0, 1;
    %cmpi/u 9, 0, 6;
    %inv 4, 1;
    %mov 9, 4, 1;
    %and 8, 9, 1;
    %load/v 9, v00644550_0, 5;
    %load/v 14, v005AA8E8_0, 5;
    %cmp/u 9, 14, 5;
    %mov 9, 4, 1;
    %and 8, 9, 1;
    %jmp/0xz  T_2.72, 8;
    %set/v v005AA5D0_0, 1, 2;
T_2.72 ;
    %load/v 8, v00644130_0, 1;
    %load/v 9, v006445A8_0, 5;
    %mov 14, 0, 1;
    %cmpi/u 9, 0, 6;
    %inv 4, 1;
    %mov 9, 4, 1;
    %and 8, 9, 1;
    %load/v 9, v006445A8_0, 5;
    %load/v 14, v005AA8E8_0, 5;
    %cmp/u 9, 14, 5;
    %mov 9, 4, 1;
    %and 8, 9, 1;
    %jmp/0xz  T_2.74, 8;
    %movi 8, 2, 2;
    %set/v v005AA628_0, 8, 2;
T_2.74 ;
    %load/v 8, v005AA4C8_0, 1;
    %load/v 9, v006445A8_0, 5;
    %mov 14, 0, 1;
    %cmpi/u 9, 0, 6;
    %inv 4, 1;
    %mov 9, 4, 1;
    %and 8, 9, 1;
    %load/v 9, v006445A8_0, 5;
    %load/v 14, v005AA578_0, 5;
    %cmp/u 9, 14, 5;
    %mov 9, 4, 1;
    %and 8, 9, 1;
    %jmp/0xz  T_2.76, 8;
    %movi 8, 1, 2;
    %set/v v005AA628_0, 8, 2;
T_2.76 ;
    %load/v 8, v00644130_0, 1;
    %load/v 9, v005AA998_0, 1;
    %and 8, 9, 1;
    %load/v 9, v006445A8_0, 5;
    %mov 14, 0, 1;
    %cmpi/u 9, 0, 6;
    %inv 4, 1;
    %mov 9, 4, 1;
    %and 8, 9, 1;
    %load/v 9, v006445A8_0, 5;
    %load/v 14, v005AA8E8_0, 5;
    %cmp/u 9, 14, 5;
    %mov 9, 4, 1;
    %and 8, 9, 1;
    %jmp/0xz  T_2.78, 8;
    %set/v v005AA628_0, 1, 2;
T_2.78 ;
    %load/v 8, v005AA680_0, 1;
    %load/v 9, v005AA368_0, 1;
    %inv 9, 1;
    %and 8, 9, 1;
    %jmp/0xz  T_2.80, 8;
    %set/v v005AA310_0, 1, 1;
    %set/v v005AA890_0, 0, 1;
    %set/v v005AA3C0_0, 1, 1;
    %set/v v005AA368_0, 1, 1;
T_2.80 ;
    %load/v 8, v005AA680_0, 1;
    %inv 8, 1;
    %load/v 9, v005AA368_0, 1;
    %and 8, 9, 1;
    %jmp/0xz  T_2.82, 8;
    %set/v v005AA310_0, 1, 1;
    %set/v v005AA890_0, 0, 1;
    %set/v v005AA3C0_0, 0, 1;
    %set/v v005AA368_0, 0, 1;
T_2.82 ;
    %load/v 8, v005AA4C8_0, 1;
    %load/v 9, v005AA418_0, 1;
    %and 8, 9, 1;
    %load/v 9, v00644550_0, 5;
    %mov 14, 0, 1;
    %cmpi/u 9, 0, 6;
    %inv 4, 1;
    %mov 9, 4, 1;
    %load/v 10, v00644550_0, 5;
    %load/v 15, v005AA578_0, 5;
    %cmp/u 10, 15, 5;
    %mov 10, 4, 1;
    %and 9, 10, 1;
    %load/v 10, v006445A8_0, 5;
    %mov 15, 0, 1;
    %cmpi/u 10, 0, 6;
    %inv 4, 1;
    %mov 10, 4, 1;
    %load/v 11, v006445A8_0, 5;
    %load/v 16, v005AA578_0, 5;
    %cmp/u 11, 16, 5;
    %mov 11, 4, 1;
    %and 10, 11, 1;
    %or 9, 10, 1;
    %and 8, 9, 1;
    %jmp/0xz  T_2.84, 8;
    %set/v v00644398_0, 1, 1;
    %set/v v006443F0_0, 0, 1;
    %set/v v005AA940_0, 0, 1;
    %set/v v00644340_0, 0, 1;
T_2.84 ;
    %jmp T_2.15;
T_2.5 ;
    %load/v 8, v00644130_0, 1;
    %load/v 9, v00644550_0, 5;
    %mov 14, 0, 1;
    %cmpi/u 9, 0, 6;
    %inv 4, 1;
    %mov 9, 4, 1;
    %and 8, 9, 1;
    %load/v 9, v00644550_0, 5;
    %load/v 14, v005AA8E8_0, 5;
    %cmp/u 9, 14, 5;
    %mov 9, 4, 1;
    %and 8, 9, 1;
    %jmp/0xz  T_2.86, 8;
    %movi 8, 2, 2;
    %set/v v005AA5D0_0, 8, 2;
T_2.86 ;
    %load/v 8, v005AA4C8_0, 1;
    %load/v 9, v00644550_0, 5;
    %mov 14, 0, 1;
    %cmpi/u 9, 0, 6;
    %inv 4, 1;
    %mov 9, 4, 1;
    %and 8, 9, 1;
    %load/v 9, v00644550_0, 5;
    %load/v 14, v005AA578_0, 5;
    %cmp/u 9, 14, 5;
    %mov 9, 4, 1;
    %and 8, 9, 1;
    %jmp/0xz  T_2.88, 8;
    %movi 8, 1, 2;
    %set/v v005AA5D0_0, 8, 2;
T_2.88 ;
    %load/v 8, v00644130_0, 1;
    %load/v 9, v005AA998_0, 1;
    %and 8, 9, 1;
    %load/v 9, v00644550_0, 5;
    %mov 14, 0, 1;
    %cmpi/u 9, 0, 6;
    %inv 4, 1;
    %mov 9, 4, 1;
    %and 8, 9, 1;
    %load/v 9, v00644550_0, 5;
    %load/v 14, v005AA8E8_0, 5;
    %cmp/u 9, 14, 5;
    %mov 9, 4, 1;
    %and 8, 9, 1;
    %jmp/0xz  T_2.90, 8;
    %set/v v005AA5D0_0, 1, 2;
T_2.90 ;
    %load/v 8, v00644130_0, 1;
    %load/v 9, v006445A8_0, 5;
    %mov 14, 0, 1;
    %cmpi/u 9, 0, 6;
    %inv 4, 1;
    %mov 9, 4, 1;
    %and 8, 9, 1;
    %load/v 9, v006445A8_0, 5;
    %load/v 14, v005AA8E8_0, 5;
    %cmp/u 9, 14, 5;
    %mov 9, 4, 1;
    %and 8, 9, 1;
    %jmp/0xz  T_2.92, 8;
    %movi 8, 2, 2;
    %set/v v005AA628_0, 8, 2;
T_2.92 ;
    %load/v 8, v005AA4C8_0, 1;
    %load/v 9, v006445A8_0, 5;
    %mov 14, 0, 1;
    %cmpi/u 9, 0, 6;
    %inv 4, 1;
    %mov 9, 4, 1;
    %and 8, 9, 1;
    %load/v 9, v006445A8_0, 5;
    %load/v 14, v005AA578_0, 5;
    %cmp/u 9, 14, 5;
    %mov 9, 4, 1;
    %and 8, 9, 1;
    %jmp/0xz  T_2.94, 8;
    %movi 8, 1, 2;
    %set/v v005AA628_0, 8, 2;
T_2.94 ;
    %load/v 8, v00644130_0, 1;
    %load/v 9, v005AA998_0, 1;
    %and 8, 9, 1;
    %load/v 9, v006445A8_0, 5;
    %mov 14, 0, 1;
    %cmpi/u 9, 0, 6;
    %inv 4, 1;
    %mov 9, 4, 1;
    %and 8, 9, 1;
    %load/v 9, v006445A8_0, 5;
    %load/v 14, v005AA8E8_0, 5;
    %cmp/u 9, 14, 5;
    %mov 9, 4, 1;
    %and 8, 9, 1;
    %jmp/0xz  T_2.96, 8;
    %set/v v005AA628_0, 1, 2;
T_2.96 ;
    %load/v 8, v005AA680_0, 1;
    %inv 8, 1;
    %load/v 9, v005AA368_0, 1;
    %inv 9, 1;
    %and 8, 9, 1;
    %jmp/0xz  T_2.98, 8;
    %set/v v005AA310_0, 1, 1;
    %set/v v005AA890_0, 0, 1;
    %set/v v005AA3C0_0, 1, 1;
    %set/v v005AA368_0, 1, 1;
T_2.98 ;
    %load/v 8, v005AA680_0, 1;
    %load/v 9, v005AA368_0, 1;
    %and 8, 9, 1;
    %jmp/0xz  T_2.100, 8;
    %set/v v005AA310_0, 1, 1;
    %set/v v005AA890_0, 0, 1;
    %set/v v005AA3C0_0, 0, 1;
    %set/v v005AA368_0, 0, 1;
T_2.100 ;
    %load/v 8, v005AA4C8_0, 1;
    %load/v 9, v005AA418_0, 1;
    %and 8, 9, 1;
    %load/v 9, v00644550_0, 5;
    %mov 14, 0, 1;
    %cmpi/u 9, 0, 6;
    %inv 4, 1;
    %mov 9, 4, 1;
    %load/v 10, v00644550_0, 5;
    %load/v 15, v005AA578_0, 5;
    %cmp/u 10, 15, 5;
    %mov 10, 4, 1;
    %and 9, 10, 1;
    %load/v 10, v006445A8_0, 5;
    %mov 15, 0, 1;
    %cmpi/u 10, 0, 6;
    %inv 4, 1;
    %mov 10, 4, 1;
    %load/v 11, v006445A8_0, 5;
    %load/v 16, v005AA578_0, 5;
    %cmp/u 11, 16, 5;
    %mov 11, 4, 1;
    %and 10, 11, 1;
    %or 9, 10, 1;
    %and 8, 9, 1;
    %jmp/0xz  T_2.102, 8;
    %set/v v00644398_0, 1, 1;
    %set/v v006443F0_0, 0, 1;
    %set/v v005AA940_0, 0, 1;
    %set/v v00644340_0, 0, 1;
T_2.102 ;
    %jmp T_2.15;
T_2.6 ;
    %set/v v005AA890_0, 1, 1;
    %set/v v005AA310_0, 1, 1;
    %jmp T_2.15;
T_2.7 ;
    %set/v v005AA890_0, 1, 1;
    %set/v v005AA310_0, 1, 1;
    %set/v v005AA7E0_0, 1, 1;
    %movi 8, 4, 4;
    %set/v v005AA260_0, 8, 4;
    %set/v v006443F0_0, 1, 1;
    %jmp T_2.15;
T_2.8 ;
    %load/v 8, v00644130_0, 1;
    %load/v 9, v00644550_0, 5;
    %mov 14, 0, 1;
    %cmpi/u 9, 0, 6;
    %inv 4, 1;
    %mov 9, 4, 1;
    %and 8, 9, 1;
    %load/v 9, v00644550_0, 5;
    %load/v 14, v005AA8E8_0, 5;
    %cmp/u 9, 14, 5;
    %mov 9, 4, 1;
    %and 8, 9, 1;
    %jmp/0xz  T_2.104, 8;
    %movi 8, 2, 2;
    %set/v v005AA5D0_0, 8, 2;
T_2.104 ;
    %load/v 8, v005AA4C8_0, 1;
    %load/v 9, v00644550_0, 5;
    %mov 14, 0, 1;
    %cmpi/u 9, 0, 6;
    %inv 4, 1;
    %mov 9, 4, 1;
    %and 8, 9, 1;
    %load/v 9, v00644550_0, 5;
    %load/v 14, v005AA578_0, 5;
    %cmp/u 9, 14, 5;
    %mov 9, 4, 1;
    %and 8, 9, 1;
    %jmp/0xz  T_2.106, 8;
    %movi 8, 1, 2;
    %set/v v005AA5D0_0, 8, 2;
T_2.106 ;
    %load/v 8, v00644130_0, 1;
    %load/v 9, v005AA998_0, 1;
    %and 8, 9, 1;
    %load/v 9, v00644550_0, 5;
    %mov 14, 0, 1;
    %cmpi/u 9, 0, 6;
    %inv 4, 1;
    %mov 9, 4, 1;
    %and 8, 9, 1;
    %load/v 9, v00644550_0, 5;
    %load/v 14, v005AA8E8_0, 5;
    %cmp/u 9, 14, 5;
    %mov 9, 4, 1;
    %and 8, 9, 1;
    %jmp/0xz  T_2.108, 8;
    %set/v v005AA5D0_0, 1, 2;
T_2.108 ;
    %set/v v006443F0_0, 1, 1;
    %set/v v005AA940_0, 1, 1;
    %movi 8, 2, 4;
    %set/v v005AA260_0, 8, 4;
    %set/v v005AA2B8_0, 1, 1;
    %set/v v00644188_0, 1, 1;
    %set/v v006441E0_0, 0, 1;
    %load/v 8, v005AA4C8_0, 1;
    %load/v 9, v005AA418_0, 1;
    %and 8, 9, 1;
    %load/v 9, v00644550_0, 5;
    %mov 14, 0, 1;
    %cmpi/u 9, 0, 6;
    %inv 4, 1;
    %mov 9, 4, 1;
    %and 8, 9, 1;
    %load/v 9, v00644550_0, 5;
    %load/v 14, v005AA578_0, 5;
    %cmp/u 9, 14, 5;
    %mov 9, 4, 1;
    %and 8, 9, 1;
    %jmp/0xz  T_2.110, 8;
    %set/v v00644398_0, 1, 1;
    %set/v v006443F0_0, 0, 1;
    %set/v v005AA940_0, 0, 1;
    %set/v v00644340_0, 0, 1;
T_2.110 ;
    %jmp T_2.15;
T_2.9 ;
    %load/v 8, v00644130_0, 1;
    %load/v 9, v00644550_0, 5;
    %mov 14, 0, 1;
    %cmpi/u 9, 0, 6;
    %inv 4, 1;
    %mov 9, 4, 1;
    %and 8, 9, 1;
    %load/v 9, v00644550_0, 5;
    %load/v 14, v005AA8E8_0, 5;
    %cmp/u 9, 14, 5;
    %mov 9, 4, 1;
    %and 8, 9, 1;
    %jmp/0xz  T_2.112, 8;
    %movi 8, 2, 2;
    %set/v v005AA5D0_0, 8, 2;
T_2.112 ;
    %load/v 8, v005AA4C8_0, 1;
    %load/v 9, v00644550_0, 5;
    %mov 14, 0, 1;
    %cmpi/u 9, 0, 6;
    %inv 4, 1;
    %mov 9, 4, 1;
    %and 8, 9, 1;
    %load/v 9, v00644550_0, 5;
    %load/v 14, v005AA578_0, 5;
    %cmp/u 9, 14, 5;
    %mov 9, 4, 1;
    %and 8, 9, 1;
    %jmp/0xz  T_2.114, 8;
    %movi 8, 1, 2;
    %set/v v005AA5D0_0, 8, 2;
T_2.114 ;
    %load/v 8, v00644130_0, 1;
    %load/v 9, v005AA998_0, 1;
    %and 8, 9, 1;
    %load/v 9, v00644550_0, 5;
    %mov 14, 0, 1;
    %cmpi/u 9, 0, 6;
    %inv 4, 1;
    %mov 9, 4, 1;
    %and 8, 9, 1;
    %load/v 9, v00644550_0, 5;
    %load/v 14, v005AA8E8_0, 5;
    %cmp/u 9, 14, 5;
    %mov 9, 4, 1;
    %and 8, 9, 1;
    %jmp/0xz  T_2.116, 8;
    %set/v v005AA5D0_0, 1, 2;
T_2.116 ;
    %set/v v006443F0_0, 1, 1;
    %movi 8, 1, 4;
    %set/v v005AA260_0, 8, 4;
    %set/v v005AA2B8_0, 1, 1;
    %set/v v00644188_0, 1, 1;
    %set/v v006441E0_0, 1, 1;
    %load/v 8, v005AA4C8_0, 1;
    %load/v 9, v005AA418_0, 1;
    %and 8, 9, 1;
    %load/v 9, v00644550_0, 5;
    %mov 14, 0, 1;
    %cmpi/u 9, 0, 6;
    %inv 4, 1;
    %mov 9, 4, 1;
    %and 8, 9, 1;
    %load/v 9, v00644550_0, 5;
    %load/v 14, v005AA578_0, 5;
    %cmp/u 9, 14, 5;
    %mov 9, 4, 1;
    %and 8, 9, 1;
    %jmp/0xz  T_2.118, 8;
    %set/v v00644398_0, 1, 1;
    %set/v v006443F0_0, 0, 1;
    %set/v v005AA940_0, 0, 1;
    %set/v v00644340_0, 0, 1;
T_2.118 ;
    %jmp T_2.15;
T_2.10 ;
    %load/v 8, v00644130_0, 1;
    %load/v 9, v00644550_0, 5;
    %mov 14, 0, 1;
    %cmpi/u 9, 0, 6;
    %inv 4, 1;
    %mov 9, 4, 1;
    %and 8, 9, 1;
    %load/v 9, v00644550_0, 5;
    %load/v 14, v005AA8E8_0, 5;
    %cmp/u 9, 14, 5;
    %mov 9, 4, 1;
    %and 8, 9, 1;
    %jmp/0xz  T_2.120, 8;
    %movi 8, 2, 2;
    %set/v v005AA5D0_0, 8, 2;
T_2.120 ;
    %load/v 8, v005AA4C8_0, 1;
    %load/v 9, v00644550_0, 5;
    %mov 14, 0, 1;
    %cmpi/u 9, 0, 6;
    %inv 4, 1;
    %mov 9, 4, 1;
    %and 8, 9, 1;
    %load/v 9, v00644550_0, 5;
    %load/v 14, v005AA578_0, 5;
    %cmp/u 9, 14, 5;
    %mov 9, 4, 1;
    %and 8, 9, 1;
    %jmp/0xz  T_2.122, 8;
    %movi 8, 1, 2;
    %set/v v005AA5D0_0, 8, 2;
T_2.122 ;
    %load/v 8, v00644130_0, 1;
    %load/v 9, v005AA998_0, 1;
    %and 8, 9, 1;
    %load/v 9, v00644550_0, 5;
    %mov 14, 0, 1;
    %cmpi/u 9, 0, 6;
    %inv 4, 1;
    %mov 9, 4, 1;
    %and 8, 9, 1;
    %load/v 9, v00644550_0, 5;
    %load/v 14, v005AA8E8_0, 5;
    %cmp/u 9, 14, 5;
    %mov 9, 4, 1;
    %and 8, 9, 1;
    %jmp/0xz  T_2.124, 8;
    %set/v v005AA5D0_0, 1, 2;
T_2.124 ;
    %set/v v006443F0_0, 1, 1;
    %movi 8, 7, 4;
    %set/v v005AA260_0, 8, 4;
    %set/v v005AA2B8_0, 1, 1;
    %set/v v00644188_0, 1, 1;
    %set/v v006441E0_0, 0, 1;
    %load/v 8, v005AA4C8_0, 1;
    %load/v 9, v005AA418_0, 1;
    %and 8, 9, 1;
    %load/v 9, v00644550_0, 5;
    %mov 14, 0, 1;
    %cmpi/u 9, 0, 6;
    %inv 4, 1;
    %mov 9, 4, 1;
    %and 8, 9, 1;
    %load/v 9, v00644550_0, 5;
    %load/v 14, v005AA578_0, 5;
    %cmp/u 9, 14, 5;
    %mov 9, 4, 1;
    %and 8, 9, 1;
    %jmp/0xz  T_2.126, 8;
    %set/v v00644398_0, 1, 1;
    %set/v v006443F0_0, 0, 1;
    %set/v v005AA940_0, 0, 1;
    %set/v v00644340_0, 0, 1;
T_2.126 ;
    %jmp T_2.15;
T_2.11 ;
    %load/v 8, v00644130_0, 1;
    %load/v 9, v00644550_0, 5;
    %mov 14, 0, 1;
    %cmpi/u 9, 0, 6;
    %inv 4, 1;
    %mov 9, 4, 1;
    %and 8, 9, 1;
    %load/v 9, v00644550_0, 5;
    %load/v 14, v005AA8E8_0, 5;
    %cmp/u 9, 14, 5;
    %mov 9, 4, 1;
    %and 8, 9, 1;
    %jmp/0xz  T_2.128, 8;
    %movi 8, 2, 2;
    %set/v v005AA5D0_0, 8, 2;
T_2.128 ;
    %load/v 8, v005AA4C8_0, 1;
    %load/v 9, v00644550_0, 5;
    %mov 14, 0, 1;
    %cmpi/u 9, 0, 6;
    %inv 4, 1;
    %mov 9, 4, 1;
    %and 8, 9, 1;
    %load/v 9, v00644550_0, 5;
    %load/v 14, v005AA578_0, 5;
    %cmp/u 9, 14, 5;
    %mov 9, 4, 1;
    %and 8, 9, 1;
    %jmp/0xz  T_2.130, 8;
    %movi 8, 1, 2;
    %set/v v005AA5D0_0, 8, 2;
T_2.130 ;
    %load/v 8, v00644130_0, 1;
    %load/v 9, v005AA998_0, 1;
    %and 8, 9, 1;
    %load/v 9, v00644550_0, 5;
    %mov 14, 0, 1;
    %cmpi/u 9, 0, 6;
    %inv 4, 1;
    %mov 9, 4, 1;
    %and 8, 9, 1;
    %load/v 9, v00644550_0, 5;
    %load/v 14, v005AA8E8_0, 5;
    %cmp/u 9, 14, 5;
    %mov 9, 4, 1;
    %and 8, 9, 1;
    %jmp/0xz  T_2.132, 8;
    %set/v v005AA5D0_0, 1, 2;
T_2.132 ;
    %set/v v006443F0_0, 1, 1;
    %movi 8, 5, 4;
    %set/v v005AA260_0, 8, 4;
    %set/v v005AA2B8_0, 1, 1;
    %set/v v00644188_0, 1, 1;
    %set/v v006441E0_0, 0, 1;
    %load/v 8, v005AA4C8_0, 1;
    %load/v 9, v005AA418_0, 1;
    %and 8, 9, 1;
    %load/v 9, v00644550_0, 5;
    %mov 14, 0, 1;
    %cmpi/u 9, 0, 6;
    %inv 4, 1;
    %mov 9, 4, 1;
    %and 8, 9, 1;
    %load/v 9, v00644550_0, 5;
    %load/v 14, v005AA578_0, 5;
    %cmp/u 9, 14, 5;
    %mov 9, 4, 1;
    %and 8, 9, 1;
    %jmp/0xz  T_2.134, 8;
    %set/v v00644398_0, 1, 1;
    %set/v v006443F0_0, 0, 1;
    %set/v v005AA940_0, 0, 1;
    %set/v v00644340_0, 0, 1;
T_2.134 ;
    %jmp T_2.15;
T_2.12 ;
    %load/v 8, v00644130_0, 1;
    %load/v 9, v00644550_0, 5;
    %mov 14, 0, 1;
    %cmpi/u 9, 0, 6;
    %inv 4, 1;
    %mov 9, 4, 1;
    %and 8, 9, 1;
    %load/v 9, v00644550_0, 5;
    %load/v 14, v005AA8E8_0, 5;
    %cmp/u 9, 14, 5;
    %mov 9, 4, 1;
    %and 8, 9, 1;
    %jmp/0xz  T_2.136, 8;
    %movi 8, 2, 2;
    %set/v v005AA5D0_0, 8, 2;
T_2.136 ;
    %load/v 8, v005AA4C8_0, 1;
    %load/v 9, v00644550_0, 5;
    %mov 14, 0, 1;
    %cmpi/u 9, 0, 6;
    %inv 4, 1;
    %mov 9, 4, 1;
    %and 8, 9, 1;
    %load/v 9, v00644550_0, 5;
    %load/v 14, v005AA578_0, 5;
    %cmp/u 9, 14, 5;
    %mov 9, 4, 1;
    %and 8, 9, 1;
    %jmp/0xz  T_2.138, 8;
    %movi 8, 1, 2;
    %set/v v005AA5D0_0, 8, 2;
T_2.138 ;
    %load/v 8, v00644130_0, 1;
    %load/v 9, v005AA998_0, 1;
    %and 8, 9, 1;
    %load/v 9, v00644550_0, 5;
    %mov 14, 0, 1;
    %cmpi/u 9, 0, 6;
    %inv 4, 1;
    %mov 9, 4, 1;
    %and 8, 9, 1;
    %load/v 9, v00644550_0, 5;
    %load/v 14, v005AA8E8_0, 5;
    %cmp/u 9, 14, 5;
    %mov 9, 4, 1;
    %and 8, 9, 1;
    %jmp/0xz  T_2.140, 8;
    %set/v v005AA5D0_0, 1, 2;
T_2.140 ;
    %load/v 8, v00644130_0, 1;
    %load/v 9, v006445A8_0, 5;
    %mov 14, 0, 1;
    %cmpi/u 9, 0, 6;
    %inv 4, 1;
    %mov 9, 4, 1;
    %and 8, 9, 1;
    %load/v 9, v006445A8_0, 5;
    %load/v 14, v005AA8E8_0, 5;
    %cmp/u 9, 14, 5;
    %mov 9, 4, 1;
    %and 8, 9, 1;
    %jmp/0xz  T_2.142, 8;
    %movi 8, 2, 2;
    %set/v v005AA628_0, 8, 2;
T_2.142 ;
    %load/v 8, v005AA4C8_0, 1;
    %load/v 9, v006445A8_0, 5;
    %mov 14, 0, 1;
    %cmpi/u 9, 0, 6;
    %inv 4, 1;
    %mov 9, 4, 1;
    %and 8, 9, 1;
    %load/v 9, v006445A8_0, 5;
    %load/v 14, v005AA578_0, 5;
    %cmp/u 9, 14, 5;
    %mov 9, 4, 1;
    %and 8, 9, 1;
    %jmp/0xz  T_2.144, 8;
    %movi 8, 1, 2;
    %set/v v005AA628_0, 8, 2;
T_2.144 ;
    %load/v 8, v00644130_0, 1;
    %load/v 9, v005AA998_0, 1;
    %and 8, 9, 1;
    %load/v 9, v006445A8_0, 5;
    %mov 14, 0, 1;
    %cmpi/u 9, 0, 6;
    %inv 4, 1;
    %mov 9, 4, 1;
    %and 8, 9, 1;
    %load/v 9, v006445A8_0, 5;
    %load/v 14, v005AA8E8_0, 5;
    %cmp/u 9, 14, 5;
    %mov 9, 4, 1;
    %and 8, 9, 1;
    %jmp/0xz  T_2.146, 8;
    %set/v v005AA628_0, 1, 2;
T_2.146 ;
    %set/v v006443F0_0, 0, 1;
    %set/v v00644340_0, 1, 1;
    %movi 8, 2, 4;
    %set/v v005AA260_0, 8, 4;
    %set/v v005AA2B8_0, 1, 1;
    %load/v 8, v005AA4C8_0, 1;
    %load/v 9, v005AA418_0, 1;
    %and 8, 9, 1;
    %load/v 9, v00644550_0, 5;
    %mov 14, 0, 1;
    %cmpi/u 9, 0, 6;
    %inv 4, 1;
    %mov 9, 4, 1;
    %load/v 10, v00644550_0, 5;
    %load/v 15, v005AA578_0, 5;
    %cmp/u 10, 15, 5;
    %mov 10, 4, 1;
    %and 9, 10, 1;
    %load/v 10, v006445A8_0, 5;
    %mov 15, 0, 1;
    %cmpi/u 10, 0, 6;
    %inv 4, 1;
    %mov 10, 4, 1;
    %load/v 11, v006445A8_0, 5;
    %load/v 16, v005AA578_0, 5;
    %cmp/u 11, 16, 5;
    %mov 11, 4, 1;
    %and 10, 11, 1;
    %or 9, 10, 1;
    %and 8, 9, 1;
    %jmp/0xz  T_2.148, 8;
    %set/v v00644398_0, 1, 1;
    %set/v v006443F0_0, 0, 1;
    %set/v v005AA940_0, 0, 1;
    %set/v v00644340_0, 0, 1;
T_2.148 ;
    %jmp T_2.15;
T_2.13 ;
    %set/v v006443F0_0, 1, 1;
    %set/v v005AA260_0, 1, 4;
    %set/v v005AA2B8_0, 1, 1;
    %set/v v00644188_0, 1, 1;
    %set/v v006441E0_0, 0, 1;
    %jmp T_2.15;
T_2.15 ;
    %load/v 8, v005AA470_0, 1;
    %load/v 9, v005AA730_0, 32;
    %load/v 41, v005AA520_0, 32;
    %cmp/u 9, 41, 32;
    %mov 9, 4, 1;
    %and 8, 9, 1;
    %jmp/0xz  T_2.150, 8;
    %set/v v00644290_0, 1, 1;
    %set/v v00644398_0, 1, 1;
    %set/v v006443F0_0, 0, 1;
    %set/v v005AA940_0, 0, 1;
    %set/v v00644340_0, 0, 1;
T_2.150 ;
    %load/v 8, v005AA470_0, 1;
    %load/v 9, v005AA788_0, 32;
    %load/v 41, v005AA520_0, 32;
    %cmp/u 9, 41, 32;
    %mov 9, 4, 1;
    %and 8, 9, 1;
    %jmp/0xz  T_2.152, 8;
    %set/v v006442E8_0, 1, 1;
T_2.152 ;
    %jmp T_2;
    .thread T_2, $push;
    .scope S_005A2A88;
T_3 ;
    %set/v v00649300_0, 0, 32;
T_3.0 ;
    %load/v 8, v00649300_0, 32;
    %movi 40, 1048576, 32;
    %cmp/u 8, 40, 32;
    %jmp/0xz T_3.1, 5;
    %ix/getv 3, v00649300_0;
   %jmp/1 t_0, 4;
   %ix/load 1, 0, 0;
   %set/av v00645ED0, 0, 8;
t_0 ;
    %ix/load 0, 1, 0;
    %load/vp0 8, v00649300_0, 32;
    %set/v v00649300_0, 8, 32;
    %jmp T_3.0;
T_3.1 ;
    %set/v v00649300_0, 0, 32;
T_3.2 ;
    %load/v 8, v00649300_0, 32;
   %cmpi/u 8, 32, 32;
    %jmp/0xz T_3.3, 5;
    %ix/getv 3, v00649300_0;
   %jmp/1 t_1, 4;
   %ix/load 1, 0, 0;
   %set/av v00646088, 0, 32;
t_1 ;
    %ix/load 0, 1, 0;
    %load/vp0 8, v00649300_0, 32;
    %set/v v00649300_0, 8, 32;
    %jmp T_3.2;
T_3.3 ;
    %set/v v006492A8_0, 0, 1;
    %set/v v00645C68_0, 0, 1;
    %set/v v00645F28_0, 0, 32;
    %set/v v006456E8_0, 0, 32;
    %set/v v00644AD0_0, 0, 1;
    %set/v v006449C8_0, 0, 1;
    %set/v v00644A78_0, 0, 1;
    %set/v v00645E78_0, 0, 1;
    %set/v v00645DC8_0, 0, 1;
    %set/v v00645E20_0, 0, 1;
    %set/v v006464A8_0, 0, 1;
    %set/v v00646348_0, 0, 1;
    %vpi_call 2 55 "$readmemb", "example.mif", v00645ED0;
    %set/v v006491A0_0, 0, 32;
    %set/v v00649250_0, 0, 32;
    %vpi_call 2 58 "$display", "# cache begin";
    %set/v v00649300_0, 0, 32;
T_3.4 ;
    %load/v 8, v00649300_0, 32;
   %cmpi/u 8, 16384, 32;
    %jmp/0xz T_3.5, 5;
    %ix/getv 3, v00649300_0;
    %load/av 8, v00645ED0, 8;
    %ix/getv 3, v00649300_0;
   %jmp/1 t_2, 4;
   %ix/load 1, 0, 0;
   %set/av v006491F8, 8, 8;
t_2 ;
    %ix/load 0, 1, 0;
    %load/vp0 8, v00649300_0, 32;
    %set/v v00649300_0, 8, 32;
    %jmp T_3.4;
T_3.5 ;
    %set/v v00649300_0, 0, 32;
T_3.6 ;
    %load/v 8, v00649300_0, 32;
   %cmpi/u 8, 1024, 32;
    %jmp/0xz T_3.7, 5;
    %ix/getv 3, v00649300_0;
    %load/av 8, v00645ED0, 8;
    %ix/getv 3, v00649300_0;
   %jmp/1 t_3, 4;
   %ix/load 1, 0, 0;
   %set/av v00649148, 8, 8;
t_3 ;
    %ix/load 0, 1, 0;
    %load/vp0 8, v00649300_0, 32;
    %set/v v00649300_0, 8, 32;
    %jmp T_3.6;
T_3.7 ;
    %ix/load 3, 3, 0;
    %mov 4, 0, 1;
    %load/av 8, v00649148, 8;
    %ix/load 3, 2, 0;
    %mov 4, 0, 1;
    %load/av 16, v00649148, 8;
    %ix/load 3, 1, 0;
    %mov 4, 0, 1;
    %load/av 24, v00649148, 8;
    %ix/load 3, 0, 0;
    %mov 4, 0, 1;
    %load/av 32, v00649148, 8;
    %set/v v00645848_0, 8, 32;
    %end;
    .thread T_3;
    .scope S_005A2A88;
T_4 ;
    %delay 2, 0;
    %load/v 8, v00645C68_0, 1;
    %mov 9, 0, 1;
    %cmpi/u 8, 0, 2;
    %mov 8, 4, 1;
    %load/v 9, v006492A8_0, 1;
    %mov 10, 0, 2;
    %cmpi/u 9, 1, 3;
    %or 8, 4, 1;
    %jmp/0xz  T_4.0, 8;
    %load/v 8, v006492A8_0, 1;
    %inv 8, 1;
    %set/v v006492A8_0, 8, 1;
T_4.0 ;
    %jmp T_4;
    .thread T_4;
    .scope S_005A2A88;
T_5 ;
    %wait E_005A0CB0;
    %movi 8, 10000, 32;
    %load/v 40, v00645F28_0, 32;
    %cmp/u 8, 40, 32;
    %jmp/0xz  T_5.0, 5;
    %delay 100, 0;
    %set/v v00649300_0, 0, 32;
T_5.2 ;
    %load/v 8, v00649300_0, 32;
   %cmpi/u 8, 1024, 32;
    %jmp/0xz T_5.3, 5;
    %ix/getv 3, v00649300_0;
    %load/av 8, v00649148, 8;
    %load/v 16, v00649300_0, 10; Select 10 out of 32 bits
    %load/v 26, v006491A0_0, 10; Select 10 out of 32 bits
    %movi 36, 16384, 20;
    %mod 16, 36, 20;
    %ix/get 3, 16, 20;
   %jmp/1 t_4, 4;
   %ix/load 1, 0, 0;
   %set/av v006491F8, 8, 8;
t_4 ;
    %ix/load 0, 1, 0;
    %load/vp0 8, v00649300_0, 32;
    %set/v v00649300_0, 8, 32;
    %jmp T_5.2;
T_5.3 ;
    %set/v v00649300_0, 0, 32;
T_5.4 ;
    %load/v 8, v00649300_0, 32;
   %cmpi/u 8, 16384, 32;
    %jmp/0xz T_5.5, 5;
    %ix/getv 3, v00649300_0;
    %load/av 8, v006491F8, 8;
    %load/v 16, v00649300_0, 14; Select 14 out of 32 bits
    %load/v 30, v00649250_0, 6; Select 6 out of 32 bits
    %ix/get 3, 16, 20;
   %jmp/1 t_5, 4;
   %ix/load 1, 0, 0;
   %set/av v00645ED0, 8, 8;
t_5 ;
    %ix/load 0, 1, 0;
    %load/vp0 8, v00649300_0, 32;
    %set/v v00649300_0, 8, 32;
    %jmp T_5.4;
T_5.5 ;
    %set/v v00649300_0, 0, 32;
T_5.6 ;
    %load/v 8, v00649300_0, 32;
   %cmpi/u 8, 32, 32;
    %jmp/0xz T_5.7, 5;
    %vpi_call 2 120 "$display", "%d in REG[%d]", &A<v00646088, v00649300_0 >, v00649300_0;
    %ix/load 0, 1, 0;
    %load/vp0 8, v00649300_0, 32;
    %set/v v00649300_0, 8, 32;
    %jmp T_5.6;
T_5.7 ;
    %movi 8, 524288, 32;
    %set/v v00649300_0, 8, 32;
T_5.8 ;
    %load/v 8, v00649300_0, 32;
    %movi 40, 524310, 32;
    %cmp/u 8, 40, 32;
    %jmp/0xz T_5.9, 5;
    %vpi_call 2 122 "$display", "%d in MEM[%d]", &A<v00645ED0, v00649300_0 >, v00649300_0;
    %ix/load 0, 1, 0;
    %load/vp0 8, v00649300_0, 32;
    %set/v v00649300_0, 8, 32;
    %jmp T_5.8;
T_5.9 ;
    %set/v v00649300_0, 0, 32;
T_5.10 ;
    %load/v 8, v00649300_0, 32;
   %cmpi/u 8, 8, 32;
    %jmp/0xz T_5.11, 5;
    %vpi_call 2 124 "$display", "%d in MEM[%d]", &A<v00645ED0, v00649300_0 >, v00649300_0;
    %ix/load 0, 1, 0;
    %load/vp0 8, v00649300_0, 32;
    %set/v v00649300_0, 8, 32;
    %jmp T_5.10;
T_5.11 ;
    %vpi_call 2 125 "$finish";
T_5.0 ;
    %jmp T_5;
    .thread T_5, $push;
    .scope S_005A2A88;
T_6 ;
    %wait E_005A0C90;
    %vpi_call 2 132 "$display", "Time %0d! PC:%h, IDIR:%h, FWDA:%0b,FWDB:%0b", $time, v00645F28_0, v006455E0_0, v00644E40_0, v00644DE8_0;
    %vpi_call 2 134 "$display", "---";
    %load/v 8, v006463F8_0, 1;
    %inv 8, 1;
    %jmp/0xz  T_6.0, 8;
    %load/v 8, v00645FD8_0, 32;
    %ix/load 0, 32, 0;
    %assign/v0 v00645F28_0, 0, 8;
    %load/v 8, v006458F8_0, 32;
    %ix/load 0, 32, 0;
    %assign/v0 v00645798_0, 0, 8;
    %load/v 8, v006458A0_0, 32;
    %ix/load 0, 32, 0;
    %assign/v0 v00645740_0, 0, 8;
    %load/v 8, v00644810_0, 1;
    %inv 8, 1;
    %jmp/0xz  T_6.2, 8;
    %load/v 8, v006457F0_0, 32;
    %ix/load 0, 32, 0;
    %assign/v0 v006456E8_0, 0, 8;
    %jmp T_6.3;
T_6.2 ;
    %ix/load 0, 32, 0;
    %assign/v0 v00645740_0, 0, 1;
    %ix/load 0, 32, 0;
    %assign/v0 v006456E8_0, 0, 0;
    %vpi_call 2 146 "$display", "# BRANCH to 'h%h ,and IFIDIR will be flushed, DBP is %b", v00645FD8_0, v00644868_0;
T_6.3 ;
T_6.0 ;
    %load/v 8, v006463F8_0, 1;
    %load/v 9, v00646190_0, 1;
    %and 8, 9, 1;
    %jmp/0xz  T_6.4, 8;
    %load/v 8, v00645050_0, 32;
    %ix/load 0, 32, 0;
    %assign/v0 v006456E8_0, 0, 8;
T_6.4 ;
    %load/v 8, v00644E98_0, 32;
    %ix/load 0, 32, 0;
    %assign/v0 v00644FF8_0, 0, 8;
    %load/v 8, v00644EF0_0, 32;
    %ix/load 0, 32, 0;
    %assign/v0 v00645050_0, 0, 8;
    %load/v 8, v00645588_0, 32;
    %ix/load 0, 32, 0;
    %assign/v0 v00645530_0, 0, 8;
    %load/v 8, v00644F48_0, 5;
    %ix/load 0, 5, 0;
    %assign/v0 v006450A8_0, 0, 8;
    %load/v 8, v00646450_0, 1;
    %ix/load 0, 1, 0;
    %assign/v0 v00644AD0_0, 0, 8;
    %load/v 8, v00645A58_0, 1;
    %ix/load 0, 1, 0;
    %assign/v0 v006449C8_0, 0, 8;
    %load/v 8, v006463A0_0, 1;
    %ix/load 0, 1, 0;
    %assign/v0 v00644A78_0, 0, 8;
    %load/v 8, v006447B8_0, 1;
    %ix/load 0, 1, 0;
    %assign/v0 v00644970_0, 0, 8;
    %load/v 8, v00646138_0, 1;
    %ix/load 0, 1, 0;
    %assign/v0 v00644A20_0, 0, 8;
    %load/v 8, v00644760_0, 4;
    %ix/load 0, 4, 0;
    %assign/v0 v00644918_0, 0, 8;
    %load/v 8, v00644B80_0, 32;
    %ix/load 0, 32, 0;
    %assign/v0 v00644CE0_0, 0, 8;
    %load/v 8, v00645050_0, 32;
    %ix/load 0, 32, 0;
    %assign/v0 v00644D38_0, 0, 8;
    %load/v 8, v00644C30_0, 5;
    %ix/load 0, 5, 0;
    %assign/v0 v00644D90_0, 0, 8;
    %load/v 8, v00644AD0_0, 1;
    %ix/load 0, 1, 0;
    %assign/v0 v00645E78_0, 0, 8;
    %load/v 8, v006449C8_0, 1;
    %ix/load 0, 1, 0;
    %assign/v0 v00645DC8_0, 0, 8;
    %load/v 8, v00644A78_0, 1;
    %ix/load 0, 1, 0;
    %assign/v0 v00645E20_0, 0, 8;
    %load/v 8, v00645B60_0, 32;
    %ix/load 0, 32, 0;
    %assign/v0 v00645D18_0, 0, 8;
    %load/v 8, v00645AB0_0, 32;
    %ix/load 0, 32, 0;
    %assign/v0 v00645CC0_0, 0, 8;
    %load/v 8, v00645C10_0, 5;
    %ix/load 0, 5, 0;
    %assign/v0 v00645D70_0, 0, 8;
    %load/v 8, v00645E78_0, 1;
    %ix/load 0, 1, 0;
    %assign/v0 v006464A8_0, 0, 8;
    %load/v 8, v00645DC8_0, 1;
    %ix/load 0, 1, 0;
    %assign/v0 v00646348_0, 0, 8;
    %load/v 8, v00649300_0, 32;
    %set/v v00647EA8_0, 8, 32;
    %movi 8, 1, 2;
    %ix/get 0, 8, 2;
    %delayx 0;
    %load/v 8, v00647EA8_0, 32;
    %set/v v00649300_0, 8, 32;
    %load/v 8, v006464A8_0, 1;
    %jmp/0xz  T_6.6, 8;
    %vpi_call 2 190 "$display", "# Store 'h%h in REG[%d]", v006462F0_0, v00645D70_0;
    %load/v 8, v006462F0_0, 32;
    %ix/getv 3, v00645D70_0;
    %jmp/1 t_6, 4;
    %ix/load 0, 32, 0; word width
    %ix/load 1, 0, 0; part off
    %assign/av v00646088, 0, 8;
t_6 ;
T_6.6 ;
    %load/v 8, v00645E20_0, 1;
    %jmp/0xz  T_6.8, 8;
    %ix/load 1, 2, 0;
    %mov 4, 0, 1;
    %jmp/1 T_6.10, 4;
    %load/x1p 40, v00645AB0_0, 30;
    %jmp T_6.11;
T_6.10 ;
    %mov 40, 2, 30;
T_6.11 ;
    %mov 8, 40, 30; Move signal select into place
    %mov 38, 0, 2;
    %vpi_call 2 196 "$display", "# Store 'h%h in MEM[%h]", v00645B08_0, T<8,32,u>;
    %set/v v00645C68_0, 1, 1;
    %load/v 8, v006491A0_0, 32;
    %load/v 40, v00645AB0_0, 32;
    %movi 72, 1024, 32;
    %div 40, 72, 32;
    %cmp/u 8, 40, 32;
    %jmp/0xz  T_6.12, 4;
    %vpi_call 2 202 "$display", "# write in cache1";
    %load/v 8, v00645B08_0, 32;
    %set/v v00647F00_0, 8, 32;
    %movi 8, 3, 3;
    %ix/get 0, 8, 3;
    %delayx 0;
    %load/v 8, v00647F00_0, 32;
    %load/v 40, v00645AB0_0, 32;
    %movi 72, 1024, 32;
    %mod 40, 72, 32;
    %addi 40, 3, 32;
    %ix/get 3, 40, 32;
   %jmp/1 t_7, 4;
   %ix/load 1, 0, 0;
   %set/av v00649148, 8, 8;
t_7 ;
    %load/v 40, v00645AB0_0, 32;
    %movi 72, 1024, 32;
    %mod 40, 72, 32;
    %addi 40, 2, 32;
    %ix/get 3, 40, 32;
   %jmp/1 t_8, 4;
   %ix/load 1, 0, 0;
   %set/av v00649148, 16, 8;
t_8 ;
    %load/v 40, v00645AB0_0, 32;
    %movi 72, 1024, 32;
    %mod 40, 72, 32;
    %addi 40, 1, 32;
    %ix/get 3, 40, 32;
   %jmp/1 t_9, 4;
   %ix/load 1, 0, 0;
   %set/av v00649148, 24, 8;
t_9 ;
    %load/v 40, v00645AB0_0, 32;
    %movi 72, 1024, 32;
    %mod 40, 72, 32;
    %ix/get 3, 40, 32;
   %jmp/1 t_10, 4;
   %ix/load 1, 0, 0;
   %set/av v00649148, 32, 8;
t_10 ;
    %jmp T_6.13;
T_6.12 ;
    %load/v 8, v00649250_0, 32;
    %load/v 40, v00645AB0_0, 32;
    %movi 72, 16384, 32;
    %div 40, 72, 32;
    %cmp/u 8, 40, 32;
    %jmp/0xz  T_6.14, 4;
    %vpi_call 2 208 "$display", "# write in cache2";
    %load/v 8, v00645B08_0, 32;
    %set/v v00647FB0_0, 8, 32;
    %movi 8, 5, 4;
    %ix/get 0, 8, 4;
    %delayx 0;
    %load/v 8, v00647FB0_0, 32;
    %load/v 40, v00645AB0_0, 32;
    %movi 72, 16384, 32;
    %mod 40, 72, 32;
    %addi 40, 3, 32;
    %ix/get 3, 40, 32;
   %jmp/1 t_11, 4;
   %ix/load 1, 0, 0;
   %set/av v006491F8, 8, 8;
t_11 ;
    %load/v 40, v00645AB0_0, 32;
    %movi 72, 16384, 32;
    %mod 40, 72, 32;
    %addi 40, 2, 32;
    %ix/get 3, 40, 32;
   %jmp/1 t_12, 4;
   %ix/load 1, 0, 0;
   %set/av v006491F8, 16, 8;
t_12 ;
    %load/v 40, v00645AB0_0, 32;
    %movi 72, 16384, 32;
    %mod 40, 72, 32;
    %addi 40, 1, 32;
    %ix/get 3, 40, 32;
   %jmp/1 t_13, 4;
   %ix/load 1, 0, 0;
   %set/av v006491F8, 24, 8;
t_13 ;
    %load/v 40, v00645AB0_0, 32;
    %movi 72, 16384, 32;
    %mod 40, 72, 32;
    %ix/get 3, 40, 32;
   %jmp/1 t_14, 4;
   %ix/load 1, 0, 0;
   %set/av v006491F8, 32, 8;
t_14 ;
    %jmp T_6.15;
T_6.14 ;
    %load/v 8, v00645B08_0, 32;
    %set/v v00648008_0, 8, 32;
    %movi 8, 10, 5;
    %ix/get 0, 8, 5;
    %delayx 0;
    %load/v 8, v00648008_0, 32;
    %ix/load 0, 3, 0;
    %load/vp0 40, v00645AB0_0, 32;
    %ix/get 3, 40, 32;
   %jmp/1 t_15, 4;
   %ix/load 1, 0, 0;
   %set/av v00645ED0, 8, 8;
t_15 ;
    %ix/load 0, 2, 0;
    %load/vp0 40, v00645AB0_0, 32;
    %ix/get 3, 40, 32;
   %jmp/1 t_16, 4;
   %ix/load 1, 0, 0;
   %set/av v00645ED0, 16, 8;
t_16 ;
    %ix/load 0, 1, 0;
    %load/vp0 40, v00645AB0_0, 32;
    %ix/get 3, 40, 32;
   %jmp/1 t_17, 4;
   %ix/load 1, 0, 0;
   %set/av v00645ED0, 24, 8;
t_17 ;
    %ix/getv 3, v00645AB0_0;
   %jmp/1 t_18, 4;
   %ix/load 1, 0, 0;
   %set/av v00645ED0, 32, 8;
t_18 ;
T_6.15 ;
T_6.13 ;
T_6.8 ;
    %load/v 8, v00645DC8_0, 1;
    %mov 9, 0, 2;
    %cmpi/u 8, 1, 3;
    %jmp/0xz  T_6.16, 4;
    %set/v v00645C68_0, 1, 1;
    %load/v 8, v006491A0_0, 32;
    %load/v 40, v00645AB0_0, 32;
    %movi 72, 1024, 32;
    %div 40, 72, 32;
    %cmp/u 8, 40, 32;
    %jmp/0xz  T_6.18, 4;
    %vpi_call 2 225 "$display", "# read in cache1 #2";
    %load/v 40, v00645AB0_0, 32;
    %movi 72, 1024, 32;
    %mod 40, 72, 32;
    %addi 40, 3, 32;
    %ix/get 3, 40, 32;
    %load/av 8, v00649148, 8;
    %load/v 40, v00645AB0_0, 32;
    %movi 72, 1024, 32;
    %mod 40, 72, 32;
    %addi 40, 2, 32;
    %ix/get 3, 40, 32;
    %load/av 16, v00649148, 8;
    %load/v 40, v00645AB0_0, 32;
    %movi 72, 1024, 32;
    %mod 40, 72, 32;
    %addi 40, 1, 32;
    %ix/get 3, 40, 32;
    %load/av 24, v00649148, 8;
    %load/v 40, v00645AB0_0, 32;
    %movi 72, 1024, 32;
    %mod 40, 72, 32;
    %ix/get 3, 40, 32;
    %load/av 32, v00649148, 8;
    %set/v v00648060_0, 8, 32;
    %movi 8, 3, 3;
    %ix/get 0, 8, 3;
    %delayx 0;
    %load/v 8, v00648060_0, 32;
    %set/v v00645BB8_0, 8, 32;
    %jmp T_6.19;
T_6.18 ;
    %set/v v00649300_0, 0, 32;
T_6.20 ;
    %load/v 8, v00649300_0, 32;
   %cmpi/u 8, 1024, 32;
    %jmp/0xz T_6.21, 5;
    %ix/getv 3, v00649300_0;
    %load/av 8, v00649148, 8;
    %load/v 16, v00649300_0, 10; Select 10 out of 32 bits
    %load/v 26, v006491A0_0, 10; Select 10 out of 32 bits
    %movi 36, 16384, 20;
    %mod 16, 36, 20;
    %ix/get 3, 16, 20;
   %jmp/1 t_19, 4;
   %ix/load 1, 0, 0;
   %set/av v006491F8, 8, 8;
t_19 ;
    %ix/load 0, 1, 0;
    %load/vp0 8, v00649300_0, 32;
    %set/v v00649300_0, 8, 32;
    %jmp T_6.20;
T_6.21 ;
    %load/v 8, v00649250_0, 32;
    %load/v 40, v00645AB0_0, 32;
    %movi 72, 16384, 32;
    %div 40, 72, 32;
    %cmp/u 8, 40, 32;
    %jmp/0xz  T_6.22, 4;
    %vpi_call 2 234 "$display", "# read in cache2 #2";
    %load/v 40, v00645AB0_0, 32;
    %movi 72, 16384, 32;
    %mod 40, 72, 32;
    %addi 40, 3, 32;
    %ix/get 3, 40, 32;
    %load/av 8, v006491F8, 8;
    %load/v 40, v00645AB0_0, 32;
    %movi 72, 16384, 32;
    %mod 40, 72, 32;
    %addi 40, 2, 32;
    %ix/get 3, 40, 32;
    %load/av 16, v006491F8, 8;
    %load/v 40, v00645AB0_0, 32;
    %movi 72, 16384, 32;
    %mod 40, 72, 32;
    %addi 40, 1, 32;
    %ix/get 3, 40, 32;
    %load/av 24, v006491F8, 8;
    %load/v 40, v00645AB0_0, 32;
    %movi 72, 16384, 32;
    %mod 40, 72, 32;
    %ix/get 3, 40, 32;
    %load/av 32, v006491F8, 8;
    %set/v v006480B8_0, 8, 32;
    %movi 8, 5, 4;
    %ix/get 0, 8, 4;
    %delayx 0;
    %load/v 8, v006480B8_0, 32;
    %set/v v00645BB8_0, 8, 32;
    %jmp T_6.23;
T_6.22 ;
    %set/v v00649300_0, 0, 32;
T_6.24 ;
    %load/v 8, v00649300_0, 32;
   %cmpi/u 8, 16384, 32;
    %jmp/0xz T_6.25, 5;
    %ix/getv 3, v00649300_0;
    %load/av 8, v006491F8, 8;
    %load/v 16, v00649300_0, 14; Select 14 out of 32 bits
    %load/v 30, v00649250_0, 6; Select 6 out of 32 bits
    %ix/get 3, 16, 20;
   %jmp/1 t_20, 4;
   %ix/load 1, 0, 0;
   %set/av v00645ED0, 8, 8;
t_20 ;
    %ix/load 0, 1, 0;
    %load/vp0 8, v00649300_0, 32;
    %set/v v00649300_0, 8, 32;
    %jmp T_6.24;
T_6.25 ;
    %ix/load 0, 3, 0;
    %load/vp0 40, v00645AB0_0, 32;
    %ix/get 3, 40, 32;
    %load/av 8, v00645ED0, 8;
    %ix/load 0, 2, 0;
    %load/vp0 40, v00645AB0_0, 32;
    %ix/get 3, 40, 32;
    %load/av 16, v00645ED0, 8;
    %ix/load 0, 1, 0;
    %load/vp0 40, v00645AB0_0, 32;
    %ix/get 3, 40, 32;
    %load/av 24, v00645ED0, 8;
    %ix/getv 3, v00645AB0_0;
    %load/av 32, v00645ED0, 8;
    %set/v v00648110_0, 8, 32;
    %movi 8, 10, 5;
    %ix/get 0, 8, 5;
    %delayx 0;
    %load/v 8, v00648110_0, 32;
    %set/v v00645BB8_0, 8, 32;
    %vpi_call 2 242 "$display", "# cache2 fresh";
    %load/v 8, v00645AB0_0, 32;
    %movi 40, 16384, 32;
    %div 8, 40, 32;
    %set/v v00649250_0, 8, 32;
    %set/v v00649300_0, 0, 32;
T_6.26 ;
    %load/v 8, v00649300_0, 32;
   %cmpi/u 8, 16384, 32;
    %jmp/0xz T_6.27, 5;
    %load/v 16, v00649300_0, 14; Select 14 out of 32 bits
    %load/v 30, v00649250_0, 6; Select 6 out of 32 bits
    %ix/get 3, 16, 20;
    %load/av 8, v00645ED0, 8;
    %ix/getv 3, v00649300_0;
   %jmp/1 t_21, 4;
   %ix/load 1, 0, 0;
   %set/av v006491F8, 8, 8;
t_21 ;
    %ix/load 0, 1, 0;
    %load/vp0 8, v00649300_0, 32;
    %set/v v00649300_0, 8, 32;
    %jmp T_6.26;
T_6.27 ;
T_6.23 ;
    %vpi_call 2 247 "$display", "# cache1 fresh";
    %load/v 8, v00645AB0_0, 32;
    %movi 40, 1024, 32;
    %div 8, 40, 32;
    %set/v v006491A0_0, 8, 32;
    %set/v v00649300_0, 0, 32;
T_6.28 ;
    %load/v 8, v00649300_0, 32;
   %cmpi/u 8, 1024, 32;
    %jmp/0xz T_6.29, 5;
    %load/v 16, v00649300_0, 10; Select 10 out of 32 bits
    %load/v 26, v006491A0_0, 10; Select 10 out of 32 bits
    %movi 36, 16384, 20;
    %mod 16, 36, 20;
    %ix/get 3, 16, 20;
    %load/av 8, v006491F8, 8;
    %ix/getv 3, v00649300_0;
   %jmp/1 t_22, 4;
   %ix/load 1, 0, 0;
   %set/av v00649148, 8, 8;
t_22 ;
    %ix/load 0, 1, 0;
    %load/vp0 8, v00649300_0, 32;
    %set/v v00649300_0, 8, 32;
    %jmp T_6.28;
T_6.29 ;
T_6.19 ;
T_6.16 ;
    %set/v v00645C68_0, 1, 1;
    %load/v 8, v006491A0_0, 32;
    %load/v 40, v00645F28_0, 32;
    %movi 72, 1024, 32;
    %div 40, 72, 32;
    %cmp/u 8, 40, 32;
    %jmp/0xz  T_6.30, 4;
    %vpi_call 2 259 "$display", "# read in cache1";
    %load/v 40, v00645F28_0, 32;
    %movi 72, 1024, 32;
    %mod 40, 72, 32;
    %addi 40, 3, 32;
    %ix/get 3, 40, 32;
    %load/av 8, v00649148, 8;
    %load/v 40, v00645F28_0, 32;
    %movi 72, 1024, 32;
    %mod 40, 72, 32;
    %addi 40, 2, 32;
    %ix/get 3, 40, 32;
    %load/av 16, v00649148, 8;
    %load/v 40, v00645F28_0, 32;
    %movi 72, 1024, 32;
    %mod 40, 72, 32;
    %addi 40, 1, 32;
    %ix/get 3, 40, 32;
    %load/av 24, v00649148, 8;
    %load/v 40, v00645F28_0, 32;
    %movi 72, 1024, 32;
    %mod 40, 72, 32;
    %ix/get 3, 40, 32;
    %load/av 32, v00649148, 8;
    %set/v v00648168_0, 8, 32;
    %movi 8, 3, 3;
    %ix/get 0, 8, 3;
    %delayx 0;
    %load/v 8, v00648168_0, 32;
    %set/v v00645848_0, 8, 32;
    %jmp T_6.31;
T_6.30 ;
    %set/v v00649300_0, 0, 32;
T_6.32 ;
    %load/v 8, v00649300_0, 32;
   %cmpi/u 8, 1024, 32;
    %jmp/0xz T_6.33, 5;
    %ix/getv 3, v00649300_0;
    %load/av 8, v00649148, 8;
    %load/v 16, v00649300_0, 10; Select 10 out of 32 bits
    %load/v 26, v006491A0_0, 10; Select 10 out of 32 bits
    %movi 36, 16384, 20;
    %mod 16, 36, 20;
    %ix/get 3, 16, 20;
   %jmp/1 t_23, 4;
   %ix/load 1, 0, 0;
   %set/av v006491F8, 8, 8;
t_23 ;
    %ix/load 0, 1, 0;
    %load/vp0 8, v00649300_0, 32;
    %set/v v00649300_0, 8, 32;
    %jmp T_6.32;
T_6.33 ;
    %load/v 8, v00649250_0, 32;
    %load/v 40, v00645F28_0, 32;
    %movi 72, 16384, 32;
    %div 40, 72, 32;
    %cmp/u 8, 40, 32;
    %jmp/0xz  T_6.34, 4;
    %vpi_call 2 268 "$display", "# read in cache2";
    %load/v 40, v00645F28_0, 32;
    %movi 72, 16384, 32;
    %mod 40, 72, 32;
    %addi 40, 3, 32;
    %ix/get 3, 40, 32;
    %load/av 8, v006491F8, 8;
    %load/v 40, v00645F28_0, 32;
    %movi 72, 16384, 32;
    %mod 40, 72, 32;
    %addi 40, 2, 32;
    %ix/get 3, 40, 32;
    %load/av 16, v006491F8, 8;
    %load/v 40, v00645F28_0, 32;
    %movi 72, 16384, 32;
    %mod 40, 72, 32;
    %addi 40, 1, 32;
    %ix/get 3, 40, 32;
    %load/av 24, v006491F8, 8;
    %load/v 40, v00645F28_0, 32;
    %movi 72, 16384, 32;
    %mod 40, 72, 32;
    %ix/get 3, 40, 32;
    %load/av 32, v006491F8, 8;
    %set/v v006481C0_0, 8, 32;
    %movi 8, 5, 4;
    %ix/get 0, 8, 4;
    %delayx 0;
    %load/v 8, v006481C0_0, 32;
    %set/v v00645848_0, 8, 32;
    %jmp T_6.35;
T_6.34 ;
    %set/v v00649300_0, 0, 32;
T_6.36 ;
    %load/v 8, v00649300_0, 32;
   %cmpi/u 8, 16384, 32;
    %jmp/0xz T_6.37, 5;
    %ix/getv 3, v00649300_0;
    %load/av 8, v006491F8, 8;
    %load/v 16, v00649300_0, 14; Select 14 out of 32 bits
    %load/v 30, v00649250_0, 6; Select 6 out of 32 bits
    %ix/get 3, 16, 20;
   %jmp/1 t_24, 4;
   %ix/load 1, 0, 0;
   %set/av v00645ED0, 8, 8;
t_24 ;
    %ix/load 0, 1, 0;
    %load/vp0 8, v00649300_0, 32;
    %set/v v00649300_0, 8, 32;
    %jmp T_6.36;
T_6.37 ;
    %ix/load 0, 3, 0;
    %load/vp0 40, v00645F28_0, 32;
    %ix/get 3, 40, 32;
    %load/av 8, v00645ED0, 8;
    %ix/load 0, 2, 0;
    %load/vp0 40, v00645F28_0, 32;
    %ix/get 3, 40, 32;
    %load/av 16, v00645ED0, 8;
    %ix/load 0, 1, 0;
    %load/vp0 40, v00645F28_0, 32;
    %ix/get 3, 40, 32;
    %load/av 24, v00645ED0, 8;
    %ix/getv 3, v00645F28_0;
    %load/av 32, v00645ED0, 8;
    %set/v v00648218_0, 8, 32;
    %movi 8, 10, 5;
    %ix/get 0, 8, 5;
    %delayx 0;
    %load/v 8, v00648218_0, 32;
    %set/v v00645848_0, 8, 32;
    %vpi_call 2 276 "$display", "# cache2 fresh";
    %load/v 8, v00645F28_0, 32;
    %movi 40, 16384, 32;
    %div 8, 40, 32;
    %set/v v00649250_0, 8, 32;
    %set/v v00649300_0, 0, 32;
T_6.38 ;
    %load/v 8, v00649300_0, 32;
   %cmpi/u 8, 16384, 32;
    %jmp/0xz T_6.39, 5;
    %load/v 16, v00649300_0, 14; Select 14 out of 32 bits
    %load/v 30, v00649250_0, 6; Select 6 out of 32 bits
    %ix/get 3, 16, 20;
    %load/av 8, v00645ED0, 8;
    %ix/getv 3, v00649300_0;
   %jmp/1 t_25, 4;
   %ix/load 1, 0, 0;
   %set/av v006491F8, 8, 8;
t_25 ;
    %ix/load 0, 1, 0;
    %load/vp0 8, v00649300_0, 32;
    %set/v v00649300_0, 8, 32;
    %jmp T_6.38;
T_6.39 ;
T_6.35 ;
    %vpi_call 2 281 "$display", "# cache1 fresh";
    %load/v 8, v00645F28_0, 32;
    %movi 40, 1024, 32;
    %div 8, 40, 32;
    %set/v v006491A0_0, 8, 32;
    %set/v v00649300_0, 0, 32;
T_6.40 ;
    %load/v 8, v00649300_0, 32;
   %cmpi/u 8, 1024, 32;
    %jmp/0xz T_6.41, 5;
    %load/v 16, v00649300_0, 10; Select 10 out of 32 bits
    %load/v 26, v006491A0_0, 10; Select 10 out of 32 bits
    %movi 36, 16384, 20;
    %mod 16, 36, 20;
    %ix/get 3, 16, 20;
    %load/av 8, v006491F8, 8;
    %ix/getv 3, v00649300_0;
   %jmp/1 t_26, 4;
   %ix/load 1, 0, 0;
   %set/av v00649148, 8, 8;
t_26 ;
    %ix/load 0, 1, 0;
    %load/vp0 8, v00649300_0, 32;
    %set/v v00649300_0, 8, 32;
    %jmp T_6.40;
T_6.41 ;
T_6.31 ;
    %set/v v00645C68_0, 0, 1;
    %jmp T_6;
    .thread T_6;
    .scope S_005A2A88;
T_7 ;
    %wait E_005A0D10;
    %jmp T_7;
    .thread T_7;
# The file index is used to find the file name in the following table.
:file_names 5;
    "N/A";
    "<interactive>";
    "cpu.v";
    "./alu.v";
    "./controler.v";
