# MinGW does not support an executable header.
:ivl_version "0.9.3 " "(v0_9_3)";
:vpi_time_precision + 0;
:vpi_module "system";
:vpi_module "v2005_math";
:vpi_module "va_math";
S_005A3BC8 .scope module, "CPU" "CPU" 2 3;
 .timescale 0 0;
P_005F189C .param/l "FINISHPC" 2 5, +C4<010000000000000000000>;
P_005F18B0 .param/l "MEMSIZE" 2 5, +C4<0100000000000000000000>;
L_005F1978 .functor BUFZ 32, v0062C6C0_0, C4<00000000000000000000000000000000>, C4<00000000000000000000000000000000>, C4<00000000000000000000000000000000>;
v0062B4B0_0 .net "ALUC", 3 0, v005AA970_0; 1 drivers
v0062B508_0 .net "ALUIMM", 0 0, v005AA9C8_0; 1 drivers
v0062B560_0 .net "BRANCH", 0 0, v005AAA20_0; 1 drivers
v0062B5B8_0 .var "EALUC", 3 0;
v0062B610_0 .var "EALUIMM", 0 0;
v0062B668_0 .var "EM2REG", 0 0;
v0062B6C0_0 .var "ESHIFT", 0 0;
v0062B718_0 .var "EWMEM", 0 0;
v0062B770_0 .var "EWREG", 0 0;
v0062B7C8_0 .net "EXA", 31 0, v0062BCC8_0; 1 drivers
v0062B820_0 .net "EXALU", 31 0, v0062B400_0; 1 drivers
v0062B878_0 .net "EXB", 31 0, L_00636AD8; 1 drivers
v0062B900_0 .net "EXDES", 4 0, v0062BD78_0; 1 drivers
v0062B958_0 .net "EXIMM", 31 0, v0062BDD0_0; 1 drivers
v0062B9B0_0 .var "EXMEALU", 31 0;
v0062BA08_0 .var "EXMEB", 31 0;
v0062BA60_0 .var "EXMEDES", 4 0;
v0062BAB8_0 .net "FWDA", 1 0, v0062AA60_0; 1 drivers
v0062BB10_0 .net "FWDB", 1 0, v0062AAB8_0; 1 drivers
v0062BBC0_0 .net "IDA", 31 0, L_00632388; 1 drivers
v0062BB68_0 .net "IDB", 31 0, L_006328B0; 1 drivers
v0062BC18_0 .net "IDDES", 4 0, L_00636A80; 1 drivers
v0062BC70_0 .net "IDEQU", 0 0, L_00632960; 1 drivers
v0062BCC8_0 .var "IDEXA", 31 0;
v0062BD20_0 .var "IDEXB", 31 0;
v0062BD78_0 .var "IDEXDES", 4 0;
v0062BDD0_0 .var "IDEXIMM", 31 0;
v0062BE28_0 .net "IDIMM", 31 0, L_00636920; 1 drivers
v0062BE80_0 .net "IDIR", 31 0, v0062BF88_0; 1 drivers
v0062BED8_0 .net "IDPC", 31 0, v0062BFE0_0; 1 drivers
v0062BF30_0 .net "IDPC4", 31 0, v0062C038_0; 1 drivers
v0062BF88_0 .var "IFIDIR", 31 0;
v0062BFE0_0 .var "IFIDPC", 31 0;
v0062C038_0 .var "IFIDPC4", 31 0;
v0062C090_0 .net "IFIR", 31 0, L_00631DB0; 1 drivers
v0062C0E8_0 .net "IFPC", 31 0, L_005F1978; 1 drivers
v0062C140_0 .net "IFPC4", 31 0, L_00631668; 1 drivers
v0062C198_0 .net "JAL", 0 0, v0062AC70_0; 1 drivers
v0062C1F0_0 .net "JR", 0 0, v0062ACC8_0; 1 drivers
v0062C248_0 .net "JUMP", 0 0, v0062AD20_0; 1 drivers
v0062C2A0_0 .net "M2REG", 0 0, v0062AD78_0; 1 drivers
v0062C2F8_0 .net "MEALU", 31 0, v0062B9B0_0; 1 drivers
v0062C350_0 .net "MEB", 31 0, v0062BA08_0; 1 drivers
v0062C3A8_0 .net "MEDATA", 31 0, L_00636EA0; 1 drivers
v0062C400_0 .net "MEDES", 4 0, v0062BA60_0; 1 drivers
v0062C458_0 .var "MEWBALU", 31 0;
v0062C4B0_0 .var "MEWBDATA", 31 0;
v0062C508_0 .var "MEWBDES", 4 0;
v0062C560_0 .var "MM2REG", 0 0;
v0062C5B8_0 .var "MWMEM", 0 0;
v0062C610_0 .var "MWREG", 0 0;
v0062C668 .array "Mem", 0 1048575, 7 0;
v0062C6C0_0 .var "PC", 31 0;
v0062C718_0 .net "PCBRANCH", 31 0, L_006366B8; 1 drivers
v0062C770_0 .net "PCNEXT", 31 0, L_00631E08; 1 drivers
v0062C7C8_0 .net "REGRT", 0 0, v0062AED8_0; 1 drivers
v0062C820 .array "Regs", 0 31, 31 0;
v0062C878_0 .net "SEXT", 0 0, v0062AF30_0; 1 drivers
v0062C900_0 .net "SHIFT", 0 0, v0062AF88_0; 1 drivers
v0062C958_0 .net "SMC", 0 0, v0062AFE0_0; 1 drivers
v0062C9B0_0 .net "SMC2", 0 0, v0062B038_0; 1 drivers
v0062CA08_0 .net "WBALU", 31 0, v0062C458_0; 1 drivers
v0062CA60_0 .net "WBDATA", 31 0, v0062C4B0_0; 1 drivers
v0062CAB8_0 .net "WBWEDATA", 31 0, L_00636EF8; 1 drivers
v0062CB10_0 .var "WM2REG", 0 0;
v0062CB68_0 .net "WMEM", 0 0, v0062B090_0; 1 drivers
v0062CBC0_0 .net "WPCIR", 0 0, v0062B0E8_0; 1 drivers
v0062CC18_0 .net "WREG", 0 0, v0062B140_0; 1 drivers
v0062CC70_0 .var "WWREG", 0 0;
v0062CCC8_0 .net *"_s100", 31 0, L_006322D8; 1 drivers
v0062CD20_0 .net *"_s102", 31 0, L_00632330; 1 drivers
v0062CD78_0 .net *"_s106", 2 0, L_006323E0; 1 drivers
v0062CDD0_0 .net *"_s109", 0 0, C4<0>; 1 drivers
v0062CE28_0 .net *"_s110", 2 0, C4<000>; 1 drivers
v0062CE80_0 .net *"_s112", 0 0, L_00632490; 1 drivers
v0062CED8_0 .net *"_s115", 4 0, L_006324E8; 1 drivers
v0062CF30_0 .net *"_s116", 5 0, L_00632540; 1 drivers
v0062CF88_0 .net *"_s119", 0 0, C4<0>; 1 drivers
v0062CFE0_0 .net *"_s12", 7 0, L_006316C0; 1 drivers
v0062D038_0 .net *"_s120", 5 0, C4<000000>; 1 drivers
v0062D090_0 .net *"_s122", 0 0, L_00632438; 1 drivers
v0062D0E8_0 .net *"_s124", 31 0, C4<00000000000000000000000000000000>; 1 drivers
v0062D140_0 .net *"_s126", 31 0, L_00632598; 1 drivers
v0062D198_0 .net *"_s129", 4 0, L_006325F0; 1 drivers
v0062D1F0_0 .net *"_s130", 31 0, L_00632648; 1 drivers
v0062D248_0 .net *"_s132", 2 0, L_006326A0; 1 drivers
v0062D2A0_0 .net *"_s135", 0 0, C4<0>; 1 drivers
v0062D2F8_0 .net *"_s136", 2 0, C4<001>; 1 drivers
v0062D350_0 .net *"_s138", 0 0, L_006326F8; 1 drivers
v0062D3A8_0 .net *"_s14", 7 0, L_00631718; 1 drivers
v0062D400_0 .net *"_s140", 2 0, L_00632750; 1 drivers
v0062D458_0 .net *"_s143", 0 0, C4<0>; 1 drivers
v0062D4B0_0 .net *"_s144", 2 0, C4<010>; 1 drivers
v0062D508_0 .net *"_s146", 0 0, L_006327A8; 1 drivers
v0062D560_0 .net *"_s148", 31 0, L_00632800; 1 drivers
v0062D5B8_0 .net *"_s150", 31 0, L_00632858; 1 drivers
v0062D610_0 .net *"_s154", 0 0, L_00632908; 1 drivers
v0062D668_0 .net/s *"_s156", 0 0, C4<1>; 1 drivers
v0062D6C0_0 .net/s *"_s158", 0 0, C4<0>; 1 drivers
v0062D718_0 .net *"_s16", 1 0, C4<01>; 1 drivers
v0062D770_0 .net *"_s163", 3 0, L_006329B8; 1 drivers
v0062D7C8_0 .net *"_s165", 25 0, L_00632A10; 1 drivers
v0062D820_0 .net *"_s166", 29 0, L_00632A68; 1 drivers
v0062D878_0 .net *"_s168", 31 0, L_00632AC0; 1 drivers
v0062D900_0 .net *"_s171", 1 0, C4<00>; 1 drivers
v0062D958_0 .net *"_s172", 31 0, L_00632B70; 1 drivers
v0062D9B0_0 .net *"_s174", 29 0, L_00632B18; 1 drivers
v0062DA08_0 .net *"_s176", 1 0, C4<00>; 1 drivers
v0062DA60_0 .net *"_s179", 0 0, L_006363F8; 1 drivers
v0062DAB8_0 .net *"_s180", 15 0, L_00636450; 1 drivers
v0062DB10_0 .net *"_s183", 15 0, L_006364A8; 1 drivers
v0062DB68_0 .net *"_s184", 31 0, L_00636500; 1 drivers
v0062DBC0_0 .net *"_s186", 31 0, L_006365B0; 1 drivers
v0062DC18_0 .net *"_s188", 29 0, L_00636558; 1 drivers
v0062DC70_0 .net *"_s190", 1 0, C4<00>; 1 drivers
v0062DCC8_0 .net *"_s192", 31 0, L_00636608; 1 drivers
v0062DD20_0 .net *"_s194", 31 0, L_00636660; 1 drivers
v0062DD78_0 .net *"_s198", 15 0, C4<0000000000000000>; 1 drivers
v0062DDD0_0 .net *"_s2", 32 0, L_006315B8; 1 drivers
v0062DE28_0 .net *"_s20", 29 0, C4<000000000000000000000000000000>; 1 drivers
v0062DE80_0 .net *"_s201", 15 0, L_00636710; 1 drivers
v0062DED8_0 .net *"_s202", 31 0, L_00636768; 1 drivers
v0062DF30_0 .net *"_s205", 0 0, L_006367C0; 1 drivers
v0062DF88_0 .net *"_s206", 15 0, L_00636818; 1 drivers
v0062DFE0_0 .net *"_s209", 15 0, L_00636870; 1 drivers
v0062E038_0 .net *"_s21", 31 0, L_00631770; 1 drivers
v0062E090_0 .net *"_s210", 31 0, L_006368C8; 1 drivers
v0062E0E8_0 .net *"_s214", 4 0, C4<11111>; 1 drivers
v0062E140_0 .net *"_s217", 4 0, L_00636978; 1 drivers
v0062E198_0 .net *"_s219", 4 0, L_006369D0; 1 drivers
v0062E1F0_0 .net *"_s22", 31 0, L_006317C8; 1 drivers
v0062E248_0 .net *"_s220", 4 0, L_00636A28; 1 drivers
v0062E2A0_0 .net *"_s238", 7 0, L_00636B30; 1 drivers
v0062E2F8_0 .net *"_s24", 7 0, L_00631820; 1 drivers
v0062E350_0 .net *"_s240", 7 0, L_00636B88; 1 drivers
v0062E3A8_0 .net *"_s242", 1 0, C4<01>; 1 drivers
v0062E400_0 .net *"_s246", 29 0, C4<000000000000000000000000000000>; 1 drivers
v0062E458_0 .net *"_s247", 31 0, L_00636BE0; 1 drivers
v0062E4B0_0 .net *"_s248", 31 0, L_00636C38; 1 drivers
v0062E508_0 .net *"_s250", 7 0, L_00636C90; 1 drivers
v0062E560_0 .net *"_s252", 2 0, C4<010>; 1 drivers
v0062E5B8_0 .net *"_s256", 28 0, C4<00000000000000000000000000000>; 1 drivers
v0062E610_0 .net *"_s257", 31 0, L_00636CE8; 1 drivers
v0062E668_0 .net *"_s258", 31 0, L_00636D40; 1 drivers
v0062E6C0_0 .net *"_s26", 2 0, C4<010>; 1 drivers
v0062E718_0 .net *"_s260", 7 0, L_00636D98; 1 drivers
v0062E770_0 .net *"_s262", 2 0, C4<011>; 1 drivers
v0062E7C8_0 .net *"_s266", 28 0, C4<00000000000000000000000000000>; 1 drivers
v0062E820_0 .net *"_s267", 31 0, L_00636DF0; 1 drivers
v0062E878_0 .net *"_s268", 31 0, L_00636E48; 1 drivers
v00630900_0 .net *"_s30", 28 0, C4<00000000000000000000000000000>; 1 drivers
v00630958_0 .net *"_s31", 31 0, L_00631878; 1 drivers
v006309B0_0 .net *"_s32", 31 0, L_00631BF8; 1 drivers
v00630A08_0 .net *"_s34", 7 0, L_00631C50; 1 drivers
v00630A60_0 .net *"_s36", 2 0, C4<011>; 1 drivers
v00630AB8_0 .net *"_s40", 28 0, C4<00000000000000000000000000000>; 1 drivers
v00630B10_0 .net *"_s41", 31 0, L_00631CA8; 1 drivers
v00630B68_0 .net *"_s42", 31 0, L_00631D00; 1 drivers
v00630BC0_0 .net *"_s44", 31 0, L_00631D58; 1 drivers
v00630C18_0 .net *"_s5", 0 0, C4<0>; 1 drivers
v00630C70_0 .net *"_s56", 2 0, L_00631E60; 1 drivers
v00630CC8_0 .net *"_s59", 0 0, C4<0>; 1 drivers
v00630D20_0 .net *"_s6", 32 0, C4<000000000000000000000000000000100>; 1 drivers
v00630D78_0 .net *"_s60", 2 0, C4<000>; 1 drivers
v00630DD0_0 .net *"_s62", 0 0, L_00631EB8; 1 drivers
v00630E28_0 .net *"_s65", 4 0, L_00631F10; 1 drivers
v00630E80_0 .net *"_s66", 5 0, L_00631FC0; 1 drivers
v00630ED8_0 .net *"_s69", 0 0, C4<0>; 1 drivers
v00630F30_0 .net *"_s70", 5 0, C4<000000>; 1 drivers
v00630F88_0 .net *"_s72", 0 0, L_00631F68; 1 drivers
v00630FE0_0 .net *"_s74", 31 0, C4<00000000000000000000000000000000>; 1 drivers
v00631038_0 .net *"_s76", 31 0, L_00632018; 1 drivers
v00631090_0 .net *"_s79", 4 0, L_00632070; 1 drivers
v006310E8_0 .net *"_s8", 32 0, L_00631610; 1 drivers
v00631140_0 .net *"_s80", 31 0, L_006320C8; 1 drivers
v00631198_0 .net *"_s82", 2 0, L_00632120; 1 drivers
v006311F0_0 .net *"_s85", 0 0, C4<0>; 1 drivers
v00631248_0 .net *"_s86", 2 0, C4<001>; 1 drivers
v006312A0_0 .net *"_s88", 0 0, L_00632178; 1 drivers
v006312F8_0 .net *"_s90", 2 0, L_006321D0; 1 drivers
v00631350_0 .net *"_s93", 0 0, C4<0>; 1 drivers
v006313A8_0 .net *"_s94", 2 0, C4<010>; 1 drivers
v00631400_0 .net *"_s96", 0 0, L_00632228; 1 drivers
v00631458_0 .net *"_s98", 31 0, L_00632280; 1 drivers
v006314B0_0 .var "clock", 0 0;
v00631508_0 .var "i", 31 0;
v00631560_0 .var "microclock", 0 0;
E_0066CAE8 .event negedge, v006314B0_0;
E_0066CB08 .event posedge, v006314B0_0;
E_0066CA88 .event edge, v0062C6C0_0;
L_006315B8 .concat [ 32 1 0 0], v0062C6C0_0, C4<0>;
L_00631610 .arith/sum 33, L_006315B8, C4<000000000000000000000000000000100>;
L_00631668 .part L_00631610, 0, 32;
L_006316C0 .array/port v0062C668, v0062C6C0_0;
L_00631718 .array/port v0062C668, L_006317C8;
L_00631770 .concat [ 2 30 0 0], C4<01>, C4<000000000000000000000000000000>;
L_006317C8 .arith/sum 32, v0062C6C0_0, L_00631770;
L_00631820 .array/port v0062C668, L_00631BF8;
L_00631878 .concat [ 3 29 0 0], C4<010>, C4<00000000000000000000000000000>;
L_00631BF8 .arith/sum 32, v0062C6C0_0, L_00631878;
L_00631C50 .array/port v0062C668, L_00631D00;
L_00631CA8 .concat [ 3 29 0 0], C4<011>, C4<00000000000000000000000000000>;
L_00631D00 .arith/sum 32, v0062C6C0_0, L_00631CA8;
L_00631D58 .concat [ 8 8 8 8], L_00631C50, L_00631820, L_00631718, L_006316C0;
L_00631DB0 .functor MUXZ 32, L_00631D58, v0062BD20_0, v0062B038_0, C4<>;
L_00631E08 .functor MUXZ 32, L_00631668, L_006366B8, v005AAA20_0, C4<>;
L_00631E60 .concat [ 2 1 0 0], v0062AA60_0, C4<0>;
L_00631EB8 .cmp/eq 3, L_00631E60, C4<000>;
L_00631F10 .part v0062BF88_0, 21, 5;
L_00631FC0 .concat [ 5 1 0 0], L_00631F10, C4<0>;
L_00631F68 .cmp/eq 6, L_00631FC0, C4<000000>;
L_00632018 .array/port v0062C820, L_00632070;
L_00632070 .part v0062BF88_0, 21, 5;
L_006320C8 .functor MUXZ 32, L_00632018, C4<00000000000000000000000000000000>, L_00631F68, C4<>;
L_00632120 .concat [ 2 1 0 0], v0062AA60_0, C4<0>;
L_00632178 .cmp/eq 3, L_00632120, C4<001>;
L_006321D0 .concat [ 2 1 0 0], v0062AA60_0, C4<0>;
L_00632228 .cmp/eq 3, L_006321D0, C4<010>;
L_00632280 .functor MUXZ 32, L_00636EA0, v0062B9B0_0, L_00632228, C4<>;
L_006322D8 .functor MUXZ 32, L_00632280, v0062B400_0, L_00632178, C4<>;
L_00632330 .functor MUXZ 32, L_006322D8, L_006320C8, L_00631EB8, C4<>;
L_00632388 .functor MUXZ 32, L_00632330, v0062C038_0, v0062AC70_0, C4<>;
L_006323E0 .concat [ 2 1 0 0], v0062AAB8_0, C4<0>;
L_00632490 .cmp/eq 3, L_006323E0, C4<000>;
L_006324E8 .part v0062BF88_0, 16, 5;
L_00632540 .concat [ 5 1 0 0], L_006324E8, C4<0>;
L_00632438 .cmp/eq 6, L_00632540, C4<000000>;
L_00632598 .array/port v0062C820, L_006325F0;
L_006325F0 .part v0062BF88_0, 16, 5;
L_00632648 .functor MUXZ 32, L_00632598, C4<00000000000000000000000000000000>, L_00632438, C4<>;
L_006326A0 .concat [ 2 1 0 0], v0062AAB8_0, C4<0>;
L_006326F8 .cmp/eq 3, L_006326A0, C4<001>;
L_00632750 .concat [ 2 1 0 0], v0062AAB8_0, C4<0>;
L_006327A8 .cmp/eq 3, L_00632750, C4<010>;
L_00632800 .functor MUXZ 32, L_00636EA0, v0062B9B0_0, L_006327A8, C4<>;
L_00632858 .functor MUXZ 32, L_00632800, v0062B400_0, L_006326F8, C4<>;
L_006328B0 .functor MUXZ 32, L_00632858, L_00632648, L_00632490, C4<>;
L_00632908 .cmp/eq 32, L_00632388, L_006328B0;
L_00632960 .functor MUXZ 1, C4<0>, C4<1>, L_00632908, C4<>;
L_006329B8 .part v0062C038_0, 28, 4;
L_00632A10 .part v0062BF88_0, 0, 26;
L_00632A68 .concat [ 26 4 0 0], L_00632A10, L_006329B8;
L_00632AC0 .concat [ 30 2 0 0], L_00632A68, C4<00>;
L_00632B18 .part L_00632AC0, 0, 30;
L_00632B70 .concat [ 2 30 0 0], C4<00>, L_00632B18;
L_006363F8 .part v0062BF88_0, 15, 1;
LS_00636450_0_0 .concat [ 1 1 1 1], L_006363F8, L_006363F8, L_006363F8, L_006363F8;
LS_00636450_0_4 .concat [ 1 1 1 1], L_006363F8, L_006363F8, L_006363F8, L_006363F8;
LS_00636450_0_8 .concat [ 1 1 1 1], L_006363F8, L_006363F8, L_006363F8, L_006363F8;
LS_00636450_0_12 .concat [ 1 1 1 1], L_006363F8, L_006363F8, L_006363F8, L_006363F8;
L_00636450 .concat [ 4 4 4 4], LS_00636450_0_0, LS_00636450_0_4, LS_00636450_0_8, LS_00636450_0_12;
L_006364A8 .part v0062BF88_0, 0, 16;
L_00636500 .concat [ 16 16 0 0], L_006364A8, L_00636450;
L_00636558 .part L_00636500, 0, 30;
L_006365B0 .concat [ 2 30 0 0], C4<00>, L_00636558;
L_00636608 .arith/sum 32, v0062C038_0, L_006365B0;
L_00636660 .functor MUXZ 32, L_00636608, L_00632B70, v0062AD20_0, C4<>;
L_006366B8 .functor MUXZ 32, L_00636660, L_00632388, v0062ACC8_0, C4<>;
L_00636710 .part v0062BF88_0, 0, 16;
L_00636768 .concat [ 16 16 0 0], L_00636710, C4<0000000000000000>;
L_006367C0 .part v0062BF88_0, 15, 1;
LS_00636818_0_0 .concat [ 1 1 1 1], L_006367C0, L_006367C0, L_006367C0, L_006367C0;
LS_00636818_0_4 .concat [ 1 1 1 1], L_006367C0, L_006367C0, L_006367C0, L_006367C0;
LS_00636818_0_8 .concat [ 1 1 1 1], L_006367C0, L_006367C0, L_006367C0, L_006367C0;
LS_00636818_0_12 .concat [ 1 1 1 1], L_006367C0, L_006367C0, L_006367C0, L_006367C0;
L_00636818 .concat [ 4 4 4 4], LS_00636818_0_0, LS_00636818_0_4, LS_00636818_0_8, LS_00636818_0_12;
L_00636870 .part v0062BF88_0, 0, 16;
L_006368C8 .concat [ 16 16 0 0], L_00636870, L_00636818;
L_00636920 .functor MUXZ 32, L_006368C8, L_00636768, v0062AF30_0, C4<>;
L_00636978 .part v0062BF88_0, 16, 5;
L_006369D0 .part v0062BF88_0, 11, 5;
L_00636A28 .functor MUXZ 5, L_006369D0, L_00636978, v0062AED8_0, C4<>;
L_00636A80 .functor MUXZ 5, L_00636A28, C4<11111>, v0062AC70_0, C4<>;
L_00636AD8 .functor MUXZ 32, v0062BD20_0, v0062BDD0_0, v0062B610_0, C4<>;
L_00636B30 .array/port v0062C668, v0062B9B0_0;
L_00636B88 .array/port v0062C668, L_00636C38;
L_00636BE0 .concat [ 2 30 0 0], C4<01>, C4<000000000000000000000000000000>;
L_00636C38 .arith/sum 32, v0062B9B0_0, L_00636BE0;
L_00636C90 .array/port v0062C668, L_00636D40;
L_00636CE8 .concat [ 3 29 0 0], C4<010>, C4<00000000000000000000000000000>;
L_00636D40 .arith/sum 32, v0062B9B0_0, L_00636CE8;
L_00636D98 .array/port v0062C668, L_00636E48;
L_00636DF0 .concat [ 3 29 0 0], C4<011>, C4<00000000000000000000000000000>;
L_00636E48 .arith/sum 32, v0062B9B0_0, L_00636DF0;
L_00636EA0 .concat [ 8 8 8 8], L_00636D98, L_00636C90, L_00636B88, L_00636B30;
L_00636EF8 .functor MUXZ 32, v0062C458_0, v0062C4B0_0, v0062CB10_0, C4<>;
S_005A3AB8 .scope module, "MAINALU" "ALU" 2 83, 3 1, S_005A3BC8;
 .timescale 0 0;
v0062B350_0 .net "EALUC", 3 0, v0062B5B8_0; 1 drivers
v0062B3A8_0 .alias "EXA", 31 0, v0062B7C8_0;
v0062B400_0 .var "EXALU", 31 0;
v0062B458_0 .alias "EXB", 31 0, v0062B878_0;
E_0066CA48 .event edge, v0062B458_0, v0062B3A8_0, v0062B350_0;
S_005A3B40 .scope module, "Control" "Controler" 2 101, 4 1, S_005A3BC8;
 .timescale 0 0;
v005AA970_0 .var "ALUC", 3 0;
v005AA9C8_0 .var "ALUIMM", 0 0;
v005AAA20_0 .var "BRANCH", 0 0;
v005AAA78_0 .net "EM2REG", 0 0, v0062B668_0; 1 drivers
v0062A900_0 .net "EWMEM", 0 0, v0062B718_0; 1 drivers
v0062A958_0 .net "EWREG", 0 0, v0062B770_0; 1 drivers
v0062A9B0_0 .alias "EXALU", 31 0, v0062B820_0;
v0062AA08_0 .alias "EXDES", 4 0, v0062B900_0;
v0062AA60_0 .var "FWDA", 1 0;
v0062AAB8_0 .var "FWDB", 1 0;
v0062AB10_0 .alias "IDEQU", 0 0, v0062BC70_0;
v0062AB68_0 .alias "IDIR", 31 0, v0062BE80_0;
v0062ABC0_0 .alias "IDPC", 31 0, v0062BED8_0;
v0062AC18_0 .alias "IFPC", 31 0, v0062C0E8_0;
v0062AC70_0 .var "JAL", 0 0;
v0062ACC8_0 .var "JR", 0 0;
v0062AD20_0 .var "JUMP", 0 0;
v0062AD78_0 .var "M2REG", 0 0;
v0062ADD0_0 .alias "MEDES", 4 0, v0062C400_0;
v0062AE80_0 .net "MM2REG", 0 0, v0062C560_0; 1 drivers
v0062AE28_0 .net "MWREG", 0 0, v0062C610_0; 1 drivers
v0062AED8_0 .var "REGRT", 0 0;
v0062AF30_0 .var "SEXT", 0 0;
v0062AF88_0 .var "SHIFT", 0 0;
v0062AFE0_0 .var "SMC", 0 0;
v0062B038_0 .var "SMC2", 0 0;
v0062B090_0 .var "WMEM", 0 0;
v0062B0E8_0 .var "WPCIR", 0 0;
v0062B140_0 .var "WREG", 0 0;
v0062B198_0 .net "funct", 5 0, L_00636FA8; 1 drivers
v0062B1F0_0 .net "imm", 15 0, L_006370B0; 1 drivers
v0062B248_0 .net "op", 5 0, L_00636F50; 1 drivers
v0062B2A0_0 .net "rs", 4 0, L_00637000; 1 drivers
v0062B2F8_0 .net "rt", 4 0, L_00637058; 1 drivers
E_0066CAA8/0 .event edge, v0062AE80_0, v0062AE28_0, v005AAA78_0, v0062A958_0;
E_0066CAA8/1 .event edge, v0062AB10_0, v0062AA08_0, v0062ADD0_0, v0062B1F0_0;
E_0066CAA8/2 .event edge, v0062B2F8_0, v0062B2A0_0, v0062B198_0, v0062B248_0;
E_0066CAA8 .event/or E_0066CAA8/0, E_0066CAA8/1, E_0066CAA8/2;
L_00636F50 .part v0062BF88_0, 26, 6;
L_00636FA8 .part v0062BF88_0, 0, 6;
L_00637000 .part v0062BF88_0, 21, 5;
L_00637058 .part v0062BF88_0, 16, 5;
L_006370B0 .part v0062BF88_0, 0, 16;
    .scope S_005A3AB8;
T_0 ;
    %wait E_0066CA48;
    %load/v 8, v0062B350_0, 4;
    %cmpi/u 8, 2, 4;
    %jmp/0xz  T_0.0, 4;
    %load/v 8, v0062B3A8_0, 32;
    %load/v 40, v0062B458_0, 32;
    %add 8, 40, 32;
    %set/v v0062B400_0, 8, 32;
T_0.0 ;
    %load/v 8, v0062B350_0, 4;
    %cmpi/u 8, 6, 4;
    %jmp/0xz  T_0.2, 4;
    %load/v 8, v0062B3A8_0, 32;
    %load/v 40, v0062B458_0, 32;
    %sub 8, 40, 32;
    %set/v v0062B400_0, 8, 32;
T_0.2 ;
    %load/v 8, v0062B350_0, 4;
    %cmpi/u 8, 0, 4;
    %jmp/0xz  T_0.4, 4;
    %load/v 8, v0062B3A8_0, 32;
    %load/v 40, v0062B458_0, 32;
    %and 8, 40, 32;
    %set/v v0062B400_0, 8, 32;
T_0.4 ;
    %load/v 8, v0062B350_0, 4;
    %cmpi/u 8, 1, 4;
    %jmp/0xz  T_0.6, 4;
    %load/v 8, v0062B3A8_0, 32;
    %load/v 40, v0062B458_0, 32;
    %or 8, 40, 32;
    %set/v v0062B400_0, 8, 32;
T_0.6 ;
    %load/v 8, v0062B350_0, 4;
    %cmpi/u 8, 7, 4;
    %jmp/0xz  T_0.8, 4;
    %load/v 8, v0062B3A8_0, 32;
    %load/v 40, v0062B458_0, 32;
    %cmp/u 8, 40, 32;
    %mov 8, 5, 1;
    %jmp/0  T_0.10, 8;
    %movi 9, 1, 32;
    %jmp/1  T_0.12, 8;
T_0.10 ; End of true expr.
    %jmp/0  T_0.11, 8;
 ; End of false expr.
    %blend  9, 0, 32; Condition unknown.
    %jmp  T_0.12;
T_0.11 ;
    %mov 9, 0, 32; Return false value
T_0.12 ;
    %set/v v0062B400_0, 9, 32;
    %ix/load 1, 31, 0;
    %mov 4, 0, 1;
    %jmp/1 T_0.13, 4;
    %load/x1p 11, v0062B3A8_0, 1;
    %jmp T_0.14;
T_0.13 ;
    %mov 11, 2, 1;
T_0.14 ;
    %mov 8, 11, 1; Move signal select into place
    %mov 9, 0, 2;
    %cmpi/u 8, 1, 3;
    %mov 8, 4, 1;
    %ix/load 1, 31, 0;
    %mov 4, 0, 1;
    %jmp/1 T_0.15, 4;
    %load/x1p 11, v0062B458_0, 1;
    %jmp T_0.16;
T_0.15 ;
    %mov 11, 2, 1;
T_0.16 ;
    %mov 9, 11, 1; Move signal select into place
    %mov 10, 0, 1;
    %cmpi/u 9, 0, 2;
    %mov 9, 4, 1;
    %and 8, 9, 1;
    %jmp/0xz  T_0.17, 8;
    %movi 8, 1, 32;
    %set/v v0062B400_0, 8, 32;
T_0.17 ;
    %ix/load 1, 31, 0;
    %mov 4, 0, 1;
    %jmp/1 T_0.19, 4;
    %load/x1p 10, v0062B3A8_0, 1;
    %jmp T_0.20;
T_0.19 ;
    %mov 10, 2, 1;
T_0.20 ;
    %mov 8, 10, 1; Move signal select into place
    %mov 9, 0, 1;
    %cmpi/u 8, 0, 2;
    %mov 8, 4, 1;
    %ix/load 1, 31, 0;
    %mov 4, 0, 1;
    %jmp/1 T_0.21, 4;
    %load/x1p 12, v0062B458_0, 1;
    %jmp T_0.22;
T_0.21 ;
    %mov 12, 2, 1;
T_0.22 ;
    %mov 9, 12, 1; Move signal select into place
    %mov 10, 0, 2;
    %cmpi/u 9, 1, 3;
    %mov 9, 4, 1;
    %and 8, 9, 1;
    %jmp/0xz  T_0.23, 8;
    %set/v v0062B400_0, 0, 32;
T_0.23 ;
T_0.8 ;
    %load/v 8, v0062B350_0, 4;
    %cmpi/u 8, 12, 4;
    %jmp/0xz  T_0.25, 4;
    %load/v 8, v0062B3A8_0, 32;
    %load/v 40, v0062B458_0, 32;
    %xor 8, 40, 32;
    %set/v v0062B400_0, 8, 32;
T_0.25 ;
    %load/v 8, v0062B350_0, 4;
    %cmpi/u 8, 8, 4;
    %jmp/0xz  T_0.27, 4;
    %load/v 8, v0062B3A8_0, 32;
    %ix/load 1, 6, 0;
    %mov 4, 0, 1;
    %jmp/1 T_0.29, 4;
    %load/x1p 40, v0062B458_0, 5;
    %jmp T_0.30;
T_0.29 ;
    %mov 40, 2, 5;
T_0.30 ;
; Save base=40 wid=5 in lookaside.
    %ix/get 0, 40, 5;
    %shiftl/i0  8, 32;
    %set/v v0062B400_0, 8, 32;
T_0.27 ;
    %load/v 8, v0062B350_0, 4;
    %cmpi/u 8, 9, 4;
    %jmp/0xz  T_0.31, 4;
    %load/v 8, v0062B3A8_0, 32;
    %ix/load 1, 6, 0;
    %mov 4, 0, 1;
    %jmp/1 T_0.33, 4;
    %load/x1p 40, v0062B458_0, 5;
    %jmp T_0.34;
T_0.33 ;
    %mov 40, 2, 5;
T_0.34 ;
; Save base=40 wid=5 in lookaside.
    %ix/get 0, 40, 5;
    %shiftr/i0  8, 32;
    %set/v v0062B400_0, 8, 32;
T_0.31 ;
    %load/v 8, v0062B350_0, 4;
    %cmpi/u 8, 3, 4;
    %jmp/0xz  T_0.35, 4;
    %load/v 8, v0062B3A8_0, 32;
    %load/v 40, v0062B458_0, 32;
    %add 8, 40, 32;
    %set/v v0062B400_0, 8, 32;
T_0.35 ;
    %load/v 8, v0062B350_0, 4;
    %cmpi/u 8, 14, 4;
    %jmp/0xz  T_0.37, 4;
    %load/v 8, v0062B3A8_0, 32;
    %load/v 40, v0062B458_0, 32;
    %sub 8, 40, 32;
    %set/v v0062B400_0, 8, 32;
T_0.37 ;
    %load/v 8, v0062B350_0, 4;
    %cmpi/u 8, 5, 4;
    %jmp/0xz  T_0.39, 4;
    %load/v 8, v0062B3A8_0, 32;
    %load/v 40, v0062B458_0, 32;
    %cmp/u 8, 40, 32;
    %mov 8, 5, 1;
    %jmp/0  T_0.41, 8;
    %movi 9, 1, 32;
    %jmp/1  T_0.43, 8;
T_0.41 ; End of true expr.
    %jmp/0  T_0.42, 8;
 ; End of false expr.
    %blend  9, 0, 32; Condition unknown.
    %jmp  T_0.43;
T_0.42 ;
    %mov 9, 0, 32; Return false value
T_0.43 ;
    %set/v v0062B400_0, 9, 32;
T_0.39 ;
    %load/v 8, v0062B350_0, 4;
    %cmpi/u 8, 15, 4;
    %jmp/0xz  T_0.44, 4;
    %mov 8, 0, 16;
    %load/v 24, v0062B458_0, 16; Select 16 out of 32 bits
    %set/v v0062B400_0, 8, 32;
T_0.44 ;
    %load/v 8, v0062B350_0, 4;
    %cmpi/u 8, 4, 4;
    %jmp/0xz  T_0.46, 4;
    %load/v 8, v0062B3A8_0, 32;
    %set/v v0062B400_0, 8, 32;
T_0.46 ;
    %load/v 8, v0062B350_0, 4;
    %cmpi/u 8, 10, 4;
    %jmp/0xz  T_0.48, 4;
    %load/v 8, v0062B3A8_0, 32;
    %load/v 40, v0062B458_0, 32;
    %or 8, 40, 32;
    %inv 8, 32;
    %set/v v0062B400_0, 8, 32;
T_0.48 ;
    %vpi_call 3 56 "$display", "# The ALU is RUNNING with 'h%h & 'h%h in OP 'b%b to RESULT 'h%h", v0062B3A8_0, v0062B458_0, v0062B350_0, v0062B400_0;
    %jmp T_0;
    .thread T_0, $push;
    .scope S_005A3B40;
T_1 ;
    %wait E_0066CAA8;
    %set/v v0062B0E8_0, 0, 1;
    %set/v v005AAA20_0, 0, 1;
    %set/v v0062B140_0, 0, 1;
    %set/v v0062AD78_0, 0, 1;
    %set/v v0062B090_0, 0, 1;
    %set/v v0062AA60_0, 0, 2;
    %set/v v0062AAB8_0, 0, 2;
    %set/v v0062AF88_0, 0, 1;
    %set/v v005AA9C8_0, 0, 1;
    %set/v v0062AF30_0, 0, 1;
    %set/v v0062AED8_0, 0, 1;
    %set/v v0062AD20_0, 0, 1;
    %set/v v0062ACC8_0, 0, 1;
    %set/v v0062AC70_0, 0, 1;
    %set/v v0062AFE0_0, 0, 1;
    %set/v v0062B038_0, 0, 1;
    %load/v 8, v0062B248_0, 6;
    %cmpi/u 8, 0, 6;
    %jmp/1 T_1.0, 6;
    %cmpi/u 8, 8, 6;
    %jmp/1 T_1.1, 6;
    %cmpi/u 8, 9, 6;
    %jmp/1 T_1.2, 6;
    %cmpi/u 8, 12, 6;
    %jmp/1 T_1.3, 6;
    %cmpi/u 8, 4, 6;
    %jmp/1 T_1.4, 6;
    %cmpi/u 8, 5, 6;
    %jmp/1 T_1.5, 6;
    %cmpi/u 8, 2, 6;
    %jmp/1 T_1.6, 6;
    %cmpi/u 8, 3, 6;
    %jmp/1 T_1.7, 6;
    %cmpi/u 8, 35, 6;
    %jmp/1 T_1.8, 6;
    %cmpi/u 8, 13, 6;
    %jmp/1 T_1.9, 6;
    %cmpi/u 8, 10, 6;
    %jmp/1 T_1.10, 6;
    %cmpi/u 8, 11, 6;
    %jmp/1 T_1.11, 6;
    %cmpi/u 8, 43, 6;
    %jmp/1 T_1.12, 6;
    %cmpi/u 8, 15, 6;
    %jmp/1 T_1.13, 6;
    %jmp T_1.15;
T_1.0 ;
    %load/v 8, v0062AE28_0, 1;
    %load/v 9, v0062B2A0_0, 5;
    %mov 14, 0, 1;
    %cmpi/u 9, 0, 6;
    %inv 4, 1;
    %mov 9, 4, 1;
    %and 8, 9, 1;
    %load/v 9, v0062B2A0_0, 5;
    %load/v 14, v0062ADD0_0, 5;
    %cmp/u 9, 14, 5;
    %mov 9, 4, 1;
    %and 8, 9, 1;
    %jmp/0xz  T_1.16, 8;
    %movi 8, 2, 2;
    %set/v v0062AA60_0, 8, 2;
T_1.16 ;
    %load/v 8, v0062A958_0, 1;
    %load/v 9, v0062B2A0_0, 5;
    %mov 14, 0, 1;
    %cmpi/u 9, 0, 6;
    %inv 4, 1;
    %mov 9, 4, 1;
    %and 8, 9, 1;
    %load/v 9, v0062B2A0_0, 5;
    %load/v 14, v0062AA08_0, 5;
    %cmp/u 9, 14, 5;
    %mov 9, 4, 1;
    %and 8, 9, 1;
    %jmp/0xz  T_1.18, 8;
    %movi 8, 1, 2;
    %set/v v0062AA60_0, 8, 2;
T_1.18 ;
    %load/v 8, v0062AE28_0, 1;
    %load/v 9, v0062AE80_0, 1;
    %and 8, 9, 1;
    %load/v 9, v0062B2A0_0, 5;
    %mov 14, 0, 1;
    %cmpi/u 9, 0, 6;
    %inv 4, 1;
    %mov 9, 4, 1;
    %and 8, 9, 1;
    %load/v 9, v0062B2A0_0, 5;
    %load/v 14, v0062ADD0_0, 5;
    %cmp/u 9, 14, 5;
    %mov 9, 4, 1;
    %and 8, 9, 1;
    %jmp/0xz  T_1.20, 8;
    %set/v v0062AA60_0, 1, 2;
T_1.20 ;
    %load/v 8, v0062AE28_0, 1;
    %load/v 9, v0062B2F8_0, 5;
    %mov 14, 0, 1;
    %cmpi/u 9, 0, 6;
    %inv 4, 1;
    %mov 9, 4, 1;
    %and 8, 9, 1;
    %load/v 9, v0062B2F8_0, 5;
    %load/v 14, v0062ADD0_0, 5;
    %cmp/u 9, 14, 5;
    %mov 9, 4, 1;
    %and 8, 9, 1;
    %jmp/0xz  T_1.22, 8;
    %movi 8, 2, 2;
    %set/v v0062AAB8_0, 8, 2;
T_1.22 ;
    %load/v 8, v0062A958_0, 1;
    %load/v 9, v0062B2F8_0, 5;
    %mov 14, 0, 1;
    %cmpi/u 9, 0, 6;
    %inv 4, 1;
    %mov 9, 4, 1;
    %and 8, 9, 1;
    %load/v 9, v0062B2F8_0, 5;
    %load/v 14, v0062AA08_0, 5;
    %cmp/u 9, 14, 5;
    %mov 9, 4, 1;
    %and 8, 9, 1;
    %jmp/0xz  T_1.24, 8;
    %movi 8, 1, 2;
    %set/v v0062AAB8_0, 8, 2;
T_1.24 ;
    %load/v 8, v0062AE28_0, 1;
    %load/v 9, v0062AE80_0, 1;
    %and 8, 9, 1;
    %load/v 9, v0062B2F8_0, 5;
    %mov 14, 0, 1;
    %cmpi/u 9, 0, 6;
    %inv 4, 1;
    %mov 9, 4, 1;
    %and 8, 9, 1;
    %load/v 9, v0062B2F8_0, 5;
    %load/v 14, v0062ADD0_0, 5;
    %cmp/u 9, 14, 5;
    %mov 9, 4, 1;
    %and 8, 9, 1;
    %jmp/0xz  T_1.26, 8;
    %set/v v0062AAB8_0, 1, 2;
T_1.26 ;
    %load/v 8, v0062B198_0, 6;
    %cmpi/u 8, 0, 6;
    %jmp/1 T_1.28, 6;
    %cmpi/u 8, 2, 6;
    %jmp/1 T_1.29, 6;
    %cmpi/u 8, 32, 6;
    %jmp/1 T_1.30, 6;
    %cmpi/u 8, 32, 6;
    %jmp/1 T_1.31, 6;
    %cmpi/u 8, 36, 6;
    %jmp/1 T_1.32, 6;
    %cmpi/u 8, 39, 6;
    %jmp/1 T_1.33, 6;
    %cmpi/u 8, 37, 6;
    %jmp/1 T_1.34, 6;
    %cmpi/u 8, 42, 6;
    %jmp/1 T_1.35, 6;
    %cmpi/u 8, 43, 6;
    %jmp/1 T_1.36, 6;
    %cmpi/u 8, 34, 6;
    %jmp/1 T_1.37, 6;
    %cmpi/u 8, 34, 6;
    %jmp/1 T_1.38, 6;
    %cmpi/u 8, 8, 6;
    %jmp/1 T_1.39, 6;
    %jmp T_1.41;
T_1.28 ;
    %set/v v0062B140_0, 1, 1;
    %movi 8, 8, 4;
    %set/v v005AA970_0, 8, 4;
    %set/v v005AA9C8_0, 1, 1;
    %jmp T_1.41;
T_1.29 ;
    %set/v v0062B140_0, 1, 1;
    %movi 8, 9, 4;
    %set/v v005AA970_0, 8, 4;
    %set/v v005AA9C8_0, 1, 1;
    %jmp T_1.41;
T_1.30 ;
    %set/v v0062B140_0, 1, 1;
    %movi 8, 2, 4;
    %set/v v005AA970_0, 8, 4;
    %jmp T_1.41;
T_1.31 ;
    %set/v v0062B140_0, 1, 1;
    %movi 8, 3, 4;
    %set/v v005AA970_0, 8, 4;
    %jmp T_1.41;
T_1.32 ;
    %set/v v0062B140_0, 1, 1;
    %set/v v005AA970_0, 0, 4;
    %jmp T_1.41;
T_1.33 ;
    %set/v v0062B140_0, 1, 1;
    %movi 8, 10, 4;
    %set/v v005AA970_0, 8, 4;
    %jmp T_1.41;
T_1.34 ;
    %set/v v0062B140_0, 1, 1;
    %movi 8, 1, 4;
    %set/v v005AA970_0, 8, 4;
    %jmp T_1.41;
T_1.35 ;
    %set/v v0062B140_0, 1, 1;
    %movi 8, 7, 4;
    %set/v v005AA970_0, 8, 4;
    %jmp T_1.41;
T_1.36 ;
    %set/v v0062B140_0, 1, 1;
    %movi 8, 5, 4;
    %set/v v005AA970_0, 8, 4;
    %jmp T_1.41;
T_1.37 ;
    %set/v v0062B140_0, 1, 1;
    %movi 8, 6, 4;
    %set/v v005AA970_0, 8, 4;
    %jmp T_1.41;
T_1.38 ;
    %set/v v0062B140_0, 1, 1;
    %movi 8, 14, 4;
    %set/v v005AA970_0, 8, 4;
    %jmp T_1.41;
T_1.39 ;
    %set/v v0062ACC8_0, 1, 1;
    %set/v v005AAA20_0, 1, 1;
    %jmp T_1.41;
T_1.41 ;
    %load/v 8, v0062A958_0, 1;
    %load/v 9, v005AAA78_0, 1;
    %and 8, 9, 1;
    %load/v 9, v0062B2A0_0, 5;
    %mov 14, 0, 1;
    %cmpi/u 9, 0, 6;
    %inv 4, 1;
    %mov 9, 4, 1;
    %load/v 10, v0062B2A0_0, 5;
    %load/v 15, v0062AA08_0, 5;
    %cmp/u 10, 15, 5;
    %mov 10, 4, 1;
    %and 9, 10, 1;
    %load/v 10, v0062B2F8_0, 5;
    %mov 15, 0, 1;
    %cmpi/u 10, 0, 6;
    %inv 4, 1;
    %mov 10, 4, 1;
    %load/v 11, v0062B2F8_0, 5;
    %load/v 16, v0062AA08_0, 5;
    %cmp/u 11, 16, 5;
    %mov 11, 4, 1;
    %and 10, 11, 1;
    %or 9, 10, 1;
    %and 8, 9, 1;
    %jmp/0xz  T_1.42, 8;
    %set/v v0062B0E8_0, 1, 1;
    %set/v v0062B140_0, 0, 1;
    %set/v v0062AD78_0, 0, 1;
    %set/v v0062B090_0, 0, 1;
    %set/v v0062ACC8_0, 0, 1;
T_1.42 ;
    %jmp T_1.15;
T_1.1 ;
    %load/v 8, v0062AE28_0, 1;
    %load/v 9, v0062B2A0_0, 5;
    %mov 14, 0, 1;
    %cmpi/u 9, 0, 6;
    %inv 4, 1;
    %mov 9, 4, 1;
    %and 8, 9, 1;
    %load/v 9, v0062B2A0_0, 5;
    %load/v 14, v0062ADD0_0, 5;
    %cmp/u 9, 14, 5;
    %mov 9, 4, 1;
    %and 8, 9, 1;
    %jmp/0xz  T_1.44, 8;
    %movi 8, 2, 2;
    %set/v v0062AA60_0, 8, 2;
T_1.44 ;
    %load/v 8, v0062A958_0, 1;
    %load/v 9, v0062B2A0_0, 5;
    %mov 14, 0, 1;
    %cmpi/u 9, 0, 6;
    %inv 4, 1;
    %mov 9, 4, 1;
    %and 8, 9, 1;
    %load/v 9, v0062B2A0_0, 5;
    %load/v 14, v0062AA08_0, 5;
    %cmp/u 9, 14, 5;
    %mov 9, 4, 1;
    %and 8, 9, 1;
    %jmp/0xz  T_1.46, 8;
    %movi 8, 1, 2;
    %set/v v0062AA60_0, 8, 2;
T_1.46 ;
    %load/v 8, v0062AE28_0, 1;
    %load/v 9, v0062AE80_0, 1;
    %and 8, 9, 1;
    %load/v 9, v0062B2A0_0, 5;
    %mov 14, 0, 1;
    %cmpi/u 9, 0, 6;
    %inv 4, 1;
    %mov 9, 4, 1;
    %and 8, 9, 1;
    %load/v 9, v0062B2A0_0, 5;
    %load/v 14, v0062ADD0_0, 5;
    %cmp/u 9, 14, 5;
    %mov 9, 4, 1;
    %and 8, 9, 1;
    %jmp/0xz  T_1.48, 8;
    %set/v v0062AA60_0, 1, 2;
T_1.48 ;
    %set/v v0062B140_0, 1, 1;
    %movi 8, 2, 4;
    %set/v v005AA970_0, 8, 4;
    %set/v v005AA9C8_0, 1, 1;
    %set/v v0062AED8_0, 1, 1;
    %load/v 8, v0062A958_0, 1;
    %load/v 9, v005AAA78_0, 1;
    %and 8, 9, 1;
    %load/v 9, v0062B2A0_0, 5;
    %mov 14, 0, 1;
    %cmpi/u 9, 0, 6;
    %inv 4, 1;
    %mov 9, 4, 1;
    %and 8, 9, 1;
    %load/v 9, v0062B2A0_0, 5;
    %load/v 14, v0062AA08_0, 5;
    %cmp/u 9, 14, 5;
    %mov 9, 4, 1;
    %and 8, 9, 1;
    %jmp/0xz  T_1.50, 8;
    %set/v v0062B0E8_0, 1, 1;
    %set/v v0062B140_0, 0, 1;
    %set/v v0062AD78_0, 0, 1;
    %set/v v0062B090_0, 0, 1;
T_1.50 ;
    %jmp T_1.15;
T_1.2 ;
    %load/v 8, v0062AE28_0, 1;
    %load/v 9, v0062B2A0_0, 5;
    %mov 14, 0, 1;
    %cmpi/u 9, 0, 6;
    %inv 4, 1;
    %mov 9, 4, 1;
    %and 8, 9, 1;
    %load/v 9, v0062B2A0_0, 5;
    %load/v 14, v0062ADD0_0, 5;
    %cmp/u 9, 14, 5;
    %mov 9, 4, 1;
    %and 8, 9, 1;
    %jmp/0xz  T_1.52, 8;
    %movi 8, 2, 2;
    %set/v v0062AA60_0, 8, 2;
T_1.52 ;
    %load/v 8, v0062A958_0, 1;
    %load/v 9, v0062B2A0_0, 5;
    %mov 14, 0, 1;
    %cmpi/u 9, 0, 6;
    %inv 4, 1;
    %mov 9, 4, 1;
    %and 8, 9, 1;
    %load/v 9, v0062B2A0_0, 5;
    %load/v 14, v0062AA08_0, 5;
    %cmp/u 9, 14, 5;
    %mov 9, 4, 1;
    %and 8, 9, 1;
    %jmp/0xz  T_1.54, 8;
    %movi 8, 1, 2;
    %set/v v0062AA60_0, 8, 2;
T_1.54 ;
    %load/v 8, v0062AE28_0, 1;
    %load/v 9, v0062AE80_0, 1;
    %and 8, 9, 1;
    %load/v 9, v0062B2A0_0, 5;
    %mov 14, 0, 1;
    %cmpi/u 9, 0, 6;
    %inv 4, 1;
    %mov 9, 4, 1;
    %and 8, 9, 1;
    %load/v 9, v0062B2A0_0, 5;
    %load/v 14, v0062ADD0_0, 5;
    %cmp/u 9, 14, 5;
    %mov 9, 4, 1;
    %and 8, 9, 1;
    %jmp/0xz  T_1.56, 8;
    %set/v v0062AA60_0, 1, 2;
T_1.56 ;
    %set/v v0062B140_0, 1, 1;
    %movi 8, 3, 4;
    %set/v v005AA970_0, 8, 4;
    %set/v v005AA9C8_0, 1, 1;
    %set/v v0062AED8_0, 1, 1;
    %load/v 8, v0062A958_0, 1;
    %load/v 9, v005AAA78_0, 1;
    %and 8, 9, 1;
    %load/v 9, v0062B2A0_0, 5;
    %mov 14, 0, 1;
    %cmpi/u 9, 0, 6;
    %inv 4, 1;
    %mov 9, 4, 1;
    %and 8, 9, 1;
    %load/v 9, v0062B2A0_0, 5;
    %load/v 14, v0062AA08_0, 5;
    %cmp/u 9, 14, 5;
    %mov 9, 4, 1;
    %and 8, 9, 1;
    %jmp/0xz  T_1.58, 8;
    %set/v v0062B0E8_0, 1, 1;
    %set/v v0062B140_0, 0, 1;
    %set/v v0062AD78_0, 0, 1;
    %set/v v0062B090_0, 0, 1;
T_1.58 ;
    %jmp T_1.15;
T_1.3 ;
    %load/v 8, v0062AE28_0, 1;
    %load/v 9, v0062B2A0_0, 5;
    %mov 14, 0, 1;
    %cmpi/u 9, 0, 6;
    %inv 4, 1;
    %mov 9, 4, 1;
    %and 8, 9, 1;
    %load/v 9, v0062B2A0_0, 5;
    %load/v 14, v0062ADD0_0, 5;
    %cmp/u 9, 14, 5;
    %mov 9, 4, 1;
    %and 8, 9, 1;
    %jmp/0xz  T_1.60, 8;
    %movi 8, 2, 2;
    %set/v v0062AA60_0, 8, 2;
T_1.60 ;
    %load/v 8, v0062A958_0, 1;
    %load/v 9, v0062B2A0_0, 5;
    %mov 14, 0, 1;
    %cmpi/u 9, 0, 6;
    %inv 4, 1;
    %mov 9, 4, 1;
    %and 8, 9, 1;
    %load/v 9, v0062B2A0_0, 5;
    %load/v 14, v0062AA08_0, 5;
    %cmp/u 9, 14, 5;
    %mov 9, 4, 1;
    %and 8, 9, 1;
    %jmp/0xz  T_1.62, 8;
    %movi 8, 1, 2;
    %set/v v0062AA60_0, 8, 2;
T_1.62 ;
    %load/v 8, v0062AE28_0, 1;
    %load/v 9, v0062AE80_0, 1;
    %and 8, 9, 1;
    %load/v 9, v0062B2A0_0, 5;
    %mov 14, 0, 1;
    %cmpi/u 9, 0, 6;
    %inv 4, 1;
    %mov 9, 4, 1;
    %and 8, 9, 1;
    %load/v 9, v0062B2A0_0, 5;
    %load/v 14, v0062ADD0_0, 5;
    %cmp/u 9, 14, 5;
    %mov 9, 4, 1;
    %and 8, 9, 1;
    %jmp/0xz  T_1.64, 8;
    %set/v v0062AA60_0, 1, 2;
T_1.64 ;
    %set/v v0062B140_0, 1, 1;
    %set/v v005AA970_0, 0, 4;
    %set/v v005AA9C8_0, 1, 1;
    %set/v v0062AED8_0, 1, 1;
    %set/v v0062AF30_0, 1, 1;
    %load/v 8, v0062A958_0, 1;
    %load/v 9, v005AAA78_0, 1;
    %and 8, 9, 1;
    %load/v 9, v0062B2A0_0, 5;
    %mov 14, 0, 1;
    %cmpi/u 9, 0, 6;
    %inv 4, 1;
    %mov 9, 4, 1;
    %and 8, 9, 1;
    %load/v 9, v0062B2A0_0, 5;
    %load/v 14, v0062AA08_0, 5;
    %cmp/u 9, 14, 5;
    %mov 9, 4, 1;
    %and 8, 9, 1;
    %jmp/0xz  T_1.66, 8;
    %set/v v0062B0E8_0, 1, 1;
    %set/v v0062B140_0, 0, 1;
    %set/v v0062AD78_0, 0, 1;
    %set/v v0062B090_0, 0, 1;
T_1.66 ;
    %jmp T_1.15;
T_1.4 ;
    %load/v 8, v0062AE28_0, 1;
    %load/v 9, v0062B2A0_0, 5;
    %mov 14, 0, 1;
    %cmpi/u 9, 0, 6;
    %inv 4, 1;
    %mov 9, 4, 1;
    %and 8, 9, 1;
    %load/v 9, v0062B2A0_0, 5;
    %load/v 14, v0062ADD0_0, 5;
    %cmp/u 9, 14, 5;
    %mov 9, 4, 1;
    %and 8, 9, 1;
    %jmp/0xz  T_1.68, 8;
    %movi 8, 2, 2;
    %set/v v0062AA60_0, 8, 2;
T_1.68 ;
    %load/v 8, v0062A958_0, 1;
    %load/v 9, v0062B2A0_0, 5;
    %mov 14, 0, 1;
    %cmpi/u 9, 0, 6;
    %inv 4, 1;
    %mov 9, 4, 1;
    %and 8, 9, 1;
    %load/v 9, v0062B2A0_0, 5;
    %load/v 14, v0062AA08_0, 5;
    %cmp/u 9, 14, 5;
    %mov 9, 4, 1;
    %and 8, 9, 1;
    %jmp/0xz  T_1.70, 8;
    %movi 8, 1, 2;
    %set/v v0062AA60_0, 8, 2;
T_1.70 ;
    %load/v 8, v0062AE28_0, 1;
    %load/v 9, v0062AE80_0, 1;
    %and 8, 9, 1;
    %load/v 9, v0062B2A0_0, 5;
    %mov 14, 0, 1;
    %cmpi/u 9, 0, 6;
    %inv 4, 1;
    %mov 9, 4, 1;
    %and 8, 9, 1;
    %load/v 9, v0062B2A0_0, 5;
    %load/v 14, v0062ADD0_0, 5;
    %cmp/u 9, 14, 5;
    %mov 9, 4, 1;
    %and 8, 9, 1;
    %jmp/0xz  T_1.72, 8;
    %set/v v0062AA60_0, 1, 2;
T_1.72 ;
    %load/v 8, v0062AE28_0, 1;
    %load/v 9, v0062B2F8_0, 5;
    %mov 14, 0, 1;
    %cmpi/u 9, 0, 6;
    %inv 4, 1;
    %mov 9, 4, 1;
    %and 8, 9, 1;
    %load/v 9, v0062B2F8_0, 5;
    %load/v 14, v0062ADD0_0, 5;
    %cmp/u 9, 14, 5;
    %mov 9, 4, 1;
    %and 8, 9, 1;
    %jmp/0xz  T_1.74, 8;
    %movi 8, 2, 2;
    %set/v v0062AAB8_0, 8, 2;
T_1.74 ;
    %load/v 8, v0062A958_0, 1;
    %load/v 9, v0062B2F8_0, 5;
    %mov 14, 0, 1;
    %cmpi/u 9, 0, 6;
    %inv 4, 1;
    %mov 9, 4, 1;
    %and 8, 9, 1;
    %load/v 9, v0062B2F8_0, 5;
    %load/v 14, v0062AA08_0, 5;
    %cmp/u 9, 14, 5;
    %mov 9, 4, 1;
    %and 8, 9, 1;
    %jmp/0xz  T_1.76, 8;
    %movi 8, 1, 2;
    %set/v v0062AAB8_0, 8, 2;
T_1.76 ;
    %load/v 8, v0062AE28_0, 1;
    %load/v 9, v0062AE80_0, 1;
    %and 8, 9, 1;
    %load/v 9, v0062B2F8_0, 5;
    %mov 14, 0, 1;
    %cmpi/u 9, 0, 6;
    %inv 4, 1;
    %mov 9, 4, 1;
    %and 8, 9, 1;
    %load/v 9, v0062B2F8_0, 5;
    %load/v 14, v0062ADD0_0, 5;
    %cmp/u 9, 14, 5;
    %mov 9, 4, 1;
    %and 8, 9, 1;
    %jmp/0xz  T_1.78, 8;
    %set/v v0062AAB8_0, 1, 2;
T_1.78 ;
    %load/v 8, v0062AB10_0, 1;
    %jmp/0xz  T_1.80, 8;
    %set/v v005AAA20_0, 1, 1;
    %set/v v0062AD20_0, 0, 1;
T_1.80 ;
    %load/v 8, v0062A958_0, 1;
    %load/v 9, v005AAA78_0, 1;
    %and 8, 9, 1;
    %load/v 9, v0062B2A0_0, 5;
    %mov 14, 0, 1;
    %cmpi/u 9, 0, 6;
    %inv 4, 1;
    %mov 9, 4, 1;
    %load/v 10, v0062B2A0_0, 5;
    %load/v 15, v0062AA08_0, 5;
    %cmp/u 10, 15, 5;
    %mov 10, 4, 1;
    %and 9, 10, 1;
    %load/v 10, v0062B2F8_0, 5;
    %mov 15, 0, 1;
    %cmpi/u 10, 0, 6;
    %inv 4, 1;
    %mov 10, 4, 1;
    %load/v 11, v0062B2F8_0, 5;
    %load/v 16, v0062AA08_0, 5;
    %cmp/u 11, 16, 5;
    %mov 11, 4, 1;
    %and 10, 11, 1;
    %or 9, 10, 1;
    %and 8, 9, 1;
    %jmp/0xz  T_1.82, 8;
    %set/v v0062B0E8_0, 1, 1;
    %set/v v0062B140_0, 0, 1;
    %set/v v0062AD78_0, 0, 1;
    %set/v v0062B090_0, 0, 1;
T_1.82 ;
    %jmp T_1.15;
T_1.5 ;
    %load/v 8, v0062AE28_0, 1;
    %load/v 9, v0062B2A0_0, 5;
    %mov 14, 0, 1;
    %cmpi/u 9, 0, 6;
    %inv 4, 1;
    %mov 9, 4, 1;
    %and 8, 9, 1;
    %load/v 9, v0062B2A0_0, 5;
    %load/v 14, v0062ADD0_0, 5;
    %cmp/u 9, 14, 5;
    %mov 9, 4, 1;
    %and 8, 9, 1;
    %jmp/0xz  T_1.84, 8;
    %movi 8, 2, 2;
    %set/v v0062AA60_0, 8, 2;
T_1.84 ;
    %load/v 8, v0062A958_0, 1;
    %load/v 9, v0062B2A0_0, 5;
    %mov 14, 0, 1;
    %cmpi/u 9, 0, 6;
    %inv 4, 1;
    %mov 9, 4, 1;
    %and 8, 9, 1;
    %load/v 9, v0062B2A0_0, 5;
    %load/v 14, v0062AA08_0, 5;
    %cmp/u 9, 14, 5;
    %mov 9, 4, 1;
    %and 8, 9, 1;
    %jmp/0xz  T_1.86, 8;
    %movi 8, 1, 2;
    %set/v v0062AA60_0, 8, 2;
T_1.86 ;
    %load/v 8, v0062AE28_0, 1;
    %load/v 9, v0062AE80_0, 1;
    %and 8, 9, 1;
    %load/v 9, v0062B2A0_0, 5;
    %mov 14, 0, 1;
    %cmpi/u 9, 0, 6;
    %inv 4, 1;
    %mov 9, 4, 1;
    %and 8, 9, 1;
    %load/v 9, v0062B2A0_0, 5;
    %load/v 14, v0062ADD0_0, 5;
    %cmp/u 9, 14, 5;
    %mov 9, 4, 1;
    %and 8, 9, 1;
    %jmp/0xz  T_1.88, 8;
    %set/v v0062AA60_0, 1, 2;
T_1.88 ;
    %load/v 8, v0062AE28_0, 1;
    %load/v 9, v0062B2F8_0, 5;
    %mov 14, 0, 1;
    %cmpi/u 9, 0, 6;
    %inv 4, 1;
    %mov 9, 4, 1;
    %and 8, 9, 1;
    %load/v 9, v0062B2F8_0, 5;
    %load/v 14, v0062ADD0_0, 5;
    %cmp/u 9, 14, 5;
    %mov 9, 4, 1;
    %and 8, 9, 1;
    %jmp/0xz  T_1.90, 8;
    %movi 8, 2, 2;
    %set/v v0062AAB8_0, 8, 2;
T_1.90 ;
    %load/v 8, v0062A958_0, 1;
    %load/v 9, v0062B2F8_0, 5;
    %mov 14, 0, 1;
    %cmpi/u 9, 0, 6;
    %inv 4, 1;
    %mov 9, 4, 1;
    %and 8, 9, 1;
    %load/v 9, v0062B2F8_0, 5;
    %load/v 14, v0062AA08_0, 5;
    %cmp/u 9, 14, 5;
    %mov 9, 4, 1;
    %and 8, 9, 1;
    %jmp/0xz  T_1.92, 8;
    %movi 8, 1, 2;
    %set/v v0062AAB8_0, 8, 2;
T_1.92 ;
    %load/v 8, v0062AE28_0, 1;
    %load/v 9, v0062AE80_0, 1;
    %and 8, 9, 1;
    %load/v 9, v0062B2F8_0, 5;
    %mov 14, 0, 1;
    %cmpi/u 9, 0, 6;
    %inv 4, 1;
    %mov 9, 4, 1;
    %and 8, 9, 1;
    %load/v 9, v0062B2F8_0, 5;
    %load/v 14, v0062ADD0_0, 5;
    %cmp/u 9, 14, 5;
    %mov 9, 4, 1;
    %and 8, 9, 1;
    %jmp/0xz  T_1.94, 8;
    %set/v v0062AAB8_0, 1, 2;
T_1.94 ;
    %load/v 8, v0062AB10_0, 1;
    %inv 8, 1;
    %jmp/0xz  T_1.96, 8;
    %set/v v005AAA20_0, 1, 1;
    %set/v v0062AD20_0, 0, 1;
T_1.96 ;
    %load/v 8, v0062A958_0, 1;
    %load/v 9, v005AAA78_0, 1;
    %and 8, 9, 1;
    %load/v 9, v0062B2A0_0, 5;
    %mov 14, 0, 1;
    %cmpi/u 9, 0, 6;
    %inv 4, 1;
    %mov 9, 4, 1;
    %load/v 10, v0062B2A0_0, 5;
    %load/v 15, v0062AA08_0, 5;
    %cmp/u 10, 15, 5;
    %mov 10, 4, 1;
    %and 9, 10, 1;
    %load/v 10, v0062B2F8_0, 5;
    %mov 15, 0, 1;
    %cmpi/u 10, 0, 6;
    %inv 4, 1;
    %mov 10, 4, 1;
    %load/v 11, v0062B2F8_0, 5;
    %load/v 16, v0062AA08_0, 5;
    %cmp/u 11, 16, 5;
    %mov 11, 4, 1;
    %and 10, 11, 1;
    %or 9, 10, 1;
    %and 8, 9, 1;
    %jmp/0xz  T_1.98, 8;
    %set/v v0062B0E8_0, 1, 1;
    %set/v v0062B140_0, 0, 1;
    %set/v v0062AD78_0, 0, 1;
    %set/v v0062B090_0, 0, 1;
T_1.98 ;
    %jmp T_1.15;
T_1.6 ;
    %set/v v0062AD20_0, 1, 1;
    %set/v v005AAA20_0, 1, 1;
    %jmp T_1.15;
T_1.7 ;
    %set/v v0062AD20_0, 1, 1;
    %set/v v005AAA20_0, 1, 1;
    %set/v v0062AC70_0, 1, 1;
    %movi 8, 4, 4;
    %set/v v005AA970_0, 8, 4;
    %set/v v0062B140_0, 1, 1;
    %jmp T_1.15;
T_1.8 ;
    %load/v 8, v0062AE28_0, 1;
    %load/v 9, v0062B2A0_0, 5;
    %mov 14, 0, 1;
    %cmpi/u 9, 0, 6;
    %inv 4, 1;
    %mov 9, 4, 1;
    %and 8, 9, 1;
    %load/v 9, v0062B2A0_0, 5;
    %load/v 14, v0062ADD0_0, 5;
    %cmp/u 9, 14, 5;
    %mov 9, 4, 1;
    %and 8, 9, 1;
    %jmp/0xz  T_1.100, 8;
    %movi 8, 2, 2;
    %set/v v0062AA60_0, 8, 2;
T_1.100 ;
    %load/v 8, v0062A958_0, 1;
    %load/v 9, v0062B2A0_0, 5;
    %mov 14, 0, 1;
    %cmpi/u 9, 0, 6;
    %inv 4, 1;
    %mov 9, 4, 1;
    %and 8, 9, 1;
    %load/v 9, v0062B2A0_0, 5;
    %load/v 14, v0062AA08_0, 5;
    %cmp/u 9, 14, 5;
    %mov 9, 4, 1;
    %and 8, 9, 1;
    %jmp/0xz  T_1.102, 8;
    %movi 8, 1, 2;
    %set/v v0062AA60_0, 8, 2;
T_1.102 ;
    %load/v 8, v0062AE28_0, 1;
    %load/v 9, v0062AE80_0, 1;
    %and 8, 9, 1;
    %load/v 9, v0062B2A0_0, 5;
    %mov 14, 0, 1;
    %cmpi/u 9, 0, 6;
    %inv 4, 1;
    %mov 9, 4, 1;
    %and 8, 9, 1;
    %load/v 9, v0062B2A0_0, 5;
    %load/v 14, v0062ADD0_0, 5;
    %cmp/u 9, 14, 5;
    %mov 9, 4, 1;
    %and 8, 9, 1;
    %jmp/0xz  T_1.104, 8;
    %set/v v0062AA60_0, 1, 2;
T_1.104 ;
    %set/v v0062B140_0, 1, 1;
    %set/v v0062AD78_0, 1, 1;
    %movi 8, 2, 4;
    %set/v v005AA970_0, 8, 4;
    %set/v v005AA9C8_0, 1, 1;
    %set/v v0062AED8_0, 1, 1;
    %set/v v0062AF30_0, 0, 1;
    %load/v 8, v0062A958_0, 1;
    %load/v 9, v005AAA78_0, 1;
    %and 8, 9, 1;
    %load/v 9, v0062B2A0_0, 5;
    %mov 14, 0, 1;
    %cmpi/u 9, 0, 6;
    %inv 4, 1;
    %mov 9, 4, 1;
    %and 8, 9, 1;
    %load/v 9, v0062B2A0_0, 5;
    %load/v 14, v0062AA08_0, 5;
    %cmp/u 9, 14, 5;
    %mov 9, 4, 1;
    %and 8, 9, 1;
    %jmp/0xz  T_1.106, 8;
    %set/v v0062B0E8_0, 1, 1;
    %set/v v0062B140_0, 0, 1;
    %set/v v0062AD78_0, 0, 1;
    %set/v v0062B090_0, 0, 1;
T_1.106 ;
    %jmp T_1.15;
T_1.9 ;
    %load/v 8, v0062AE28_0, 1;
    %load/v 9, v0062B2A0_0, 5;
    %mov 14, 0, 1;
    %cmpi/u 9, 0, 6;
    %inv 4, 1;
    %mov 9, 4, 1;
    %and 8, 9, 1;
    %load/v 9, v0062B2A0_0, 5;
    %load/v 14, v0062ADD0_0, 5;
    %cmp/u 9, 14, 5;
    %mov 9, 4, 1;
    %and 8, 9, 1;
    %jmp/0xz  T_1.108, 8;
    %movi 8, 2, 2;
    %set/v v0062AA60_0, 8, 2;
T_1.108 ;
    %load/v 8, v0062A958_0, 1;
    %load/v 9, v0062B2A0_0, 5;
    %mov 14, 0, 1;
    %cmpi/u 9, 0, 6;
    %inv 4, 1;
    %mov 9, 4, 1;
    %and 8, 9, 1;
    %load/v 9, v0062B2A0_0, 5;
    %load/v 14, v0062AA08_0, 5;
    %cmp/u 9, 14, 5;
    %mov 9, 4, 1;
    %and 8, 9, 1;
    %jmp/0xz  T_1.110, 8;
    %movi 8, 1, 2;
    %set/v v0062AA60_0, 8, 2;
T_1.110 ;
    %load/v 8, v0062AE28_0, 1;
    %load/v 9, v0062AE80_0, 1;
    %and 8, 9, 1;
    %load/v 9, v0062B2A0_0, 5;
    %mov 14, 0, 1;
    %cmpi/u 9, 0, 6;
    %inv 4, 1;
    %mov 9, 4, 1;
    %and 8, 9, 1;
    %load/v 9, v0062B2A0_0, 5;
    %load/v 14, v0062ADD0_0, 5;
    %cmp/u 9, 14, 5;
    %mov 9, 4, 1;
    %and 8, 9, 1;
    %jmp/0xz  T_1.112, 8;
    %set/v v0062AA60_0, 1, 2;
T_1.112 ;
    %set/v v0062B140_0, 1, 1;
    %movi 8, 1, 4;
    %set/v v005AA970_0, 8, 4;
    %set/v v005AA9C8_0, 1, 1;
    %set/v v0062AED8_0, 1, 1;
    %set/v v0062AF30_0, 1, 1;
    %load/v 8, v0062A958_0, 1;
    %load/v 9, v005AAA78_0, 1;
    %and 8, 9, 1;
    %load/v 9, v0062B2A0_0, 5;
    %mov 14, 0, 1;
    %cmpi/u 9, 0, 6;
    %inv 4, 1;
    %mov 9, 4, 1;
    %and 8, 9, 1;
    %load/v 9, v0062B2A0_0, 5;
    %load/v 14, v0062AA08_0, 5;
    %cmp/u 9, 14, 5;
    %mov 9, 4, 1;
    %and 8, 9, 1;
    %jmp/0xz  T_1.114, 8;
    %set/v v0062B0E8_0, 1, 1;
    %set/v v0062B140_0, 0, 1;
    %set/v v0062AD78_0, 0, 1;
    %set/v v0062B090_0, 0, 1;
T_1.114 ;
    %jmp T_1.15;
T_1.10 ;
    %load/v 8, v0062AE28_0, 1;
    %load/v 9, v0062B2A0_0, 5;
    %mov 14, 0, 1;
    %cmpi/u 9, 0, 6;
    %inv 4, 1;
    %mov 9, 4, 1;
    %and 8, 9, 1;
    %load/v 9, v0062B2A0_0, 5;
    %load/v 14, v0062ADD0_0, 5;
    %cmp/u 9, 14, 5;
    %mov 9, 4, 1;
    %and 8, 9, 1;
    %jmp/0xz  T_1.116, 8;
    %movi 8, 2, 2;
    %set/v v0062AA60_0, 8, 2;
T_1.116 ;
    %load/v 8, v0062A958_0, 1;
    %load/v 9, v0062B2A0_0, 5;
    %mov 14, 0, 1;
    %cmpi/u 9, 0, 6;
    %inv 4, 1;
    %mov 9, 4, 1;
    %and 8, 9, 1;
    %load/v 9, v0062B2A0_0, 5;
    %load/v 14, v0062AA08_0, 5;
    %cmp/u 9, 14, 5;
    %mov 9, 4, 1;
    %and 8, 9, 1;
    %jmp/0xz  T_1.118, 8;
    %movi 8, 1, 2;
    %set/v v0062AA60_0, 8, 2;
T_1.118 ;
    %load/v 8, v0062AE28_0, 1;
    %load/v 9, v0062AE80_0, 1;
    %and 8, 9, 1;
    %load/v 9, v0062B2A0_0, 5;
    %mov 14, 0, 1;
    %cmpi/u 9, 0, 6;
    %inv 4, 1;
    %mov 9, 4, 1;
    %and 8, 9, 1;
    %load/v 9, v0062B2A0_0, 5;
    %load/v 14, v0062ADD0_0, 5;
    %cmp/u 9, 14, 5;
    %mov 9, 4, 1;
    %and 8, 9, 1;
    %jmp/0xz  T_1.120, 8;
    %set/v v0062AA60_0, 1, 2;
T_1.120 ;
    %set/v v0062B140_0, 1, 1;
    %movi 8, 7, 4;
    %set/v v005AA970_0, 8, 4;
    %set/v v005AA9C8_0, 1, 1;
    %set/v v0062AED8_0, 1, 1;
    %set/v v0062AF30_0, 0, 1;
    %load/v 8, v0062A958_0, 1;
    %load/v 9, v005AAA78_0, 1;
    %and 8, 9, 1;
    %load/v 9, v0062B2A0_0, 5;
    %mov 14, 0, 1;
    %cmpi/u 9, 0, 6;
    %inv 4, 1;
    %mov 9, 4, 1;
    %and 8, 9, 1;
    %load/v 9, v0062B2A0_0, 5;
    %load/v 14, v0062AA08_0, 5;
    %cmp/u 9, 14, 5;
    %mov 9, 4, 1;
    %and 8, 9, 1;
    %jmp/0xz  T_1.122, 8;
    %set/v v0062B0E8_0, 1, 1;
    %set/v v0062B140_0, 0, 1;
    %set/v v0062AD78_0, 0, 1;
    %set/v v0062B090_0, 0, 1;
T_1.122 ;
    %jmp T_1.15;
T_1.11 ;
    %load/v 8, v0062AE28_0, 1;
    %load/v 9, v0062B2A0_0, 5;
    %mov 14, 0, 1;
    %cmpi/u 9, 0, 6;
    %inv 4, 1;
    %mov 9, 4, 1;
    %and 8, 9, 1;
    %load/v 9, v0062B2A0_0, 5;
    %load/v 14, v0062ADD0_0, 5;
    %cmp/u 9, 14, 5;
    %mov 9, 4, 1;
    %and 8, 9, 1;
    %jmp/0xz  T_1.124, 8;
    %movi 8, 2, 2;
    %set/v v0062AA60_0, 8, 2;
T_1.124 ;
    %load/v 8, v0062A958_0, 1;
    %load/v 9, v0062B2A0_0, 5;
    %mov 14, 0, 1;
    %cmpi/u 9, 0, 6;
    %inv 4, 1;
    %mov 9, 4, 1;
    %and 8, 9, 1;
    %load/v 9, v0062B2A0_0, 5;
    %load/v 14, v0062AA08_0, 5;
    %cmp/u 9, 14, 5;
    %mov 9, 4, 1;
    %and 8, 9, 1;
    %jmp/0xz  T_1.126, 8;
    %movi 8, 1, 2;
    %set/v v0062AA60_0, 8, 2;
T_1.126 ;
    %load/v 8, v0062AE28_0, 1;
    %load/v 9, v0062AE80_0, 1;
    %and 8, 9, 1;
    %load/v 9, v0062B2A0_0, 5;
    %mov 14, 0, 1;
    %cmpi/u 9, 0, 6;
    %inv 4, 1;
    %mov 9, 4, 1;
    %and 8, 9, 1;
    %load/v 9, v0062B2A0_0, 5;
    %load/v 14, v0062ADD0_0, 5;
    %cmp/u 9, 14, 5;
    %mov 9, 4, 1;
    %and 8, 9, 1;
    %jmp/0xz  T_1.128, 8;
    %set/v v0062AA60_0, 1, 2;
T_1.128 ;
    %set/v v0062B140_0, 1, 1;
    %movi 8, 5, 4;
    %set/v v005AA970_0, 8, 4;
    %set/v v005AA9C8_0, 1, 1;
    %set/v v0062AED8_0, 1, 1;
    %set/v v0062AF30_0, 0, 1;
    %load/v 8, v0062A958_0, 1;
    %load/v 9, v005AAA78_0, 1;
    %and 8, 9, 1;
    %load/v 9, v0062B2A0_0, 5;
    %mov 14, 0, 1;
    %cmpi/u 9, 0, 6;
    %inv 4, 1;
    %mov 9, 4, 1;
    %and 8, 9, 1;
    %load/v 9, v0062B2A0_0, 5;
    %load/v 14, v0062AA08_0, 5;
    %cmp/u 9, 14, 5;
    %mov 9, 4, 1;
    %and 8, 9, 1;
    %jmp/0xz  T_1.130, 8;
    %set/v v0062B0E8_0, 1, 1;
    %set/v v0062B140_0, 0, 1;
    %set/v v0062AD78_0, 0, 1;
    %set/v v0062B090_0, 0, 1;
T_1.130 ;
    %jmp T_1.15;
T_1.12 ;
    %load/v 8, v0062AE28_0, 1;
    %load/v 9, v0062B2A0_0, 5;
    %mov 14, 0, 1;
    %cmpi/u 9, 0, 6;
    %inv 4, 1;
    %mov 9, 4, 1;
    %and 8, 9, 1;
    %load/v 9, v0062B2A0_0, 5;
    %load/v 14, v0062ADD0_0, 5;
    %cmp/u 9, 14, 5;
    %mov 9, 4, 1;
    %and 8, 9, 1;
    %jmp/0xz  T_1.132, 8;
    %movi 8, 2, 2;
    %set/v v0062AA60_0, 8, 2;
T_1.132 ;
    %load/v 8, v0062A958_0, 1;
    %load/v 9, v0062B2A0_0, 5;
    %mov 14, 0, 1;
    %cmpi/u 9, 0, 6;
    %inv 4, 1;
    %mov 9, 4, 1;
    %and 8, 9, 1;
    %load/v 9, v0062B2A0_0, 5;
    %load/v 14, v0062AA08_0, 5;
    %cmp/u 9, 14, 5;
    %mov 9, 4, 1;
    %and 8, 9, 1;
    %jmp/0xz  T_1.134, 8;
    %movi 8, 1, 2;
    %set/v v0062AA60_0, 8, 2;
T_1.134 ;
    %load/v 8, v0062AE28_0, 1;
    %load/v 9, v0062AE80_0, 1;
    %and 8, 9, 1;
    %load/v 9, v0062B2A0_0, 5;
    %mov 14, 0, 1;
    %cmpi/u 9, 0, 6;
    %inv 4, 1;
    %mov 9, 4, 1;
    %and 8, 9, 1;
    %load/v 9, v0062B2A0_0, 5;
    %load/v 14, v0062ADD0_0, 5;
    %cmp/u 9, 14, 5;
    %mov 9, 4, 1;
    %and 8, 9, 1;
    %jmp/0xz  T_1.136, 8;
    %set/v v0062AA60_0, 1, 2;
T_1.136 ;
    %load/v 8, v0062AE28_0, 1;
    %load/v 9, v0062B2F8_0, 5;
    %mov 14, 0, 1;
    %cmpi/u 9, 0, 6;
    %inv 4, 1;
    %mov 9, 4, 1;
    %and 8, 9, 1;
    %load/v 9, v0062B2F8_0, 5;
    %load/v 14, v0062ADD0_0, 5;
    %cmp/u 9, 14, 5;
    %mov 9, 4, 1;
    %and 8, 9, 1;
    %jmp/0xz  T_1.138, 8;
    %movi 8, 2, 2;
    %set/v v0062AAB8_0, 8, 2;
T_1.138 ;
    %load/v 8, v0062A958_0, 1;
    %load/v 9, v0062B2F8_0, 5;
    %mov 14, 0, 1;
    %cmpi/u 9, 0, 6;
    %inv 4, 1;
    %mov 9, 4, 1;
    %and 8, 9, 1;
    %load/v 9, v0062B2F8_0, 5;
    %load/v 14, v0062AA08_0, 5;
    %cmp/u 9, 14, 5;
    %mov 9, 4, 1;
    %and 8, 9, 1;
    %jmp/0xz  T_1.140, 8;
    %movi 8, 1, 2;
    %set/v v0062AAB8_0, 8, 2;
T_1.140 ;
    %load/v 8, v0062AE28_0, 1;
    %load/v 9, v0062AE80_0, 1;
    %and 8, 9, 1;
    %load/v 9, v0062B2F8_0, 5;
    %mov 14, 0, 1;
    %cmpi/u 9, 0, 6;
    %inv 4, 1;
    %mov 9, 4, 1;
    %and 8, 9, 1;
    %load/v 9, v0062B2F8_0, 5;
    %load/v 14, v0062ADD0_0, 5;
    %cmp/u 9, 14, 5;
    %mov 9, 4, 1;
    %and 8, 9, 1;
    %jmp/0xz  T_1.142, 8;
    %set/v v0062AAB8_0, 1, 2;
T_1.142 ;
    %set/v v0062B140_0, 0, 1;
    %set/v v0062B090_0, 1, 1;
    %movi 8, 2, 4;
    %set/v v005AA970_0, 8, 4;
    %set/v v005AA9C8_0, 1, 1;
    %load/v 8, v0062A958_0, 1;
    %load/v 9, v005AAA78_0, 1;
    %and 8, 9, 1;
    %load/v 9, v0062B2A0_0, 5;
    %mov 14, 0, 1;
    %cmpi/u 9, 0, 6;
    %inv 4, 1;
    %mov 9, 4, 1;
    %load/v 10, v0062B2A0_0, 5;
    %load/v 15, v0062AA08_0, 5;
    %cmp/u 10, 15, 5;
    %mov 10, 4, 1;
    %and 9, 10, 1;
    %load/v 10, v0062B2F8_0, 5;
    %mov 15, 0, 1;
    %cmpi/u 10, 0, 6;
    %inv 4, 1;
    %mov 10, 4, 1;
    %load/v 11, v0062B2F8_0, 5;
    %load/v 16, v0062AA08_0, 5;
    %cmp/u 11, 16, 5;
    %mov 11, 4, 1;
    %and 10, 11, 1;
    %or 9, 10, 1;
    %and 8, 9, 1;
    %jmp/0xz  T_1.144, 8;
    %set/v v0062B0E8_0, 1, 1;
    %set/v v0062B140_0, 0, 1;
    %set/v v0062AD78_0, 0, 1;
    %set/v v0062B090_0, 0, 1;
T_1.144 ;
    %jmp T_1.15;
T_1.13 ;
    %set/v v0062B140_0, 1, 1;
    %set/v v005AA970_0, 1, 4;
    %set/v v005AA9C8_0, 1, 1;
    %set/v v0062AED8_0, 1, 1;
    %set/v v0062AF30_0, 0, 1;
    %jmp T_1.15;
T_1.15 ;
    %load/v 8, v0062A900_0, 1;
    %load/v 9, v0062ABC0_0, 32;
    %load/v 41, v0062A9B0_0, 32;
    %cmp/u 9, 41, 32;
    %mov 9, 4, 1;
    %and 8, 9, 1;
    %jmp/0xz  T_1.146, 8;
    %set/v v0062AFE0_0, 1, 1;
    %set/v v0062B0E8_0, 1, 1;
    %set/v v0062B140_0, 0, 1;
    %set/v v0062AD78_0, 0, 1;
    %set/v v0062B090_0, 0, 1;
T_1.146 ;
    %load/v 8, v0062A900_0, 1;
    %load/v 9, v0062AC18_0, 32;
    %load/v 41, v0062A9B0_0, 32;
    %cmp/u 9, 41, 32;
    %mov 9, 4, 1;
    %and 8, 9, 1;
    %jmp/0xz  T_1.148, 8;
    %set/v v0062B038_0, 1, 1;
T_1.148 ;
    %jmp T_1;
    .thread T_1, $push;
    .scope S_005A3BC8;
T_2 ;
    %set/v v00631508_0, 0, 32;
T_2.0 ;
    %load/v 8, v00631508_0, 32;
    %movi 40, 1048576, 32;
    %cmp/u 8, 40, 32;
    %jmp/0xz T_2.1, 5;
    %ix/getv 3, v00631508_0;
   %jmp/1 t_0, 4;
   %ix/load 1, 0, 0;
   %set/av v0062C668, 0, 8;
t_0 ;
    %ix/load 0, 1, 0;
    %load/vp0 8, v00631508_0, 32;
    %set/v v00631508_0, 8, 32;
    %jmp T_2.0;
T_2.1 ;
    %set/v v00631508_0, 0, 32;
T_2.2 ;
    %load/v 8, v00631508_0, 32;
   %cmpi/u 8, 32, 32;
    %jmp/0xz T_2.3, 5;
    %ix/getv 3, v00631508_0;
   %jmp/1 t_1, 4;
   %ix/load 1, 0, 0;
   %set/av v0062C820, 0, 32;
t_1 ;
    %ix/load 0, 1, 0;
    %load/vp0 8, v00631508_0, 32;
    %set/v v00631508_0, 8, 32;
    %jmp T_2.2;
T_2.3 ;
    %set/v v006314B0_0, 0, 1;
    %set/v v00631560_0, 0, 1;
    %set/v v0062C6C0_0, 0, 32;
    %set/v v0062BF88_0, 0, 32;
    %set/v v0062B770_0, 0, 1;
    %set/v v0062B668_0, 0, 1;
    %set/v v0062B718_0, 0, 1;
    %set/v v0062C610_0, 0, 1;
    %set/v v0062C560_0, 0, 1;
    %set/v v0062C5B8_0, 0, 1;
    %set/v v0062CC70_0, 0, 1;
    %set/v v0062CB10_0, 0, 1;
    %vpi_call 2 52 "$readmemb", "example.mif", v0062C668;
    %end;
    .thread T_2;
    .scope S_005A3BC8;
T_3 ;
    %delay 2, 0;
    %load/v 8, v006314B0_0, 1;
    %inv 8, 1;
    %set/v v006314B0_0, 8, 1;
    %jmp T_3;
    .thread T_3;
    .scope S_005A3BC8;
T_4 ;
    %delay 1, 0;
    %load/v 8, v00631560_0, 1;
    %inv 8, 1;
    %set/v v00631560_0, 8, 1;
    %jmp T_4;
    .thread T_4;
    .scope S_005A3BC8;
T_5 ;
    %wait E_0066CA88;
    %movi 8, 524288, 32;
    %load/v 40, v0062C6C0_0, 32;
    %cmp/u 8, 40, 32;
    %jmp/0xz  T_5.0, 5;
    %set/v v00631508_0, 0, 32;
T_5.2 ;
    %load/v 8, v00631508_0, 32;
   %cmpi/u 8, 32, 32;
    %jmp/0xz T_5.3, 5;
    %vpi_call 2 108 "$display", "%d in REG[%d]", &A<v0062C820, v00631508_0 >, v00631508_0;
    %ix/load 0, 1, 0;
    %load/vp0 8, v00631508_0, 32;
    %set/v v00631508_0, 8, 32;
    %jmp T_5.2;
T_5.3 ;
    %movi 8, 524288, 32;
    %set/v v00631508_0, 8, 32;
T_5.4 ;
    %load/v 8, v00631508_0, 32;
    %movi 40, 524400, 32;
    %cmp/u 8, 40, 32;
    %jmp/0xz T_5.5, 5;
    %vpi_call 2 110 "$display", "%d in MEM[%d]", &A<v0062C668, v00631508_0 >, v00631508_0;
    %ix/load 0, 1, 0;
    %load/vp0 8, v00631508_0, 32;
    %set/v v00631508_0, 8, 32;
    %jmp T_5.4;
T_5.5 ;
    %set/v v00631508_0, 0, 32;
T_5.6 ;
    %load/v 8, v00631508_0, 32;
   %cmpi/u 8, 8, 32;
    %jmp/0xz T_5.7, 5;
    %vpi_call 2 112 "$display", "%d in MEM[%d]", &A<v0062C668, v00631508_0 >, v00631508_0;
    %ix/load 0, 1, 0;
    %load/vp0 8, v00631508_0, 32;
    %set/v v00631508_0, 8, 32;
    %jmp T_5.6;
T_5.7 ;
    %vpi_call 2 113 "$finish";
T_5.0 ;
    %jmp T_5;
    .thread T_5, $push;
    .scope S_005A3BC8;
T_6 ;
    %wait E_0066CB08;
    %vpi_call 2 120 "$display", "Time %0d! PC:%h, IDIR:%h, FWDA:%0b,FWDB:%0b", $time, v0062C6C0_0, v0062BE80_0, v0062BAB8_0, v0062BB10_0;
    %vpi_call 2 122 "$display", "---";
    %load/v 8, v0062CBC0_0, 1;
    %inv 8, 1;
    %jmp/0xz  T_6.0, 8;
    %load/v 8, v0062C770_0, 32;
    %ix/load 0, 32, 0;
    %assign/v0 v0062C6C0_0, 1, 8;
    %load/v 8, v0062C140_0, 32;
    %ix/load 0, 32, 0;
    %assign/v0 v0062C038_0, 1, 8;
    %load/v 8, v0062C0E8_0, 32;
    %ix/load 0, 32, 0;
    %assign/v0 v0062BFE0_0, 1, 8;
    %load/v 8, v0062B560_0, 1;
    %inv 8, 1;
    %jmp/0xz  T_6.2, 8;
    %load/v 8, v0062C090_0, 32;
    %ix/load 0, 32, 0;
    %assign/v0 v0062BF88_0, 1, 8;
    %jmp T_6.3;
T_6.2 ;
    %ix/load 0, 32, 0;
    %assign/v0 v0062BFE0_0, 1, 1;
    %ix/load 0, 32, 0;
    %assign/v0 v0062BF88_0, 1, 0;
    %vpi_call 2 134 "$display", "# BRANCH to 'h%h ,and IFIDIR will be flushed", v0062C770_0;
T_6.3 ;
T_6.0 ;
    %load/v 8, v0062CBC0_0, 1;
    %load/v 9, v0062C958_0, 1;
    %and 8, 9, 1;
    %jmp/0xz  T_6.4, 8;
    %vpi_call 2 140 "$display", "# SMC: 'h%h change to 'h%h at PC 'h%h", v0062BF88_0, v0062BD20_0, v0062BED8_0;
    %load/v 8, v0062BD20_0, 32;
    %ix/load 0, 32, 0;
    %assign/v0 v0062BF88_0, 1, 8;
T_6.4 ;
    %load/v 8, v0062BBC0_0, 32;
    %ix/load 0, 32, 0;
    %assign/v0 v0062BCC8_0, 1, 8;
    %load/v 8, v0062BB68_0, 32;
    %ix/load 0, 32, 0;
    %assign/v0 v0062BD20_0, 1, 8;
    %load/v 8, v0062BE28_0, 32;
    %ix/load 0, 32, 0;
    %assign/v0 v0062BDD0_0, 1, 8;
    %load/v 8, v0062BC18_0, 5;
    %ix/load 0, 5, 0;
    %assign/v0 v0062BD78_0, 1, 8;
    %load/v 8, v0062CC18_0, 1;
    %ix/load 0, 1, 0;
    %assign/v0 v0062B770_0, 1, 8;
    %load/v 8, v0062C2A0_0, 1;
    %ix/load 0, 1, 0;
    %assign/v0 v0062B668_0, 1, 8;
    %load/v 8, v0062CB68_0, 1;
    %ix/load 0, 1, 0;
    %assign/v0 v0062B718_0, 1, 8;
    %load/v 8, v0062B508_0, 1;
    %ix/load 0, 1, 0;
    %assign/v0 v0062B610_0, 1, 8;
    %load/v 8, v0062C900_0, 1;
    %ix/load 0, 1, 0;
    %assign/v0 v0062B6C0_0, 1, 8;
    %load/v 8, v0062B4B0_0, 4;
    %ix/load 0, 4, 0;
    %assign/v0 v0062B5B8_0, 1, 8;
    %load/v 8, v0062B820_0, 32;
    %ix/load 0, 32, 0;
    %assign/v0 v0062B9B0_0, 1, 8;
    %load/v 8, v0062BD20_0, 32;
    %ix/load 0, 32, 0;
    %assign/v0 v0062BA08_0, 1, 8;
    %load/v 8, v0062B900_0, 5;
    %ix/load 0, 5, 0;
    %assign/v0 v0062BA60_0, 1, 8;
    %load/v 8, v0062B770_0, 1;
    %ix/load 0, 1, 0;
    %assign/v0 v0062C610_0, 1, 8;
    %load/v 8, v0062B668_0, 1;
    %ix/load 0, 1, 0;
    %assign/v0 v0062C560_0, 1, 8;
    %load/v 8, v0062B718_0, 1;
    %ix/load 0, 1, 0;
    %assign/v0 v0062C5B8_0, 1, 8;
    %load/v 8, v0062C3A8_0, 32;
    %ix/load 0, 32, 0;
    %assign/v0 v0062C4B0_0, 1, 8;
    %load/v 8, v0062C2F8_0, 32;
    %ix/load 0, 32, 0;
    %assign/v0 v0062C458_0, 1, 8;
    %load/v 8, v0062C400_0, 5;
    %ix/load 0, 5, 0;
    %assign/v0 v0062C508_0, 1, 8;
    %load/v 8, v0062C610_0, 1;
    %ix/load 0, 1, 0;
    %assign/v0 v0062CC70_0, 1, 8;
    %load/v 8, v0062C560_0, 1;
    %ix/load 0, 1, 0;
    %assign/v0 v0062CB10_0, 1, 8;
    %jmp T_6;
    .thread T_6;
    .scope S_005A3BC8;
T_7 ;
    %wait E_0066CAE8;
    %load/v 8, v0062CC70_0, 1;
    %jmp/0xz  T_7.0, 8;
    %vpi_call 2 180 "$display", "# Store 'h%h in REG[%d]", v0062CAB8_0, v0062C508_0;
    %load/v 8, v0062CAB8_0, 32;
    %ix/getv 3, v0062C508_0;
    %jmp/1 t_2, 4;
    %ix/load 0, 32, 0; word width
    %ix/load 1, 0, 0; part off
    %assign/av v0062C820, 1, 8;
t_2 ;
T_7.0 ;
    %load/v 8, v0062C5B8_0, 1;
    %jmp/0xz  T_7.2, 8;
    %ix/load 1, 2, 0;
    %mov 4, 0, 1;
    %jmp/1 T_7.4, 4;
    %load/x1p 40, v0062C2F8_0, 30;
    %jmp T_7.5;
T_7.4 ;
    %mov 40, 2, 30;
T_7.5 ;
    %mov 8, 40, 30; Move signal select into place
    %mov 38, 0, 2;
    %vpi_call 2 186 "$display", "# Store 'h%h in MEM[%h]", v0062C350_0, T<8,32,u>;
    %load/v 8, v0062C350_0, 32;
    %ix/load 0, 3, 0;
    %load/vp0 40, v0062C2F8_0, 32;
    %ix/get 3, 40, 32;
    %jmp/1 t_3, 4;
    %ix/load 0, 8, 0; word width
    %ix/load 1, 0, 0; part off
    %assign/av v0062C668, 1, 8;
t_3 ;
    %ix/load 0, 2, 0;
    %load/vp0 40, v0062C2F8_0, 32;
    %ix/get 3, 40, 32;
    %jmp/1 t_4, 4;
    %ix/load 0, 8, 0; word width
    %ix/load 1, 0, 0; part off
    %assign/av v0062C668, 1, 16;
t_4 ;
    %ix/load 0, 1, 0;
    %load/vp0 40, v0062C2F8_0, 32;
    %ix/get 3, 40, 32;
    %jmp/1 t_5, 4;
    %ix/load 0, 8, 0; word width
    %ix/load 1, 0, 0; part off
    %assign/av v0062C668, 1, 24;
t_5 ;
    %ix/getv 3, v0062C2F8_0;
    %jmp/1 t_6, 4;
    %ix/load 0, 8, 0; word width
    %ix/load 1, 0, 0; part off
    %assign/av v0062C668, 1, 32;
t_6 ;
T_7.2 ;
    %jmp T_7;
    .thread T_7;
# The file index is used to find the file name in the following table.
:file_names 5;
    "N/A";
    "<interactive>";
    "cpu.v";
    "./alu.v";
    "./controler.v";
