# MinGW does not support an executable header.
:ivl_version "0.9.3 " "(v0_9_3)";
:vpi_time_precision + 0;
:vpi_module "system";
:vpi_module "v2005_math";
:vpi_module "va_math";
S_006E3C20 .scope module, "CPU" "CPU" 2 3;
 .timescale 0 0;
P_0072555C .param/l "FINISHPC" 2 5, +C4<011000011010100000>;
P_00725570 .param/l "MEMSIZE" 2 5, +C4<0100000000000000000000>;
L_00725600 .functor BUFZ 32, v00784348_0, C4<00000000000000000000000000000000>, C4<00000000000000000000000000000000>, C4<00000000000000000000000000000000>;
L_007883A8 .functor OR 1, L_007879E0, L_00787AE8, C4<0>, C4<0>;
L_00788450 .functor AND 1, L_007883A8, v006EA3C0_0, C4<1>, C4<1>;
v00782F80_0 .net "ALUC", 3 0, v006EA2B8_0; 1 drivers
v00782FD8_0 .net "ALUIMM", 0 0, v006EA310_0; 1 drivers
v00783030_0 .net "BRANCH", 0 0, v006EA368_0; 1 drivers
v00783088_0 .net "DBP", 0 0, v006EA3C0_0; 1 drivers
v007830E0_0 .net "DBPS", 0 0, v006EA418_0; 1 drivers
v00783138_0 .var "EALUC", 3 0;
v00783190_0 .var "EALUIMM", 0 0;
v007831E8_0 .var "EM2REG", 0 0;
v00783240_0 .var "ESHIFT", 0 0;
v00783298_0 .var "EWMEM", 0 0;
v007832F0_0 .var "EWREG", 0 0;
v00783348_0 .net "EXA", 31 0, v00783818_0; 1 drivers
v007833A0_0 .net "EXALU", 31 0, v00782ED0_0; 1 drivers
v007833F8_0 .net "EXB", 31 0, L_0078E670; 1 drivers
v00783450_0 .net "EXDES", 4 0, v007838F8_0; 1 drivers
v007834A8_0 .net "EXIMM", 31 0, v00783950_0; 1 drivers
v00783500_0 .var "EXMEALU", 31 0;
v00783558_0 .var "EXMEB", 31 0;
v007835B0_0 .var "EXMEDES", 4 0;
v00783660_0 .net "FWDA", 1 0, v006EA628_0; 1 drivers
v00783608_0 .net "FWDB", 1 0, v006EA680_0; 1 drivers
v007836B8_0 .net "IDA", 31 0, L_00788EC8; 1 drivers
v00783710_0 .net "IDB", 31 0, L_007893F0; 1 drivers
v00783768_0 .net "IDDES", 4 0, L_0078E618; 1 drivers
v007837C0_0 .net "IDEQU", 0 0, L_007894A0; 1 drivers
v00783818_0 .var "IDEXA", 31 0;
v00783870_0 .var "IDEXB", 31 0;
v007838F8_0 .var "IDEXDES", 4 0;
v00783950_0 .var "IDEXIMM", 31 0;
v007839A8_0 .net "IDIMM", 31 0, L_0078E4B8; 1 drivers
v00783A00_0 .net "IDIR", 31 0, v00783B08_0; 1 drivers
v00783A58_0 .net "IDPC", 31 0, v00783B60_0; 1 drivers
v00783AB0_0 .net "IDPC4", 31 0, v00783BB8_0; 1 drivers
v00783B08_0 .var "IFIDIR", 31 0;
v00783B60_0 .var "IFIDPC", 31 0;
v00783BB8_0 .var "IFIDPC4", 31 0;
v00783C10_0 .net "IFIR", 31 0, L_007878D8; 1 drivers
v00783C68_0 .var "IFIRreg", 31 0;
v00783CC0_0 .net "IFPC", 31 0, L_00725600; 1 drivers
v00783D18_0 .net "IFPC4", 31 0, L_00787880; 1 drivers
v00783D70_0 .net "JAL", 0 0, v006EA838_0; 1 drivers
v00783DC8_0 .net "JR", 0 0, v006EA890_0; 1 drivers
v00783E20_0 .net "JUMP", 0 0, v006EA8E8_0; 1 drivers
v00783E78_0 .net "M2REG", 0 0, v006EA998_0; 1 drivers
v00783ED0_0 .net "MEALU", 31 0, v00783500_0; 1 drivers
v00783F28_0 .net "MEB", 31 0, v00783558_0; 1 drivers
v00783F80_0 .net "MEDATA", 31 0, v00783FD8_0; 1 drivers
v00783FD8_0 .var "MEDATAreg", 31 0;
v00784030_0 .net "MEDES", 4 0, v007835B0_0; 1 drivers
v00784088_0 .var "MEMbusy", 0 0;
v007840E0_0 .var "MEWBALU", 31 0;
v00784138_0 .var "MEWBDATA", 31 0;
v00784190_0 .var "MEWBDES", 4 0;
v007841E8_0 .var "MM2REG", 0 0;
v00784240_0 .var "MWMEM", 0 0;
v00784298_0 .var "MWREG", 0 0;
v007842F0 .array "Mem", 0 1048575, 7 0;
v00784348_0 .var "PC", 31 0;
v007843A0_0 .net "PCBRANCH", 31 0, L_0078E250; 1 drivers
v007843F8_0 .net "PCNEXT", 31 0, L_00788948; 1 drivers
v00784450_0 .net "REGRT", 0 0, v007829A8_0; 1 drivers
v007844A8 .array "Regs", 0 31, 31 0;
v00784500_0 .net "SEXT", 0 0, v00782A00_0; 1 drivers
v00784558_0 .net "SHIFT", 0 0, v00782A58_0; 1 drivers
v007845B0_0 .net "SMC", 0 0, v00782AB0_0; 1 drivers
v00784608_0 .net "SMC2", 0 0, v00782B08_0; 1 drivers
v00784660_0 .net "WBALU", 31 0, v007840E0_0; 1 drivers
v007846B8_0 .net "WBDATA", 31 0, v00784138_0; 1 drivers
v00784710_0 .net "WBWEDATA", 31 0, L_0078E6C8; 1 drivers
v00784768_0 .var "WM2REG", 0 0;
v007847C0_0 .net "WMEM", 0 0, v00782B60_0; 1 drivers
v00784818_0 .net "WPCIR", 0 0, v00782BB8_0; 1 drivers
v00784870_0 .net "WREG", 0 0, v00782C10_0; 1 drivers
v007848F8_0 .var "WWREG", 0 0;
v00784950_0 .net *"_s101", 0 0, C4<0>; 1 drivers
v007849A8_0 .net *"_s102", 2 0, C4<010>; 1 drivers
v00784A00_0 .net *"_s104", 0 0, L_00788D68; 1 drivers
v00784A58_0 .net *"_s106", 31 0, L_00788DC0; 1 drivers
v00784AB0_0 .net *"_s108", 31 0, L_00788E18; 1 drivers
v00784B08_0 .net *"_s110", 31 0, L_00788E70; 1 drivers
v00784B60_0 .net *"_s114", 2 0, L_00788F20; 1 drivers
v00784BB8_0 .net *"_s117", 0 0, C4<0>; 1 drivers
v00784C10_0 .net *"_s118", 2 0, C4<000>; 1 drivers
v00784C68_0 .net *"_s120", 0 0, L_00788F78; 1 drivers
v00784CC0_0 .net *"_s123", 4 0, L_00788FD0; 1 drivers
v00784D18_0 .net *"_s124", 5 0, L_00789028; 1 drivers
v00784D70_0 .net *"_s127", 0 0, C4<0>; 1 drivers
v00784DC8_0 .net *"_s128", 5 0, C4<000000>; 1 drivers
v00784E20_0 .net *"_s130", 0 0, L_007890D8; 1 drivers
v00784E78_0 .net *"_s132", 31 0, C4<00000000000000000000000000000000>; 1 drivers
v00784ED0_0 .net *"_s134", 31 0, L_00789080; 1 drivers
v00784F28_0 .net *"_s137", 4 0, L_00789130; 1 drivers
v00784F80_0 .net *"_s138", 31 0, L_00789188; 1 drivers
v00784FD8_0 .net *"_s140", 2 0, L_007891E0; 1 drivers
v00785030_0 .net *"_s143", 0 0, C4<0>; 1 drivers
v00785088_0 .net *"_s144", 2 0, C4<001>; 1 drivers
v007850E0_0 .net *"_s146", 0 0, L_00789238; 1 drivers
v00785138_0 .net *"_s148", 2 0, L_00789290; 1 drivers
v00785190_0 .net *"_s15", 5 0, L_00787930; 1 drivers
v007851E8_0 .net *"_s151", 0 0, C4<0>; 1 drivers
v00785240_0 .net *"_s152", 2 0, C4<010>; 1 drivers
v00785298_0 .net *"_s154", 0 0, L_007892E8; 1 drivers
v007852F0_0 .net *"_s156", 31 0, L_00789340; 1 drivers
v00785348_0 .net *"_s158", 31 0, L_00789398; 1 drivers
v007853A0_0 .net *"_s16", 6 0, L_00787988; 1 drivers
v007853F8_0 .net *"_s162", 0 0, L_00789448; 1 drivers
v00785450_0 .net/s *"_s164", 0 0, C4<1>; 1 drivers
v007854A8_0 .net/s *"_s166", 0 0, C4<0>; 1 drivers
v00785500_0 .net *"_s171", 3 0, L_007894F8; 1 drivers
v00785558_0 .net *"_s173", 25 0, L_00789550; 1 drivers
v007855B0_0 .net *"_s174", 29 0, L_007895A8; 1 drivers
v00785608_0 .net *"_s176", 31 0, L_00789600; 1 drivers
v00785660_0 .net *"_s179", 1 0, C4<00>; 1 drivers
v007856B8_0 .net *"_s180", 31 0, L_007896B0; 1 drivers
v00785710_0 .net *"_s182", 29 0, L_00789658; 1 drivers
v00785768_0 .net *"_s184", 1 0, C4<00>; 1 drivers
v007857C0_0 .net *"_s187", 0 0, L_00789708; 1 drivers
v00785818_0 .net *"_s188", 15 0, L_00789760; 1 drivers
v00785870_0 .net *"_s19", 0 0, C4<0>; 1 drivers
v00785AE0_0 .net *"_s191", 15 0, L_007897B8; 1 drivers
v00785B38_0 .net *"_s192", 31 0, L_00789810; 1 drivers
v00785B90_0 .net *"_s194", 31 0, L_0078E0F0; 1 drivers
v00785BE8_0 .net *"_s196", 29 0, L_0078E098; 1 drivers
v00785C40_0 .net *"_s198", 1 0, C4<00>; 1 drivers
v00785C98_0 .net *"_s2", 32 0, L_007877D0; 1 drivers
v00785CF0_0 .net *"_s20", 6 0, C4<0000100>; 1 drivers
v00785D48_0 .net *"_s200", 31 0, L_0078E148; 1 drivers
v00785DA0_0 .net *"_s202", 31 0, L_0078E1A0; 1 drivers
v00785DF8_0 .net *"_s204", 31 0, L_0078E1F8; 1 drivers
v00785E50_0 .net *"_s208", 15 0, C4<0000000000000000>; 1 drivers
v00785EA8_0 .net *"_s211", 15 0, L_0078E2A8; 1 drivers
v00785F00_0 .net *"_s212", 31 0, L_0078E300; 1 drivers
v00785F58_0 .net *"_s215", 0 0, L_0078E358; 1 drivers
v00785FB0_0 .net *"_s216", 15 0, L_0078E3B0; 1 drivers
v00786008_0 .net *"_s219", 15 0, L_0078E408; 1 drivers
v00786060_0 .net *"_s22", 0 0, L_007879E0; 1 drivers
v007860B8_0 .net *"_s220", 31 0, L_0078E460; 1 drivers
v00786110_0 .net *"_s224", 4 0, C4<11111>; 1 drivers
v00786168_0 .net *"_s227", 4 0, L_0078E510; 1 drivers
v007861C0_0 .net *"_s229", 4 0, L_0078E568; 1 drivers
v00786218_0 .net *"_s230", 4 0, L_0078E5C0; 1 drivers
v00786270_0 .net *"_s25", 5 0, L_00787A38; 1 drivers
v007862C8_0 .var *"_s258", 31 0; Local signal
v00786320_0 .var *"_s259", 31 0; Local signal
v00786378_0 .net *"_s26", 6 0, L_00787A90; 1 drivers
v007863D0_0 .var *"_s260", 31 0; Local signal
v00786428_0 .var *"_s261", 31 0; Local signal
v00786480_0 .var *"_s262", 31 0; Local signal
v007864D8_0 .var *"_s263", 31 0; Local signal
v00786530_0 .var *"_s264", 31 0; Local signal
v00786588_0 .var *"_s265", 31 0; Local signal
v007865E0_0 .var *"_s266", 31 0; Local signal
v00786638_0 .var *"_s267", 31 0; Local signal
v00786690_0 .net *"_s29", 0 0, C4<0>; 1 drivers
v007866E8_0 .net *"_s30", 6 0, C4<0000101>; 1 drivers
v00786740_0 .net *"_s32", 0 0, L_00787AE8; 1 drivers
v00786798_0 .net *"_s34", 0 0, L_007883A8; 1 drivers
v007867F0_0 .net *"_s36", 0 0, L_00788450; 1 drivers
v00786848_0 .net *"_s39", 0 0, L_00787B40; 1 drivers
v007868A0_0 .net *"_s40", 15 0, L_00787B98; 1 drivers
v007868F8_0 .net *"_s43", 15 0, L_00787BF0; 1 drivers
v00786950_0 .net *"_s44", 31 0, L_00787C48; 1 drivers
v007869A8_0 .net *"_s46", 31 0, L_00787CF8; 1 drivers
v00786A00_0 .net *"_s48", 29 0, L_00787CA0; 1 drivers
v00786A58_0 .net *"_s5", 0 0, C4<0>; 1 drivers
v00786D80_0 .net *"_s50", 1 0, C4<00>; 1 drivers
v00786DD8_0 .net *"_s52", 31 0, L_00788898; 1 drivers
v00786E30_0 .net *"_s54", 31 0, L_007888F0; 1 drivers
v00786E88_0 .net *"_s6", 32 0, C4<000000000000000000000000000000100>; 1 drivers
v00786EE0_0 .net *"_s64", 2 0, L_007889F8; 1 drivers
v00786F38_0 .net *"_s67", 0 0, C4<0>; 1 drivers
v00786F90_0 .net *"_s68", 2 0, C4<000>; 1 drivers
v00786FE8_0 .net *"_s70", 0 0, L_007889A0; 1 drivers
v00787040_0 .net *"_s73", 4 0, L_00788A50; 1 drivers
v00787098_0 .net *"_s74", 5 0, L_00788AA8; 1 drivers
v007870F0_0 .net *"_s77", 0 0, C4<0>; 1 drivers
v00787148_0 .net *"_s78", 5 0, C4<000000>; 1 drivers
v007871A0_0 .net *"_s8", 32 0, L_00787828; 1 drivers
v007871F8_0 .net *"_s80", 0 0, L_00788B00; 1 drivers
v00787250_0 .net *"_s82", 31 0, C4<00000000000000000000000000000000>; 1 drivers
v007872A8_0 .net *"_s84", 31 0, L_00788B58; 1 drivers
v00787300_0 .net *"_s87", 4 0, L_00788BB0; 1 drivers
v00787358_0 .net *"_s88", 31 0, L_00788C08; 1 drivers
v007873B0_0 .net *"_s90", 2 0, L_00788C60; 1 drivers
v00787408_0 .net *"_s93", 0 0, C4<0>; 1 drivers
v00787460_0 .net *"_s94", 2 0, C4<001>; 1 drivers
v007874B8_0 .net *"_s96", 0 0, L_00788CB8; 1 drivers
v00787510_0 .net *"_s98", 2 0, L_00788D10; 1 drivers
v00787568 .array "cache1", 0 1023, 7 0;
v007875C0_0 .var "cache1add", 31 0;
v00787618 .array "cache2", 0 16383, 7 0;
v00787670_0 .var "cache2add", 31 0;
v007876C8_0 .var "clock", 0 0;
v00787720_0 .var/i "handle", 31 0;
v00787778_0 .var "i", 31 0;
E_006E0D50 .event negedge, v007876C8_0;
E_006E0D70 .event posedge, v007876C8_0;
E_006E0CF0 .event edge, v00784348_0;
L_007877D0 .concat [ 32 1 0 0], v00784348_0, C4<0>;
L_00787828 .arith/sum 33, L_007877D0, C4<000000000000000000000000000000100>;
L_00787880 .part L_00787828, 0, 32;
L_007878D8 .functor MUXZ 32, v00783C68_0, v00783870_0, v00782B08_0, C4<>;
L_00787930 .part L_007878D8, 26, 6;
L_00787988 .concat [ 6 1 0 0], L_00787930, C4<0>;
L_007879E0 .cmp/eq 7, L_00787988, C4<0000100>;
L_00787A38 .part L_007878D8, 26, 6;
L_00787A90 .concat [ 6 1 0 0], L_00787A38, C4<0>;
L_00787AE8 .cmp/eq 7, L_00787A90, C4<0000101>;
L_00787B40 .part L_007878D8, 15, 1;
LS_00787B98_0_0 .concat [ 1 1 1 1], L_00787B40, L_00787B40, L_00787B40, L_00787B40;
LS_00787B98_0_4 .concat [ 1 1 1 1], L_00787B40, L_00787B40, L_00787B40, L_00787B40;
LS_00787B98_0_8 .concat [ 1 1 1 1], L_00787B40, L_00787B40, L_00787B40, L_00787B40;
LS_00787B98_0_12 .concat [ 1 1 1 1], L_00787B40, L_00787B40, L_00787B40, L_00787B40;
L_00787B98 .concat [ 4 4 4 4], LS_00787B98_0_0, LS_00787B98_0_4, LS_00787B98_0_8, LS_00787B98_0_12;
L_00787BF0 .part L_007878D8, 0, 16;
L_00787C48 .concat [ 16 16 0 0], L_00787BF0, L_00787B98;
L_00787CA0 .part L_00787C48, 0, 30;
L_00787CF8 .concat [ 2 30 0 0], C4<00>, L_00787CA0;
L_00788898 .arith/sum 32, L_00787880, L_00787CF8;
L_007888F0 .functor MUXZ 32, L_00787880, L_00788898, L_00788450, C4<>;
L_00788948 .functor MUXZ 32, L_007888F0, L_0078E250, v006EA368_0, C4<>;
L_007889F8 .concat [ 2 1 0 0], v006EA628_0, C4<0>;
L_007889A0 .cmp/eq 3, L_007889F8, C4<000>;
L_00788A50 .part v00783B08_0, 21, 5;
L_00788AA8 .concat [ 5 1 0 0], L_00788A50, C4<0>;
L_00788B00 .cmp/eq 6, L_00788AA8, C4<000000>;
L_00788B58 .array/port v007844A8, L_00788BB0;
L_00788BB0 .part v00783B08_0, 21, 5;
L_00788C08 .functor MUXZ 32, L_00788B58, C4<00000000000000000000000000000000>, L_00788B00, C4<>;
L_00788C60 .concat [ 2 1 0 0], v006EA628_0, C4<0>;
L_00788CB8 .cmp/eq 3, L_00788C60, C4<001>;
L_00788D10 .concat [ 2 1 0 0], v006EA628_0, C4<0>;
L_00788D68 .cmp/eq 3, L_00788D10, C4<010>;
L_00788DC0 .functor MUXZ 32, v00783FD8_0, v00783500_0, L_00788D68, C4<>;
L_00788E18 .functor MUXZ 32, L_00788DC0, v00782ED0_0, L_00788CB8, C4<>;
L_00788E70 .functor MUXZ 32, L_00788E18, L_00788C08, L_007889A0, C4<>;
L_00788EC8 .functor MUXZ 32, L_00788E70, v00783BB8_0, v006EA838_0, C4<>;
L_00788F20 .concat [ 2 1 0 0], v006EA680_0, C4<0>;
L_00788F78 .cmp/eq 3, L_00788F20, C4<000>;
L_00788FD0 .part v00783B08_0, 16, 5;
L_00789028 .concat [ 5 1 0 0], L_00788FD0, C4<0>;
L_007890D8 .cmp/eq 6, L_00789028, C4<000000>;
L_00789080 .array/port v007844A8, L_00789130;
L_00789130 .part v00783B08_0, 16, 5;
L_00789188 .functor MUXZ 32, L_00789080, C4<00000000000000000000000000000000>, L_007890D8, C4<>;
L_007891E0 .concat [ 2 1 0 0], v006EA680_0, C4<0>;
L_00789238 .cmp/eq 3, L_007891E0, C4<001>;
L_00789290 .concat [ 2 1 0 0], v006EA680_0, C4<0>;
L_007892E8 .cmp/eq 3, L_00789290, C4<010>;
L_00789340 .functor MUXZ 32, v00783FD8_0, v00783500_0, L_007892E8, C4<>;
L_00789398 .functor MUXZ 32, L_00789340, v00782ED0_0, L_00789238, C4<>;
L_007893F0 .functor MUXZ 32, L_00789398, L_00789188, L_00788F78, C4<>;
L_00789448 .cmp/eq 32, L_00788EC8, L_007893F0;
L_007894A0 .functor MUXZ 1, C4<0>, C4<1>, L_00789448, C4<>;
L_007894F8 .part v00783BB8_0, 28, 4;
L_00789550 .part v00783B08_0, 0, 26;
L_007895A8 .concat [ 26 4 0 0], L_00789550, L_007894F8;
L_00789600 .concat [ 30 2 0 0], L_007895A8, C4<00>;
L_00789658 .part L_00789600, 0, 30;
L_007896B0 .concat [ 2 30 0 0], C4<00>, L_00789658;
L_00789708 .part v00783B08_0, 15, 1;
LS_00789760_0_0 .concat [ 1 1 1 1], L_00789708, L_00789708, L_00789708, L_00789708;
LS_00789760_0_4 .concat [ 1 1 1 1], L_00789708, L_00789708, L_00789708, L_00789708;
LS_00789760_0_8 .concat [ 1 1 1 1], L_00789708, L_00789708, L_00789708, L_00789708;
LS_00789760_0_12 .concat [ 1 1 1 1], L_00789708, L_00789708, L_00789708, L_00789708;
L_00789760 .concat [ 4 4 4 4], LS_00789760_0_0, LS_00789760_0_4, LS_00789760_0_8, LS_00789760_0_12;
L_007897B8 .part v00783B08_0, 0, 16;
L_00789810 .concat [ 16 16 0 0], L_007897B8, L_00789760;
L_0078E098 .part L_00789810, 0, 30;
L_0078E0F0 .concat [ 2 30 0 0], C4<00>, L_0078E098;
L_0078E148 .arith/sum 32, v00783BB8_0, L_0078E0F0;
L_0078E1A0 .functor MUXZ 32, v00783BB8_0, L_0078E148, v006EA418_0, C4<>;
L_0078E1F8 .functor MUXZ 32, L_0078E1A0, L_007896B0, v006EA8E8_0, C4<>;
L_0078E250 .functor MUXZ 32, L_0078E1F8, L_00788EC8, v006EA890_0, C4<>;
L_0078E2A8 .part v00783B08_0, 0, 16;
L_0078E300 .concat [ 16 16 0 0], L_0078E2A8, C4<0000000000000000>;
L_0078E358 .part v00783B08_0, 15, 1;
LS_0078E3B0_0_0 .concat [ 1 1 1 1], L_0078E358, L_0078E358, L_0078E358, L_0078E358;
LS_0078E3B0_0_4 .concat [ 1 1 1 1], L_0078E358, L_0078E358, L_0078E358, L_0078E358;
LS_0078E3B0_0_8 .concat [ 1 1 1 1], L_0078E358, L_0078E358, L_0078E358, L_0078E358;
LS_0078E3B0_0_12 .concat [ 1 1 1 1], L_0078E358, L_0078E358, L_0078E358, L_0078E358;
L_0078E3B0 .concat [ 4 4 4 4], LS_0078E3B0_0_0, LS_0078E3B0_0_4, LS_0078E3B0_0_8, LS_0078E3B0_0_12;
L_0078E408 .part v00783B08_0, 0, 16;
L_0078E460 .concat [ 16 16 0 0], L_0078E408, L_0078E3B0;
L_0078E4B8 .functor MUXZ 32, L_0078E460, L_0078E300, v00782A00_0, C4<>;
L_0078E510 .part v00783B08_0, 16, 5;
L_0078E568 .part v00783B08_0, 11, 5;
L_0078E5C0 .functor MUXZ 5, L_0078E568, L_0078E510, v007829A8_0, C4<>;
L_0078E618 .functor MUXZ 5, L_0078E5C0, C4<11111>, v006EA838_0, C4<>;
L_0078E670 .functor MUXZ 32, v00783870_0, v00783950_0, v00783190_0, C4<>;
L_0078E6C8 .functor MUXZ 32, v007840E0_0, v00784138_0, v00784768_0, C4<>;
S_006E3B10 .scope module, "MAINALU" "ALU" 2 91, 3 1, S_006E3C20;
 .timescale 0 0;
v00782E20_0 .net "EALUC", 3 0, v00783138_0; 1 drivers
v00782E78_0 .alias "EXA", 31 0, v00783348_0;
v00782ED0_0 .var "EXALU", 31 0;
v00782F28_0 .alias "EXB", 31 0, v007833F8_0;
E_006E0CB0 .event edge, v00782F28_0, v00782E78_0, v00782E20_0;
S_006E3B98 .scope module, "Control" "Controler" 2 109, 4 1, S_006E3C20;
 .timescale 0 0;
v006EA2B8_0 .var "ALUC", 3 0;
v006EA310_0 .var "ALUIMM", 0 0;
v006EA368_0 .var "BRANCH", 0 0;
v006EA3C0_0 .var "DBP", 0 0;
v006EA418_0 .var "DBPS", 0 0;
v006EA470_0 .net "EM2REG", 0 0, v007831E8_0; 1 drivers
v006EA4C8_0 .net "EWMEM", 0 0, v00783298_0; 1 drivers
v006EA520_0 .net "EWREG", 0 0, v007832F0_0; 1 drivers
v006EA578_0 .alias "EXALU", 31 0, v007833A0_0;
v006EA5D0_0 .alias "EXDES", 4 0, v00783450_0;
v006EA628_0 .var "FWDA", 1 0;
v006EA680_0 .var "FWDB", 1 0;
v006EA6D8_0 .alias "IDEQU", 0 0, v007837C0_0;
v006EA730_0 .alias "IDIR", 31 0, v00783A00_0;
v006EA788_0 .alias "IDPC", 31 0, v00783A58_0;
v006EA7E0_0 .alias "IFPC", 31 0, v00783CC0_0;
v006EA838_0 .var "JAL", 0 0;
v006EA890_0 .var "JR", 0 0;
v006EA8E8_0 .var "JUMP", 0 0;
v006EA998_0 .var "M2REG", 0 0;
v006EA940_0 .alias "MEDES", 4 0, v00784030_0;
v007828F8_0 .net "MM2REG", 0 0, v007841E8_0; 1 drivers
v00782950_0 .net "MWREG", 0 0, v00784298_0; 1 drivers
v007829A8_0 .var "REGRT", 0 0;
v00782A00_0 .var "SEXT", 0 0;
v00782A58_0 .var "SHIFT", 0 0;
v00782AB0_0 .var "SMC", 0 0;
v00782B08_0 .var "SMC2", 0 0;
v00782B60_0 .var "WMEM", 0 0;
v00782BB8_0 .var "WPCIR", 0 0;
v00782C10_0 .var "WREG", 0 0;
v00782C68_0 .net "funct", 5 0, L_0078E778; 1 drivers
v00782CC0_0 .net "imm", 15 0, L_0078E880; 1 drivers
v00782D18_0 .net "op", 5 0, L_0078E720; 1 drivers
v00782D70_0 .net "rs", 4 0, L_0078E7D0; 1 drivers
v00782DC8_0 .net "rt", 4 0, L_0078E828; 1 drivers
E_006E0D10/0 .event edge, v007828F8_0, v00782950_0, v006EA470_0, v006EA520_0;
E_006E0D10/1 .event edge, v006EA6D8_0, v006EA5D0_0, v006EA940_0, v00782CC0_0;
E_006E0D10/2 .event edge, v00782DC8_0, v00782D70_0, v00782C68_0, v00782D18_0;
E_006E0D10 .event/or E_006E0D10/0, E_006E0D10/1, E_006E0D10/2;
L_0078E720 .part v00783B08_0, 26, 6;
L_0078E778 .part v00783B08_0, 0, 6;
L_0078E7D0 .part v00783B08_0, 21, 5;
L_0078E828 .part v00783B08_0, 16, 5;
L_0078E880 .part v00783B08_0, 0, 16;
    .scope S_006E3B10;
T_0 ;
    %wait E_006E0CB0;
    %load/v 8, v00782E20_0, 4;
    %cmpi/u 8, 2, 4;
    %jmp/0xz  T_0.0, 4;
    %load/v 8, v00782E78_0, 32;
    %load/v 40, v00782F28_0, 32;
    %add 8, 40, 32;
    %set/v v00782ED0_0, 8, 32;
T_0.0 ;
    %load/v 8, v00782E20_0, 4;
    %cmpi/u 8, 6, 4;
    %jmp/0xz  T_0.2, 4;
    %load/v 8, v00782E78_0, 32;
    %load/v 40, v00782F28_0, 32;
    %sub 8, 40, 32;
    %set/v v00782ED0_0, 8, 32;
T_0.2 ;
    %load/v 8, v00782E20_0, 4;
    %cmpi/u 8, 0, 4;
    %jmp/0xz  T_0.4, 4;
    %load/v 8, v00782E78_0, 32;
    %load/v 40, v00782F28_0, 32;
    %and 8, 40, 32;
    %set/v v00782ED0_0, 8, 32;
T_0.4 ;
    %load/v 8, v00782E20_0, 4;
    %cmpi/u 8, 1, 4;
    %jmp/0xz  T_0.6, 4;
    %load/v 8, v00782E78_0, 32;
    %load/v 40, v00782F28_0, 32;
    %or 8, 40, 32;
    %set/v v00782ED0_0, 8, 32;
T_0.6 ;
    %load/v 8, v00782E20_0, 4;
    %cmpi/u 8, 7, 4;
    %jmp/0xz  T_0.8, 4;
    %load/v 8, v00782E78_0, 32;
    %load/v 40, v00782F28_0, 32;
    %cmp/u 8, 40, 32;
    %mov 8, 5, 1;
    %jmp/0  T_0.10, 8;
    %movi 9, 1, 32;
    %jmp/1  T_0.12, 8;
T_0.10 ; End of true expr.
    %jmp/0  T_0.11, 8;
 ; End of false expr.
    %blend  9, 0, 32; Condition unknown.
    %jmp  T_0.12;
T_0.11 ;
    %mov 9, 0, 32; Return false value
T_0.12 ;
    %set/v v00782ED0_0, 9, 32;
    %ix/load 1, 31, 0;
    %mov 4, 0, 1;
    %jmp/1 T_0.13, 4;
    %load/x1p 11, v00782E78_0, 1;
    %jmp T_0.14;
T_0.13 ;
    %mov 11, 2, 1;
T_0.14 ;
    %mov 8, 11, 1; Move signal select into place
    %mov 9, 0, 2;
    %cmpi/u 8, 1, 3;
    %mov 8, 4, 1;
    %ix/load 1, 31, 0;
    %mov 4, 0, 1;
    %jmp/1 T_0.15, 4;
    %load/x1p 11, v00782F28_0, 1;
    %jmp T_0.16;
T_0.15 ;
    %mov 11, 2, 1;
T_0.16 ;
    %mov 9, 11, 1; Move signal select into place
    %mov 10, 0, 1;
    %cmpi/u 9, 0, 2;
    %mov 9, 4, 1;
    %and 8, 9, 1;
    %jmp/0xz  T_0.17, 8;
    %movi 8, 1, 32;
    %set/v v00782ED0_0, 8, 32;
T_0.17 ;
    %ix/load 1, 31, 0;
    %mov 4, 0, 1;
    %jmp/1 T_0.19, 4;
    %load/x1p 10, v00782E78_0, 1;
    %jmp T_0.20;
T_0.19 ;
    %mov 10, 2, 1;
T_0.20 ;
    %mov 8, 10, 1; Move signal select into place
    %mov 9, 0, 1;
    %cmpi/u 8, 0, 2;
    %mov 8, 4, 1;
    %ix/load 1, 31, 0;
    %mov 4, 0, 1;
    %jmp/1 T_0.21, 4;
    %load/x1p 12, v00782F28_0, 1;
    %jmp T_0.22;
T_0.21 ;
    %mov 12, 2, 1;
T_0.22 ;
    %mov 9, 12, 1; Move signal select into place
    %mov 10, 0, 2;
    %cmpi/u 9, 1, 3;
    %mov 9, 4, 1;
    %and 8, 9, 1;
    %jmp/0xz  T_0.23, 8;
    %set/v v00782ED0_0, 0, 32;
T_0.23 ;
T_0.8 ;
    %load/v 8, v00782E20_0, 4;
    %cmpi/u 8, 12, 4;
    %jmp/0xz  T_0.25, 4;
    %load/v 8, v00782E78_0, 32;
    %load/v 40, v00782F28_0, 32;
    %xor 8, 40, 32;
    %set/v v00782ED0_0, 8, 32;
T_0.25 ;
    %load/v 8, v00782E20_0, 4;
    %cmpi/u 8, 8, 4;
    %jmp/0xz  T_0.27, 4;
    %load/v 8, v00782E78_0, 32;
    %ix/load 1, 6, 0;
    %mov 4, 0, 1;
    %jmp/1 T_0.29, 4;
    %load/x1p 40, v00782F28_0, 5;
    %jmp T_0.30;
T_0.29 ;
    %mov 40, 2, 5;
T_0.30 ;
; Save base=40 wid=5 in lookaside.
    %ix/get 0, 40, 5;
    %shiftl/i0  8, 32;
    %set/v v00782ED0_0, 8, 32;
T_0.27 ;
    %load/v 8, v00782E20_0, 4;
    %cmpi/u 8, 9, 4;
    %jmp/0xz  T_0.31, 4;
    %load/v 8, v00782E78_0, 32;
    %ix/load 1, 6, 0;
    %mov 4, 0, 1;
    %jmp/1 T_0.33, 4;
    %load/x1p 40, v00782F28_0, 5;
    %jmp T_0.34;
T_0.33 ;
    %mov 40, 2, 5;
T_0.34 ;
; Save base=40 wid=5 in lookaside.
    %ix/get 0, 40, 5;
    %shiftr/i0  8, 32;
    %set/v v00782ED0_0, 8, 32;
T_0.31 ;
    %load/v 8, v00782E20_0, 4;
    %cmpi/u 8, 3, 4;
    %jmp/0xz  T_0.35, 4;
    %load/v 8, v00782E78_0, 32;
    %load/v 40, v00782F28_0, 32;
    %add 8, 40, 32;
    %set/v v00782ED0_0, 8, 32;
T_0.35 ;
    %load/v 8, v00782E20_0, 4;
    %cmpi/u 8, 14, 4;
    %jmp/0xz  T_0.37, 4;
    %load/v 8, v00782E78_0, 32;
    %load/v 40, v00782F28_0, 32;
    %sub 8, 40, 32;
    %set/v v00782ED0_0, 8, 32;
T_0.37 ;
    %load/v 8, v00782E20_0, 4;
    %cmpi/u 8, 5, 4;
    %jmp/0xz  T_0.39, 4;
    %load/v 8, v00782E78_0, 32;
    %load/v 40, v00782F28_0, 32;
    %cmp/u 8, 40, 32;
    %mov 8, 5, 1;
    %jmp/0  T_0.41, 8;
    %movi 9, 1, 32;
    %jmp/1  T_0.43, 8;
T_0.41 ; End of true expr.
    %jmp/0  T_0.42, 8;
 ; End of false expr.
    %blend  9, 0, 32; Condition unknown.
    %jmp  T_0.43;
T_0.42 ;
    %mov 9, 0, 32; Return false value
T_0.43 ;
    %set/v v00782ED0_0, 9, 32;
T_0.39 ;
    %load/v 8, v00782E20_0, 4;
    %cmpi/u 8, 15, 4;
    %jmp/0xz  T_0.44, 4;
    %mov 8, 0, 16;
    %load/v 24, v00782F28_0, 16; Select 16 out of 32 bits
    %set/v v00782ED0_0, 8, 32;
T_0.44 ;
    %load/v 8, v00782E20_0, 4;
    %cmpi/u 8, 4, 4;
    %jmp/0xz  T_0.46, 4;
    %load/v 8, v00782E78_0, 32;
    %set/v v00782ED0_0, 8, 32;
T_0.46 ;
    %load/v 8, v00782E20_0, 4;
    %cmpi/u 8, 10, 4;
    %jmp/0xz  T_0.48, 4;
    %load/v 8, v00782E78_0, 32;
    %load/v 40, v00782F28_0, 32;
    %or 8, 40, 32;
    %inv 8, 32;
    %set/v v00782ED0_0, 8, 32;
T_0.48 ;
    %jmp T_0;
    .thread T_0, $push;
    .scope S_006E3B98;
T_1 ;
    %set/v v006EA3C0_0, 0, 1;
    %end;
    .thread T_1;
    .scope S_006E3B98;
T_2 ;
    %wait E_006E0D10;
    %set/v v00782BB8_0, 0, 1;
    %set/v v006EA368_0, 0, 1;
    %set/v v00782C10_0, 0, 1;
    %set/v v006EA998_0, 0, 1;
    %set/v v00782B60_0, 0, 1;
    %set/v v006EA628_0, 0, 2;
    %set/v v006EA680_0, 0, 2;
    %set/v v00782A58_0, 0, 1;
    %set/v v006EA310_0, 0, 1;
    %set/v v00782A00_0, 0, 1;
    %set/v v007829A8_0, 0, 1;
    %set/v v006EA8E8_0, 0, 1;
    %set/v v006EA890_0, 0, 1;
    %set/v v006EA838_0, 0, 1;
    %set/v v00782AB0_0, 0, 1;
    %set/v v00782B08_0, 0, 1;
    %set/v v006EA418_0, 1, 1;
    %load/v 8, v00782D18_0, 6;
    %cmpi/u 8, 0, 6;
    %jmp/1 T_2.0, 6;
    %cmpi/u 8, 8, 6;
    %jmp/1 T_2.1, 6;
    %cmpi/u 8, 9, 6;
    %jmp/1 T_2.2, 6;
    %cmpi/u 8, 12, 6;
    %jmp/1 T_2.3, 6;
    %cmpi/u 8, 4, 6;
    %jmp/1 T_2.4, 6;
    %cmpi/u 8, 5, 6;
    %jmp/1 T_2.5, 6;
    %cmpi/u 8, 2, 6;
    %jmp/1 T_2.6, 6;
    %cmpi/u 8, 3, 6;
    %jmp/1 T_2.7, 6;
    %cmpi/u 8, 35, 6;
    %jmp/1 T_2.8, 6;
    %cmpi/u 8, 13, 6;
    %jmp/1 T_2.9, 6;
    %cmpi/u 8, 10, 6;
    %jmp/1 T_2.10, 6;
    %cmpi/u 8, 11, 6;
    %jmp/1 T_2.11, 6;
    %cmpi/u 8, 43, 6;
    %jmp/1 T_2.12, 6;
    %cmpi/u 8, 15, 6;
    %jmp/1 T_2.13, 6;
    %jmp T_2.15;
T_2.0 ;
    %load/v 8, v00782950_0, 1;
    %load/v 9, v00782D70_0, 5;
    %mov 14, 0, 1;
    %cmpi/u 9, 0, 6;
    %inv 4, 1;
    %mov 9, 4, 1;
    %and 8, 9, 1;
    %load/v 9, v00782D70_0, 5;
    %load/v 14, v006EA940_0, 5;
    %cmp/u 9, 14, 5;
    %mov 9, 4, 1;
    %and 8, 9, 1;
    %jmp/0xz  T_2.16, 8;
    %movi 8, 2, 2;
    %set/v v006EA628_0, 8, 2;
T_2.16 ;
    %load/v 8, v006EA520_0, 1;
    %load/v 9, v00782D70_0, 5;
    %mov 14, 0, 1;
    %cmpi/u 9, 0, 6;
    %inv 4, 1;
    %mov 9, 4, 1;
    %and 8, 9, 1;
    %load/v 9, v00782D70_0, 5;
    %load/v 14, v006EA5D0_0, 5;
    %cmp/u 9, 14, 5;
    %mov 9, 4, 1;
    %and 8, 9, 1;
    %jmp/0xz  T_2.18, 8;
    %movi 8, 1, 2;
    %set/v v006EA628_0, 8, 2;
T_2.18 ;
    %load/v 8, v00782950_0, 1;
    %load/v 9, v007828F8_0, 1;
    %and 8, 9, 1;
    %load/v 9, v00782D70_0, 5;
    %mov 14, 0, 1;
    %cmpi/u 9, 0, 6;
    %inv 4, 1;
    %mov 9, 4, 1;
    %and 8, 9, 1;
    %load/v 9, v00782D70_0, 5;
    %load/v 14, v006EA940_0, 5;
    %cmp/u 9, 14, 5;
    %mov 9, 4, 1;
    %and 8, 9, 1;
    %jmp/0xz  T_2.20, 8;
    %set/v v006EA628_0, 1, 2;
T_2.20 ;
    %load/v 8, v00782950_0, 1;
    %load/v 9, v00782DC8_0, 5;
    %mov 14, 0, 1;
    %cmpi/u 9, 0, 6;
    %inv 4, 1;
    %mov 9, 4, 1;
    %and 8, 9, 1;
    %load/v 9, v00782DC8_0, 5;
    %load/v 14, v006EA940_0, 5;
    %cmp/u 9, 14, 5;
    %mov 9, 4, 1;
    %and 8, 9, 1;
    %jmp/0xz  T_2.22, 8;
    %movi 8, 2, 2;
    %set/v v006EA680_0, 8, 2;
T_2.22 ;
    %load/v 8, v006EA520_0, 1;
    %load/v 9, v00782DC8_0, 5;
    %mov 14, 0, 1;
    %cmpi/u 9, 0, 6;
    %inv 4, 1;
    %mov 9, 4, 1;
    %and 8, 9, 1;
    %load/v 9, v00782DC8_0, 5;
    %load/v 14, v006EA5D0_0, 5;
    %cmp/u 9, 14, 5;
    %mov 9, 4, 1;
    %and 8, 9, 1;
    %jmp/0xz  T_2.24, 8;
    %movi 8, 1, 2;
    %set/v v006EA680_0, 8, 2;
T_2.24 ;
    %load/v 8, v00782950_0, 1;
    %load/v 9, v007828F8_0, 1;
    %and 8, 9, 1;
    %load/v 9, v00782DC8_0, 5;
    %mov 14, 0, 1;
    %cmpi/u 9, 0, 6;
    %inv 4, 1;
    %mov 9, 4, 1;
    %and 8, 9, 1;
    %load/v 9, v00782DC8_0, 5;
    %load/v 14, v006EA940_0, 5;
    %cmp/u 9, 14, 5;
    %mov 9, 4, 1;
    %and 8, 9, 1;
    %jmp/0xz  T_2.26, 8;
    %set/v v006EA680_0, 1, 2;
T_2.26 ;
    %load/v 8, v00782C68_0, 6;
    %cmpi/u 8, 0, 6;
    %jmp/1 T_2.28, 6;
    %cmpi/u 8, 2, 6;
    %jmp/1 T_2.29, 6;
    %cmpi/u 8, 32, 6;
    %jmp/1 T_2.30, 6;
    %cmpi/u 8, 32, 6;
    %jmp/1 T_2.31, 6;
    %cmpi/u 8, 36, 6;
    %jmp/1 T_2.32, 6;
    %cmpi/u 8, 39, 6;
    %jmp/1 T_2.33, 6;
    %cmpi/u 8, 37, 6;
    %jmp/1 T_2.34, 6;
    %cmpi/u 8, 42, 6;
    %jmp/1 T_2.35, 6;
    %cmpi/u 8, 43, 6;
    %jmp/1 T_2.36, 6;
    %cmpi/u 8, 34, 6;
    %jmp/1 T_2.37, 6;
    %cmpi/u 8, 34, 6;
    %jmp/1 T_2.38, 6;
    %cmpi/u 8, 8, 6;
    %jmp/1 T_2.39, 6;
    %jmp T_2.41;
T_2.28 ;
    %set/v v00782C10_0, 1, 1;
    %movi 8, 8, 4;
    %set/v v006EA2B8_0, 8, 4;
    %set/v v006EA310_0, 1, 1;
    %jmp T_2.41;
T_2.29 ;
    %set/v v00782C10_0, 1, 1;
    %movi 8, 9, 4;
    %set/v v006EA2B8_0, 8, 4;
    %set/v v006EA310_0, 1, 1;
    %jmp T_2.41;
T_2.30 ;
    %set/v v00782C10_0, 1, 1;
    %movi 8, 2, 4;
    %set/v v006EA2B8_0, 8, 4;
    %jmp T_2.41;
T_2.31 ;
    %set/v v00782C10_0, 1, 1;
    %movi 8, 3, 4;
    %set/v v006EA2B8_0, 8, 4;
    %jmp T_2.41;
T_2.32 ;
    %set/v v00782C10_0, 1, 1;
    %set/v v006EA2B8_0, 0, 4;
    %jmp T_2.41;
T_2.33 ;
    %set/v v00782C10_0, 1, 1;
    %movi 8, 10, 4;
    %set/v v006EA2B8_0, 8, 4;
    %jmp T_2.41;
T_2.34 ;
    %set/v v00782C10_0, 1, 1;
    %movi 8, 1, 4;
    %set/v v006EA2B8_0, 8, 4;
    %jmp T_2.41;
T_2.35 ;
    %set/v v00782C10_0, 1, 1;
    %movi 8, 7, 4;
    %set/v v006EA2B8_0, 8, 4;
    %jmp T_2.41;
T_2.36 ;
    %set/v v00782C10_0, 1, 1;
    %movi 8, 5, 4;
    %set/v v006EA2B8_0, 8, 4;
    %jmp T_2.41;
T_2.37 ;
    %set/v v00782C10_0, 1, 1;
    %movi 8, 6, 4;
    %set/v v006EA2B8_0, 8, 4;
    %jmp T_2.41;
T_2.38 ;
    %set/v v00782C10_0, 1, 1;
    %movi 8, 14, 4;
    %set/v v006EA2B8_0, 8, 4;
    %jmp T_2.41;
T_2.39 ;
    %set/v v006EA890_0, 1, 1;
    %set/v v006EA368_0, 1, 1;
    %jmp T_2.41;
T_2.41 ;
    %load/v 8, v006EA520_0, 1;
    %load/v 9, v006EA470_0, 1;
    %and 8, 9, 1;
    %load/v 9, v00782D70_0, 5;
    %mov 14, 0, 1;
    %cmpi/u 9, 0, 6;
    %inv 4, 1;
    %mov 9, 4, 1;
    %load/v 10, v00782D70_0, 5;
    %load/v 15, v006EA5D0_0, 5;
    %cmp/u 10, 15, 5;
    %mov 10, 4, 1;
    %and 9, 10, 1;
    %load/v 10, v00782DC8_0, 5;
    %mov 15, 0, 1;
    %cmpi/u 10, 0, 6;
    %inv 4, 1;
    %mov 10, 4, 1;
    %load/v 11, v00782DC8_0, 5;
    %load/v 16, v006EA5D0_0, 5;
    %cmp/u 11, 16, 5;
    %mov 11, 4, 1;
    %and 10, 11, 1;
    %or 9, 10, 1;
    %and 8, 9, 1;
    %jmp/0xz  T_2.42, 8;
    %set/v v00782BB8_0, 1, 1;
    %set/v v00782C10_0, 0, 1;
    %set/v v006EA998_0, 0, 1;
    %set/v v00782B60_0, 0, 1;
    %set/v v006EA890_0, 0, 1;
T_2.42 ;
    %jmp T_2.15;
T_2.1 ;
    %load/v 8, v00782950_0, 1;
    %load/v 9, v00782D70_0, 5;
    %mov 14, 0, 1;
    %cmpi/u 9, 0, 6;
    %inv 4, 1;
    %mov 9, 4, 1;
    %and 8, 9, 1;
    %load/v 9, v00782D70_0, 5;
    %load/v 14, v006EA940_0, 5;
    %cmp/u 9, 14, 5;
    %mov 9, 4, 1;
    %and 8, 9, 1;
    %jmp/0xz  T_2.44, 8;
    %movi 8, 2, 2;
    %set/v v006EA628_0, 8, 2;
T_2.44 ;
    %load/v 8, v006EA520_0, 1;
    %load/v 9, v00782D70_0, 5;
    %mov 14, 0, 1;
    %cmpi/u 9, 0, 6;
    %inv 4, 1;
    %mov 9, 4, 1;
    %and 8, 9, 1;
    %load/v 9, v00782D70_0, 5;
    %load/v 14, v006EA5D0_0, 5;
    %cmp/u 9, 14, 5;
    %mov 9, 4, 1;
    %and 8, 9, 1;
    %jmp/0xz  T_2.46, 8;
    %movi 8, 1, 2;
    %set/v v006EA628_0, 8, 2;
T_2.46 ;
    %load/v 8, v00782950_0, 1;
    %load/v 9, v007828F8_0, 1;
    %and 8, 9, 1;
    %load/v 9, v00782D70_0, 5;
    %mov 14, 0, 1;
    %cmpi/u 9, 0, 6;
    %inv 4, 1;
    %mov 9, 4, 1;
    %and 8, 9, 1;
    %load/v 9, v00782D70_0, 5;
    %load/v 14, v006EA940_0, 5;
    %cmp/u 9, 14, 5;
    %mov 9, 4, 1;
    %and 8, 9, 1;
    %jmp/0xz  T_2.48, 8;
    %set/v v006EA628_0, 1, 2;
T_2.48 ;
    %set/v v00782C10_0, 1, 1;
    %movi 8, 2, 4;
    %set/v v006EA2B8_0, 8, 4;
    %set/v v006EA310_0, 1, 1;
    %set/v v007829A8_0, 1, 1;
    %load/v 8, v006EA520_0, 1;
    %load/v 9, v006EA470_0, 1;
    %and 8, 9, 1;
    %load/v 9, v00782D70_0, 5;
    %mov 14, 0, 1;
    %cmpi/u 9, 0, 6;
    %inv 4, 1;
    %mov 9, 4, 1;
    %and 8, 9, 1;
    %load/v 9, v00782D70_0, 5;
    %load/v 14, v006EA5D0_0, 5;
    %cmp/u 9, 14, 5;
    %mov 9, 4, 1;
    %and 8, 9, 1;
    %jmp/0xz  T_2.50, 8;
    %set/v v00782BB8_0, 1, 1;
    %set/v v00782C10_0, 0, 1;
    %set/v v006EA998_0, 0, 1;
    %set/v v00782B60_0, 0, 1;
T_2.50 ;
    %jmp T_2.15;
T_2.2 ;
    %load/v 8, v00782950_0, 1;
    %load/v 9, v00782D70_0, 5;
    %mov 14, 0, 1;
    %cmpi/u 9, 0, 6;
    %inv 4, 1;
    %mov 9, 4, 1;
    %and 8, 9, 1;
    %load/v 9, v00782D70_0, 5;
    %load/v 14, v006EA940_0, 5;
    %cmp/u 9, 14, 5;
    %mov 9, 4, 1;
    %and 8, 9, 1;
    %jmp/0xz  T_2.52, 8;
    %movi 8, 2, 2;
    %set/v v006EA628_0, 8, 2;
T_2.52 ;
    %load/v 8, v006EA520_0, 1;
    %load/v 9, v00782D70_0, 5;
    %mov 14, 0, 1;
    %cmpi/u 9, 0, 6;
    %inv 4, 1;
    %mov 9, 4, 1;
    %and 8, 9, 1;
    %load/v 9, v00782D70_0, 5;
    %load/v 14, v006EA5D0_0, 5;
    %cmp/u 9, 14, 5;
    %mov 9, 4, 1;
    %and 8, 9, 1;
    %jmp/0xz  T_2.54, 8;
    %movi 8, 1, 2;
    %set/v v006EA628_0, 8, 2;
T_2.54 ;
    %load/v 8, v00782950_0, 1;
    %load/v 9, v007828F8_0, 1;
    %and 8, 9, 1;
    %load/v 9, v00782D70_0, 5;
    %mov 14, 0, 1;
    %cmpi/u 9, 0, 6;
    %inv 4, 1;
    %mov 9, 4, 1;
    %and 8, 9, 1;
    %load/v 9, v00782D70_0, 5;
    %load/v 14, v006EA940_0, 5;
    %cmp/u 9, 14, 5;
    %mov 9, 4, 1;
    %and 8, 9, 1;
    %jmp/0xz  T_2.56, 8;
    %set/v v006EA628_0, 1, 2;
T_2.56 ;
    %set/v v00782C10_0, 1, 1;
    %movi 8, 3, 4;
    %set/v v006EA2B8_0, 8, 4;
    %set/v v006EA310_0, 1, 1;
    %set/v v007829A8_0, 1, 1;
    %load/v 8, v006EA520_0, 1;
    %load/v 9, v006EA470_0, 1;
    %and 8, 9, 1;
    %load/v 9, v00782D70_0, 5;
    %mov 14, 0, 1;
    %cmpi/u 9, 0, 6;
    %inv 4, 1;
    %mov 9, 4, 1;
    %and 8, 9, 1;
    %load/v 9, v00782D70_0, 5;
    %load/v 14, v006EA5D0_0, 5;
    %cmp/u 9, 14, 5;
    %mov 9, 4, 1;
    %and 8, 9, 1;
    %jmp/0xz  T_2.58, 8;
    %set/v v00782BB8_0, 1, 1;
    %set/v v00782C10_0, 0, 1;
    %set/v v006EA998_0, 0, 1;
    %set/v v00782B60_0, 0, 1;
T_2.58 ;
    %jmp T_2.15;
T_2.3 ;
    %load/v 8, v00782950_0, 1;
    %load/v 9, v00782D70_0, 5;
    %mov 14, 0, 1;
    %cmpi/u 9, 0, 6;
    %inv 4, 1;
    %mov 9, 4, 1;
    %and 8, 9, 1;
    %load/v 9, v00782D70_0, 5;
    %load/v 14, v006EA940_0, 5;
    %cmp/u 9, 14, 5;
    %mov 9, 4, 1;
    %and 8, 9, 1;
    %jmp/0xz  T_2.60, 8;
    %movi 8, 2, 2;
    %set/v v006EA628_0, 8, 2;
T_2.60 ;
    %load/v 8, v006EA520_0, 1;
    %load/v 9, v00782D70_0, 5;
    %mov 14, 0, 1;
    %cmpi/u 9, 0, 6;
    %inv 4, 1;
    %mov 9, 4, 1;
    %and 8, 9, 1;
    %load/v 9, v00782D70_0, 5;
    %load/v 14, v006EA5D0_0, 5;
    %cmp/u 9, 14, 5;
    %mov 9, 4, 1;
    %and 8, 9, 1;
    %jmp/0xz  T_2.62, 8;
    %movi 8, 1, 2;
    %set/v v006EA628_0, 8, 2;
T_2.62 ;
    %load/v 8, v00782950_0, 1;
    %load/v 9, v007828F8_0, 1;
    %and 8, 9, 1;
    %load/v 9, v00782D70_0, 5;
    %mov 14, 0, 1;
    %cmpi/u 9, 0, 6;
    %inv 4, 1;
    %mov 9, 4, 1;
    %and 8, 9, 1;
    %load/v 9, v00782D70_0, 5;
    %load/v 14, v006EA940_0, 5;
    %cmp/u 9, 14, 5;
    %mov 9, 4, 1;
    %and 8, 9, 1;
    %jmp/0xz  T_2.64, 8;
    %set/v v006EA628_0, 1, 2;
T_2.64 ;
    %set/v v00782C10_0, 1, 1;
    %set/v v006EA2B8_0, 0, 4;
    %set/v v006EA310_0, 1, 1;
    %set/v v007829A8_0, 1, 1;
    %set/v v00782A00_0, 1, 1;
    %load/v 8, v006EA520_0, 1;
    %load/v 9, v006EA470_0, 1;
    %and 8, 9, 1;
    %load/v 9, v00782D70_0, 5;
    %mov 14, 0, 1;
    %cmpi/u 9, 0, 6;
    %inv 4, 1;
    %mov 9, 4, 1;
    %and 8, 9, 1;
    %load/v 9, v00782D70_0, 5;
    %load/v 14, v006EA5D0_0, 5;
    %cmp/u 9, 14, 5;
    %mov 9, 4, 1;
    %and 8, 9, 1;
    %jmp/0xz  T_2.66, 8;
    %set/v v00782BB8_0, 1, 1;
    %set/v v00782C10_0, 0, 1;
    %set/v v006EA998_0, 0, 1;
    %set/v v00782B60_0, 0, 1;
T_2.66 ;
    %jmp T_2.15;
T_2.4 ;
    %load/v 8, v00782950_0, 1;
    %load/v 9, v00782D70_0, 5;
    %mov 14, 0, 1;
    %cmpi/u 9, 0, 6;
    %inv 4, 1;
    %mov 9, 4, 1;
    %and 8, 9, 1;
    %load/v 9, v00782D70_0, 5;
    %load/v 14, v006EA940_0, 5;
    %cmp/u 9, 14, 5;
    %mov 9, 4, 1;
    %and 8, 9, 1;
    %jmp/0xz  T_2.68, 8;
    %movi 8, 2, 2;
    %set/v v006EA628_0, 8, 2;
T_2.68 ;
    %load/v 8, v006EA520_0, 1;
    %load/v 9, v00782D70_0, 5;
    %mov 14, 0, 1;
    %cmpi/u 9, 0, 6;
    %inv 4, 1;
    %mov 9, 4, 1;
    %and 8, 9, 1;
    %load/v 9, v00782D70_0, 5;
    %load/v 14, v006EA5D0_0, 5;
    %cmp/u 9, 14, 5;
    %mov 9, 4, 1;
    %and 8, 9, 1;
    %jmp/0xz  T_2.70, 8;
    %movi 8, 1, 2;
    %set/v v006EA628_0, 8, 2;
T_2.70 ;
    %load/v 8, v00782950_0, 1;
    %load/v 9, v007828F8_0, 1;
    %and 8, 9, 1;
    %load/v 9, v00782D70_0, 5;
    %mov 14, 0, 1;
    %cmpi/u 9, 0, 6;
    %inv 4, 1;
    %mov 9, 4, 1;
    %and 8, 9, 1;
    %load/v 9, v00782D70_0, 5;
    %load/v 14, v006EA940_0, 5;
    %cmp/u 9, 14, 5;
    %mov 9, 4, 1;
    %and 8, 9, 1;
    %jmp/0xz  T_2.72, 8;
    %set/v v006EA628_0, 1, 2;
T_2.72 ;
    %load/v 8, v00782950_0, 1;
    %load/v 9, v00782DC8_0, 5;
    %mov 14, 0, 1;
    %cmpi/u 9, 0, 6;
    %inv 4, 1;
    %mov 9, 4, 1;
    %and 8, 9, 1;
    %load/v 9, v00782DC8_0, 5;
    %load/v 14, v006EA940_0, 5;
    %cmp/u 9, 14, 5;
    %mov 9, 4, 1;
    %and 8, 9, 1;
    %jmp/0xz  T_2.74, 8;
    %movi 8, 2, 2;
    %set/v v006EA680_0, 8, 2;
T_2.74 ;
    %load/v 8, v006EA520_0, 1;
    %load/v 9, v00782DC8_0, 5;
    %mov 14, 0, 1;
    %cmpi/u 9, 0, 6;
    %inv 4, 1;
    %mov 9, 4, 1;
    %and 8, 9, 1;
    %load/v 9, v00782DC8_0, 5;
    %load/v 14, v006EA5D0_0, 5;
    %cmp/u 9, 14, 5;
    %mov 9, 4, 1;
    %and 8, 9, 1;
    %jmp/0xz  T_2.76, 8;
    %movi 8, 1, 2;
    %set/v v006EA680_0, 8, 2;
T_2.76 ;
    %load/v 8, v00782950_0, 1;
    %load/v 9, v007828F8_0, 1;
    %and 8, 9, 1;
    %load/v 9, v00782DC8_0, 5;
    %mov 14, 0, 1;
    %cmpi/u 9, 0, 6;
    %inv 4, 1;
    %mov 9, 4, 1;
    %and 8, 9, 1;
    %load/v 9, v00782DC8_0, 5;
    %load/v 14, v006EA940_0, 5;
    %cmp/u 9, 14, 5;
    %mov 9, 4, 1;
    %and 8, 9, 1;
    %jmp/0xz  T_2.78, 8;
    %set/v v006EA680_0, 1, 2;
T_2.78 ;
    %load/v 8, v006EA6D8_0, 1;
    %load/v 9, v006EA3C0_0, 1;
    %inv 9, 1;
    %and 8, 9, 1;
    %jmp/0xz  T_2.80, 8;
    %set/v v006EA368_0, 1, 1;
    %set/v v006EA8E8_0, 0, 1;
    %set/v v006EA418_0, 1, 1;
    %set/v v006EA3C0_0, 1, 1;
T_2.80 ;
    %load/v 8, v006EA6D8_0, 1;
    %inv 8, 1;
    %load/v 9, v006EA3C0_0, 1;
    %and 8, 9, 1;
    %jmp/0xz  T_2.82, 8;
    %set/v v006EA368_0, 1, 1;
    %set/v v006EA8E8_0, 0, 1;
    %set/v v006EA418_0, 0, 1;
    %set/v v006EA3C0_0, 0, 1;
T_2.82 ;
    %load/v 8, v006EA520_0, 1;
    %load/v 9, v006EA470_0, 1;
    %and 8, 9, 1;
    %load/v 9, v00782D70_0, 5;
    %mov 14, 0, 1;
    %cmpi/u 9, 0, 6;
    %inv 4, 1;
    %mov 9, 4, 1;
    %load/v 10, v00782D70_0, 5;
    %load/v 15, v006EA5D0_0, 5;
    %cmp/u 10, 15, 5;
    %mov 10, 4, 1;
    %and 9, 10, 1;
    %load/v 10, v00782DC8_0, 5;
    %mov 15, 0, 1;
    %cmpi/u 10, 0, 6;
    %inv 4, 1;
    %mov 10, 4, 1;
    %load/v 11, v00782DC8_0, 5;
    %load/v 16, v006EA5D0_0, 5;
    %cmp/u 11, 16, 5;
    %mov 11, 4, 1;
    %and 10, 11, 1;
    %or 9, 10, 1;
    %and 8, 9, 1;
    %jmp/0xz  T_2.84, 8;
    %set/v v00782BB8_0, 1, 1;
    %set/v v00782C10_0, 0, 1;
    %set/v v006EA998_0, 0, 1;
    %set/v v00782B60_0, 0, 1;
T_2.84 ;
    %jmp T_2.15;
T_2.5 ;
    %load/v 8, v00782950_0, 1;
    %load/v 9, v00782D70_0, 5;
    %mov 14, 0, 1;
    %cmpi/u 9, 0, 6;
    %inv 4, 1;
    %mov 9, 4, 1;
    %and 8, 9, 1;
    %load/v 9, v00782D70_0, 5;
    %load/v 14, v006EA940_0, 5;
    %cmp/u 9, 14, 5;
    %mov 9, 4, 1;
    %and 8, 9, 1;
    %jmp/0xz  T_2.86, 8;
    %movi 8, 2, 2;
    %set/v v006EA628_0, 8, 2;
T_2.86 ;
    %load/v 8, v006EA520_0, 1;
    %load/v 9, v00782D70_0, 5;
    %mov 14, 0, 1;
    %cmpi/u 9, 0, 6;
    %inv 4, 1;
    %mov 9, 4, 1;
    %and 8, 9, 1;
    %load/v 9, v00782D70_0, 5;
    %load/v 14, v006EA5D0_0, 5;
    %cmp/u 9, 14, 5;
    %mov 9, 4, 1;
    %and 8, 9, 1;
    %jmp/0xz  T_2.88, 8;
    %movi 8, 1, 2;
    %set/v v006EA628_0, 8, 2;
T_2.88 ;
    %load/v 8, v00782950_0, 1;
    %load/v 9, v007828F8_0, 1;
    %and 8, 9, 1;
    %load/v 9, v00782D70_0, 5;
    %mov 14, 0, 1;
    %cmpi/u 9, 0, 6;
    %inv 4, 1;
    %mov 9, 4, 1;
    %and 8, 9, 1;
    %load/v 9, v00782D70_0, 5;
    %load/v 14, v006EA940_0, 5;
    %cmp/u 9, 14, 5;
    %mov 9, 4, 1;
    %and 8, 9, 1;
    %jmp/0xz  T_2.90, 8;
    %set/v v006EA628_0, 1, 2;
T_2.90 ;
    %load/v 8, v00782950_0, 1;
    %load/v 9, v00782DC8_0, 5;
    %mov 14, 0, 1;
    %cmpi/u 9, 0, 6;
    %inv 4, 1;
    %mov 9, 4, 1;
    %and 8, 9, 1;
    %load/v 9, v00782DC8_0, 5;
    %load/v 14, v006EA940_0, 5;
    %cmp/u 9, 14, 5;
    %mov 9, 4, 1;
    %and 8, 9, 1;
    %jmp/0xz  T_2.92, 8;
    %movi 8, 2, 2;
    %set/v v006EA680_0, 8, 2;
T_2.92 ;
    %load/v 8, v006EA520_0, 1;
    %load/v 9, v00782DC8_0, 5;
    %mov 14, 0, 1;
    %cmpi/u 9, 0, 6;
    %inv 4, 1;
    %mov 9, 4, 1;
    %and 8, 9, 1;
    %load/v 9, v00782DC8_0, 5;
    %load/v 14, v006EA5D0_0, 5;
    %cmp/u 9, 14, 5;
    %mov 9, 4, 1;
    %and 8, 9, 1;
    %jmp/0xz  T_2.94, 8;
    %movi 8, 1, 2;
    %set/v v006EA680_0, 8, 2;
T_2.94 ;
    %load/v 8, v00782950_0, 1;
    %load/v 9, v007828F8_0, 1;
    %and 8, 9, 1;
    %load/v 9, v00782DC8_0, 5;
    %mov 14, 0, 1;
    %cmpi/u 9, 0, 6;
    %inv 4, 1;
    %mov 9, 4, 1;
    %and 8, 9, 1;
    %load/v 9, v00782DC8_0, 5;
    %load/v 14, v006EA940_0, 5;
    %cmp/u 9, 14, 5;
    %mov 9, 4, 1;
    %and 8, 9, 1;
    %jmp/0xz  T_2.96, 8;
    %set/v v006EA680_0, 1, 2;
T_2.96 ;
    %load/v 8, v006EA6D8_0, 1;
    %inv 8, 1;
    %load/v 9, v006EA3C0_0, 1;
    %inv 9, 1;
    %and 8, 9, 1;
    %jmp/0xz  T_2.98, 8;
    %set/v v006EA368_0, 1, 1;
    %set/v v006EA8E8_0, 0, 1;
    %set/v v006EA418_0, 1, 1;
    %set/v v006EA3C0_0, 1, 1;
T_2.98 ;
    %load/v 8, v006EA6D8_0, 1;
    %load/v 9, v006EA3C0_0, 1;
    %and 8, 9, 1;
    %jmp/0xz  T_2.100, 8;
    %set/v v006EA368_0, 1, 1;
    %set/v v006EA8E8_0, 0, 1;
    %set/v v006EA418_0, 0, 1;
    %set/v v006EA3C0_0, 0, 1;
T_2.100 ;
    %load/v 8, v006EA520_0, 1;
    %load/v 9, v006EA470_0, 1;
    %and 8, 9, 1;
    %load/v 9, v00782D70_0, 5;
    %mov 14, 0, 1;
    %cmpi/u 9, 0, 6;
    %inv 4, 1;
    %mov 9, 4, 1;
    %load/v 10, v00782D70_0, 5;
    %load/v 15, v006EA5D0_0, 5;
    %cmp/u 10, 15, 5;
    %mov 10, 4, 1;
    %and 9, 10, 1;
    %load/v 10, v00782DC8_0, 5;
    %mov 15, 0, 1;
    %cmpi/u 10, 0, 6;
    %inv 4, 1;
    %mov 10, 4, 1;
    %load/v 11, v00782DC8_0, 5;
    %load/v 16, v006EA5D0_0, 5;
    %cmp/u 11, 16, 5;
    %mov 11, 4, 1;
    %and 10, 11, 1;
    %or 9, 10, 1;
    %and 8, 9, 1;
    %jmp/0xz  T_2.102, 8;
    %set/v v00782BB8_0, 1, 1;
    %set/v v00782C10_0, 0, 1;
    %set/v v006EA998_0, 0, 1;
    %set/v v00782B60_0, 0, 1;
T_2.102 ;
    %jmp T_2.15;
T_2.6 ;
    %set/v v006EA8E8_0, 1, 1;
    %set/v v006EA368_0, 1, 1;
    %jmp T_2.15;
T_2.7 ;
    %set/v v006EA8E8_0, 1, 1;
    %set/v v006EA368_0, 1, 1;
    %set/v v006EA838_0, 1, 1;
    %movi 8, 4, 4;
    %set/v v006EA2B8_0, 8, 4;
    %set/v v00782C10_0, 1, 1;
    %jmp T_2.15;
T_2.8 ;
    %load/v 8, v00782950_0, 1;
    %load/v 9, v00782D70_0, 5;
    %mov 14, 0, 1;
    %cmpi/u 9, 0, 6;
    %inv 4, 1;
    %mov 9, 4, 1;
    %and 8, 9, 1;
    %load/v 9, v00782D70_0, 5;
    %load/v 14, v006EA940_0, 5;
    %cmp/u 9, 14, 5;
    %mov 9, 4, 1;
    %and 8, 9, 1;
    %jmp/0xz  T_2.104, 8;
    %movi 8, 2, 2;
    %set/v v006EA628_0, 8, 2;
T_2.104 ;
    %load/v 8, v006EA520_0, 1;
    %load/v 9, v00782D70_0, 5;
    %mov 14, 0, 1;
    %cmpi/u 9, 0, 6;
    %inv 4, 1;
    %mov 9, 4, 1;
    %and 8, 9, 1;
    %load/v 9, v00782D70_0, 5;
    %load/v 14, v006EA5D0_0, 5;
    %cmp/u 9, 14, 5;
    %mov 9, 4, 1;
    %and 8, 9, 1;
    %jmp/0xz  T_2.106, 8;
    %movi 8, 1, 2;
    %set/v v006EA628_0, 8, 2;
T_2.106 ;
    %load/v 8, v00782950_0, 1;
    %load/v 9, v007828F8_0, 1;
    %and 8, 9, 1;
    %load/v 9, v00782D70_0, 5;
    %mov 14, 0, 1;
    %cmpi/u 9, 0, 6;
    %inv 4, 1;
    %mov 9, 4, 1;
    %and 8, 9, 1;
    %load/v 9, v00782D70_0, 5;
    %load/v 14, v006EA940_0, 5;
    %cmp/u 9, 14, 5;
    %mov 9, 4, 1;
    %and 8, 9, 1;
    %jmp/0xz  T_2.108, 8;
    %set/v v006EA628_0, 1, 2;
T_2.108 ;
    %set/v v00782C10_0, 1, 1;
    %set/v v006EA998_0, 1, 1;
    %movi 8, 2, 4;
    %set/v v006EA2B8_0, 8, 4;
    %set/v v006EA310_0, 1, 1;
    %set/v v007829A8_0, 1, 1;
    %set/v v00782A00_0, 0, 1;
    %load/v 8, v006EA520_0, 1;
    %load/v 9, v006EA470_0, 1;
    %and 8, 9, 1;
    %load/v 9, v00782D70_0, 5;
    %mov 14, 0, 1;
    %cmpi/u 9, 0, 6;
    %inv 4, 1;
    %mov 9, 4, 1;
    %and 8, 9, 1;
    %load/v 9, v00782D70_0, 5;
    %load/v 14, v006EA5D0_0, 5;
    %cmp/u 9, 14, 5;
    %mov 9, 4, 1;
    %and 8, 9, 1;
    %jmp/0xz  T_2.110, 8;
    %set/v v00782BB8_0, 1, 1;
    %set/v v00782C10_0, 0, 1;
    %set/v v006EA998_0, 0, 1;
    %set/v v00782B60_0, 0, 1;
T_2.110 ;
    %jmp T_2.15;
T_2.9 ;
    %load/v 8, v00782950_0, 1;
    %load/v 9, v00782D70_0, 5;
    %mov 14, 0, 1;
    %cmpi/u 9, 0, 6;
    %inv 4, 1;
    %mov 9, 4, 1;
    %and 8, 9, 1;
    %load/v 9, v00782D70_0, 5;
    %load/v 14, v006EA940_0, 5;
    %cmp/u 9, 14, 5;
    %mov 9, 4, 1;
    %and 8, 9, 1;
    %jmp/0xz  T_2.112, 8;
    %movi 8, 2, 2;
    %set/v v006EA628_0, 8, 2;
T_2.112 ;
    %load/v 8, v006EA520_0, 1;
    %load/v 9, v00782D70_0, 5;
    %mov 14, 0, 1;
    %cmpi/u 9, 0, 6;
    %inv 4, 1;
    %mov 9, 4, 1;
    %and 8, 9, 1;
    %load/v 9, v00782D70_0, 5;
    %load/v 14, v006EA5D0_0, 5;
    %cmp/u 9, 14, 5;
    %mov 9, 4, 1;
    %and 8, 9, 1;
    %jmp/0xz  T_2.114, 8;
    %movi 8, 1, 2;
    %set/v v006EA628_0, 8, 2;
T_2.114 ;
    %load/v 8, v00782950_0, 1;
    %load/v 9, v007828F8_0, 1;
    %and 8, 9, 1;
    %load/v 9, v00782D70_0, 5;
    %mov 14, 0, 1;
    %cmpi/u 9, 0, 6;
    %inv 4, 1;
    %mov 9, 4, 1;
    %and 8, 9, 1;
    %load/v 9, v00782D70_0, 5;
    %load/v 14, v006EA940_0, 5;
    %cmp/u 9, 14, 5;
    %mov 9, 4, 1;
    %and 8, 9, 1;
    %jmp/0xz  T_2.116, 8;
    %set/v v006EA628_0, 1, 2;
T_2.116 ;
    %set/v v00782C10_0, 1, 1;
    %movi 8, 1, 4;
    %set/v v006EA2B8_0, 8, 4;
    %set/v v006EA310_0, 1, 1;
    %set/v v007829A8_0, 1, 1;
    %set/v v00782A00_0, 1, 1;
    %load/v 8, v006EA520_0, 1;
    %load/v 9, v006EA470_0, 1;
    %and 8, 9, 1;
    %load/v 9, v00782D70_0, 5;
    %mov 14, 0, 1;
    %cmpi/u 9, 0, 6;
    %inv 4, 1;
    %mov 9, 4, 1;
    %and 8, 9, 1;
    %load/v 9, v00782D70_0, 5;
    %load/v 14, v006EA5D0_0, 5;
    %cmp/u 9, 14, 5;
    %mov 9, 4, 1;
    %and 8, 9, 1;
    %jmp/0xz  T_2.118, 8;
    %set/v v00782BB8_0, 1, 1;
    %set/v v00782C10_0, 0, 1;
    %set/v v006EA998_0, 0, 1;
    %set/v v00782B60_0, 0, 1;
T_2.118 ;
    %jmp T_2.15;
T_2.10 ;
    %load/v 8, v00782950_0, 1;
    %load/v 9, v00782D70_0, 5;
    %mov 14, 0, 1;
    %cmpi/u 9, 0, 6;
    %inv 4, 1;
    %mov 9, 4, 1;
    %and 8, 9, 1;
    %load/v 9, v00782D70_0, 5;
    %load/v 14, v006EA940_0, 5;
    %cmp/u 9, 14, 5;
    %mov 9, 4, 1;
    %and 8, 9, 1;
    %jmp/0xz  T_2.120, 8;
    %movi 8, 2, 2;
    %set/v v006EA628_0, 8, 2;
T_2.120 ;
    %load/v 8, v006EA520_0, 1;
    %load/v 9, v00782D70_0, 5;
    %mov 14, 0, 1;
    %cmpi/u 9, 0, 6;
    %inv 4, 1;
    %mov 9, 4, 1;
    %and 8, 9, 1;
    %load/v 9, v00782D70_0, 5;
    %load/v 14, v006EA5D0_0, 5;
    %cmp/u 9, 14, 5;
    %mov 9, 4, 1;
    %and 8, 9, 1;
    %jmp/0xz  T_2.122, 8;
    %movi 8, 1, 2;
    %set/v v006EA628_0, 8, 2;
T_2.122 ;
    %load/v 8, v00782950_0, 1;
    %load/v 9, v007828F8_0, 1;
    %and 8, 9, 1;
    %load/v 9, v00782D70_0, 5;
    %mov 14, 0, 1;
    %cmpi/u 9, 0, 6;
    %inv 4, 1;
    %mov 9, 4, 1;
    %and 8, 9, 1;
    %load/v 9, v00782D70_0, 5;
    %load/v 14, v006EA940_0, 5;
    %cmp/u 9, 14, 5;
    %mov 9, 4, 1;
    %and 8, 9, 1;
    %jmp/0xz  T_2.124, 8;
    %set/v v006EA628_0, 1, 2;
T_2.124 ;
    %set/v v00782C10_0, 1, 1;
    %movi 8, 7, 4;
    %set/v v006EA2B8_0, 8, 4;
    %set/v v006EA310_0, 1, 1;
    %set/v v007829A8_0, 1, 1;
    %set/v v00782A00_0, 0, 1;
    %load/v 8, v006EA520_0, 1;
    %load/v 9, v006EA470_0, 1;
    %and 8, 9, 1;
    %load/v 9, v00782D70_0, 5;
    %mov 14, 0, 1;
    %cmpi/u 9, 0, 6;
    %inv 4, 1;
    %mov 9, 4, 1;
    %and 8, 9, 1;
    %load/v 9, v00782D70_0, 5;
    %load/v 14, v006EA5D0_0, 5;
    %cmp/u 9, 14, 5;
    %mov 9, 4, 1;
    %and 8, 9, 1;
    %jmp/0xz  T_2.126, 8;
    %set/v v00782BB8_0, 1, 1;
    %set/v v00782C10_0, 0, 1;
    %set/v v006EA998_0, 0, 1;
    %set/v v00782B60_0, 0, 1;
T_2.126 ;
    %jmp T_2.15;
T_2.11 ;
    %load/v 8, v00782950_0, 1;
    %load/v 9, v00782D70_0, 5;
    %mov 14, 0, 1;
    %cmpi/u 9, 0, 6;
    %inv 4, 1;
    %mov 9, 4, 1;
    %and 8, 9, 1;
    %load/v 9, v00782D70_0, 5;
    %load/v 14, v006EA940_0, 5;
    %cmp/u 9, 14, 5;
    %mov 9, 4, 1;
    %and 8, 9, 1;
    %jmp/0xz  T_2.128, 8;
    %movi 8, 2, 2;
    %set/v v006EA628_0, 8, 2;
T_2.128 ;
    %load/v 8, v006EA520_0, 1;
    %load/v 9, v00782D70_0, 5;
    %mov 14, 0, 1;
    %cmpi/u 9, 0, 6;
    %inv 4, 1;
    %mov 9, 4, 1;
    %and 8, 9, 1;
    %load/v 9, v00782D70_0, 5;
    %load/v 14, v006EA5D0_0, 5;
    %cmp/u 9, 14, 5;
    %mov 9, 4, 1;
    %and 8, 9, 1;
    %jmp/0xz  T_2.130, 8;
    %movi 8, 1, 2;
    %set/v v006EA628_0, 8, 2;
T_2.130 ;
    %load/v 8, v00782950_0, 1;
    %load/v 9, v007828F8_0, 1;
    %and 8, 9, 1;
    %load/v 9, v00782D70_0, 5;
    %mov 14, 0, 1;
    %cmpi/u 9, 0, 6;
    %inv 4, 1;
    %mov 9, 4, 1;
    %and 8, 9, 1;
    %load/v 9, v00782D70_0, 5;
    %load/v 14, v006EA940_0, 5;
    %cmp/u 9, 14, 5;
    %mov 9, 4, 1;
    %and 8, 9, 1;
    %jmp/0xz  T_2.132, 8;
    %set/v v006EA628_0, 1, 2;
T_2.132 ;
    %set/v v00782C10_0, 1, 1;
    %movi 8, 5, 4;
    %set/v v006EA2B8_0, 8, 4;
    %set/v v006EA310_0, 1, 1;
    %set/v v007829A8_0, 1, 1;
    %set/v v00782A00_0, 0, 1;
    %load/v 8, v006EA520_0, 1;
    %load/v 9, v006EA470_0, 1;
    %and 8, 9, 1;
    %load/v 9, v00782D70_0, 5;
    %mov 14, 0, 1;
    %cmpi/u 9, 0, 6;
    %inv 4, 1;
    %mov 9, 4, 1;
    %and 8, 9, 1;
    %load/v 9, v00782D70_0, 5;
    %load/v 14, v006EA5D0_0, 5;
    %cmp/u 9, 14, 5;
    %mov 9, 4, 1;
    %and 8, 9, 1;
    %jmp/0xz  T_2.134, 8;
    %set/v v00782BB8_0, 1, 1;
    %set/v v00782C10_0, 0, 1;
    %set/v v006EA998_0, 0, 1;
    %set/v v00782B60_0, 0, 1;
T_2.134 ;
    %jmp T_2.15;
T_2.12 ;
    %load/v 8, v00782950_0, 1;
    %load/v 9, v00782D70_0, 5;
    %mov 14, 0, 1;
    %cmpi/u 9, 0, 6;
    %inv 4, 1;
    %mov 9, 4, 1;
    %and 8, 9, 1;
    %load/v 9, v00782D70_0, 5;
    %load/v 14, v006EA940_0, 5;
    %cmp/u 9, 14, 5;
    %mov 9, 4, 1;
    %and 8, 9, 1;
    %jmp/0xz  T_2.136, 8;
    %movi 8, 2, 2;
    %set/v v006EA628_0, 8, 2;
T_2.136 ;
    %load/v 8, v006EA520_0, 1;
    %load/v 9, v00782D70_0, 5;
    %mov 14, 0, 1;
    %cmpi/u 9, 0, 6;
    %inv 4, 1;
    %mov 9, 4, 1;
    %and 8, 9, 1;
    %load/v 9, v00782D70_0, 5;
    %load/v 14, v006EA5D0_0, 5;
    %cmp/u 9, 14, 5;
    %mov 9, 4, 1;
    %and 8, 9, 1;
    %jmp/0xz  T_2.138, 8;
    %movi 8, 1, 2;
    %set/v v006EA628_0, 8, 2;
T_2.138 ;
    %load/v 8, v00782950_0, 1;
    %load/v 9, v007828F8_0, 1;
    %and 8, 9, 1;
    %load/v 9, v00782D70_0, 5;
    %mov 14, 0, 1;
    %cmpi/u 9, 0, 6;
    %inv 4, 1;
    %mov 9, 4, 1;
    %and 8, 9, 1;
    %load/v 9, v00782D70_0, 5;
    %load/v 14, v006EA940_0, 5;
    %cmp/u 9, 14, 5;
    %mov 9, 4, 1;
    %and 8, 9, 1;
    %jmp/0xz  T_2.140, 8;
    %set/v v006EA628_0, 1, 2;
T_2.140 ;
    %load/v 8, v00782950_0, 1;
    %load/v 9, v00782DC8_0, 5;
    %mov 14, 0, 1;
    %cmpi/u 9, 0, 6;
    %inv 4, 1;
    %mov 9, 4, 1;
    %and 8, 9, 1;
    %load/v 9, v00782DC8_0, 5;
    %load/v 14, v006EA940_0, 5;
    %cmp/u 9, 14, 5;
    %mov 9, 4, 1;
    %and 8, 9, 1;
    %jmp/0xz  T_2.142, 8;
    %movi 8, 2, 2;
    %set/v v006EA680_0, 8, 2;
T_2.142 ;
    %load/v 8, v006EA520_0, 1;
    %load/v 9, v00782DC8_0, 5;
    %mov 14, 0, 1;
    %cmpi/u 9, 0, 6;
    %inv 4, 1;
    %mov 9, 4, 1;
    %and 8, 9, 1;
    %load/v 9, v00782DC8_0, 5;
    %load/v 14, v006EA5D0_0, 5;
    %cmp/u 9, 14, 5;
    %mov 9, 4, 1;
    %and 8, 9, 1;
    %jmp/0xz  T_2.144, 8;
    %movi 8, 1, 2;
    %set/v v006EA680_0, 8, 2;
T_2.144 ;
    %load/v 8, v00782950_0, 1;
    %load/v 9, v007828F8_0, 1;
    %and 8, 9, 1;
    %load/v 9, v00782DC8_0, 5;
    %mov 14, 0, 1;
    %cmpi/u 9, 0, 6;
    %inv 4, 1;
    %mov 9, 4, 1;
    %and 8, 9, 1;
    %load/v 9, v00782DC8_0, 5;
    %load/v 14, v006EA940_0, 5;
    %cmp/u 9, 14, 5;
    %mov 9, 4, 1;
    %and 8, 9, 1;
    %jmp/0xz  T_2.146, 8;
    %set/v v006EA680_0, 1, 2;
T_2.146 ;
    %set/v v00782C10_0, 0, 1;
    %set/v v00782B60_0, 1, 1;
    %movi 8, 2, 4;
    %set/v v006EA2B8_0, 8, 4;
    %set/v v006EA310_0, 1, 1;
    %load/v 8, v006EA520_0, 1;
    %load/v 9, v006EA470_0, 1;
    %and 8, 9, 1;
    %load/v 9, v00782D70_0, 5;
    %mov 14, 0, 1;
    %cmpi/u 9, 0, 6;
    %inv 4, 1;
    %mov 9, 4, 1;
    %load/v 10, v00782D70_0, 5;
    %load/v 15, v006EA5D0_0, 5;
    %cmp/u 10, 15, 5;
    %mov 10, 4, 1;
    %and 9, 10, 1;
    %load/v 10, v00782DC8_0, 5;
    %mov 15, 0, 1;
    %cmpi/u 10, 0, 6;
    %inv 4, 1;
    %mov 10, 4, 1;
    %load/v 11, v00782DC8_0, 5;
    %load/v 16, v006EA5D0_0, 5;
    %cmp/u 11, 16, 5;
    %mov 11, 4, 1;
    %and 10, 11, 1;
    %or 9, 10, 1;
    %and 8, 9, 1;
    %jmp/0xz  T_2.148, 8;
    %set/v v00782BB8_0, 1, 1;
    %set/v v00782C10_0, 0, 1;
    %set/v v006EA998_0, 0, 1;
    %set/v v00782B60_0, 0, 1;
T_2.148 ;
    %jmp T_2.15;
T_2.13 ;
    %set/v v00782C10_0, 1, 1;
    %set/v v006EA2B8_0, 1, 4;
    %set/v v006EA310_0, 1, 1;
    %set/v v007829A8_0, 1, 1;
    %set/v v00782A00_0, 0, 1;
    %jmp T_2.15;
T_2.15 ;
    %load/v 8, v006EA4C8_0, 1;
    %load/v 9, v006EA788_0, 32;
    %load/v 41, v006EA578_0, 32;
    %cmp/u 9, 41, 32;
    %mov 9, 4, 1;
    %and 8, 9, 1;
    %jmp/0xz  T_2.150, 8;
    %set/v v00782AB0_0, 1, 1;
    %set/v v00782BB8_0, 1, 1;
    %set/v v00782C10_0, 0, 1;
    %set/v v006EA998_0, 0, 1;
    %set/v v00782B60_0, 0, 1;
T_2.150 ;
    %load/v 8, v006EA4C8_0, 1;
    %load/v 9, v006EA7E0_0, 32;
    %load/v 41, v006EA578_0, 32;
    %cmp/u 9, 41, 32;
    %mov 9, 4, 1;
    %and 8, 9, 1;
    %jmp/0xz  T_2.152, 8;
    %set/v v00782B08_0, 1, 1;
T_2.152 ;
    %jmp T_2;
    .thread T_2, $push;
    .scope S_006E3C20;
T_3 ;
    %set/v v00787778_0, 0, 32;
T_3.0 ;
    %load/v 8, v00787778_0, 32;
    %movi 40, 1048576, 32;
    %cmp/u 8, 40, 32;
    %jmp/0xz T_3.1, 5;
    %ix/getv 3, v00787778_0;
   %jmp/1 t_0, 4;
   %ix/load 1, 0, 0;
   %set/av v007842F0, 0, 8;
t_0 ;
    %ix/load 0, 1, 0;
    %load/vp0 8, v00787778_0, 32;
    %set/v v00787778_0, 8, 32;
    %jmp T_3.0;
T_3.1 ;
    %set/v v00787778_0, 0, 32;
T_3.2 ;
    %load/v 8, v00787778_0, 32;
   %cmpi/u 8, 32, 32;
    %jmp/0xz T_3.3, 5;
    %ix/getv 3, v00787778_0;
   %jmp/1 t_1, 4;
   %ix/load 1, 0, 0;
   %set/av v007844A8, 0, 32;
t_1 ;
    %ix/load 0, 1, 0;
    %load/vp0 8, v00787778_0, 32;
    %set/v v00787778_0, 8, 32;
    %jmp T_3.2;
T_3.3 ;
    %set/v v007876C8_0, 0, 1;
    %set/v v00784088_0, 0, 1;
    %set/v v00784348_0, 0, 32;
    %set/v v00783B08_0, 0, 32;
    %set/v v007832F0_0, 0, 1;
    %set/v v007831E8_0, 0, 1;
    %set/v v00783298_0, 0, 1;
    %set/v v00784298_0, 0, 1;
    %set/v v007841E8_0, 0, 1;
    %set/v v00784240_0, 0, 1;
    %set/v v007848F8_0, 0, 1;
    %set/v v00784768_0, 0, 1;
    %vpi_call 2 55 "$readmemb", "test.mif", v007842F0;
    %set/v v007875C0_0, 0, 32;
    %set/v v00787670_0, 0, 32;
    %set/v v00787778_0, 0, 32;
T_3.4 ;
    %load/v 8, v00787778_0, 32;
   %cmpi/u 8, 16384, 32;
    %jmp/0xz T_3.5, 5;
    %ix/getv 3, v00787778_0;
    %load/av 8, v007842F0, 8;
    %ix/getv 3, v00787778_0;
   %jmp/1 t_2, 4;
   %ix/load 1, 0, 0;
   %set/av v00787618, 8, 8;
t_2 ;
    %ix/load 0, 1, 0;
    %load/vp0 8, v00787778_0, 32;
    %set/v v00787778_0, 8, 32;
    %jmp T_3.4;
T_3.5 ;
    %set/v v00787778_0, 0, 32;
T_3.6 ;
    %load/v 8, v00787778_0, 32;
   %cmpi/u 8, 1024, 32;
    %jmp/0xz T_3.7, 5;
    %ix/getv 3, v00787778_0;
    %load/av 8, v007842F0, 8;
    %ix/getv 3, v00787778_0;
   %jmp/1 t_3, 4;
   %ix/load 1, 0, 0;
   %set/av v00787568, 8, 8;
t_3 ;
    %ix/load 0, 1, 0;
    %load/vp0 8, v00787778_0, 32;
    %set/v v00787778_0, 8, 32;
    %jmp T_3.6;
T_3.7 ;
    %ix/load 3, 3, 0;
    %mov 4, 0, 1;
    %load/av 8, v00787568, 8;
    %ix/load 3, 2, 0;
    %mov 4, 0, 1;
    %load/av 16, v00787568, 8;
    %ix/load 3, 1, 0;
    %mov 4, 0, 1;
    %load/av 24, v00787568, 8;
    %ix/load 3, 0, 0;
    %mov 4, 0, 1;
    %load/av 32, v00787568, 8;
    %set/v v00783C68_0, 8, 32;
    %end;
    .thread T_3;
    .scope S_006E3C20;
T_4 ;
    %delay 2, 0;
    %load/v 8, v00784088_0, 1;
    %mov 9, 0, 1;
    %cmpi/u 8, 0, 2;
    %mov 8, 4, 1;
    %load/v 9, v007876C8_0, 1;
    %mov 10, 0, 2;
    %cmpi/u 9, 1, 3;
    %or 8, 4, 1;
    %jmp/0xz  T_4.0, 8;
    %load/v 8, v007876C8_0, 1;
    %inv 8, 1;
    %set/v v007876C8_0, 8, 1;
T_4.0 ;
    %jmp T_4;
    .thread T_4;
    .scope S_006E3C20;
T_5 ;
    %wait E_006E0CF0;
    %movi 8, 100000, 32;
    %load/v 40, v00784348_0, 32;
    %cmp/u 8, 40, 32;
    %jmp/0xz  T_5.0, 5;
    %delay 200, 0;
    %vpi_func 2 117 "$fopen", 8, 32, "test.out";
    %set/v v00787720_0, 8, 32;
    %set/v v00787778_0, 0, 32;
T_5.2 ;
    %load/v 8, v00787778_0, 32;
   %cmpi/u 8, 1024, 32;
    %jmp/0xz T_5.3, 5;
    %ix/getv 3, v00787778_0;
    %load/av 8, v00787568, 8;
    %load/v 16, v00787778_0, 10; Select 10 out of 32 bits
    %load/v 26, v007875C0_0, 10; Select 10 out of 32 bits
    %movi 36, 16384, 20;
    %mod 16, 36, 20;
    %ix/get 3, 16, 20;
   %jmp/1 t_4, 4;
   %ix/load 1, 0, 0;
   %set/av v00787618, 8, 8;
t_4 ;
    %ix/load 0, 1, 0;
    %load/vp0 8, v00787778_0, 32;
    %set/v v00787778_0, 8, 32;
    %jmp T_5.2;
T_5.3 ;
    %set/v v00787778_0, 0, 32;
T_5.4 ;
    %load/v 8, v00787778_0, 32;
   %cmpi/u 8, 16384, 32;
    %jmp/0xz T_5.5, 5;
    %ix/getv 3, v00787778_0;
    %load/av 8, v00787618, 8;
    %load/v 16, v00787778_0, 14; Select 14 out of 32 bits
    %load/v 30, v00787670_0, 6; Select 6 out of 32 bits
    %ix/get 3, 16, 20;
   %jmp/1 t_5, 4;
   %ix/load 1, 0, 0;
   %set/av v007842F0, 8, 8;
t_5 ;
    %ix/load 0, 1, 0;
    %load/vp0 8, v00787778_0, 32;
    %set/v v00787778_0, 8, 32;
    %jmp T_5.4;
T_5.5 ;
    %set/v v00787778_0, 0, 32;
T_5.6 ;
    %load/v 8, v00787778_0, 32;
   %cmpi/u 8, 32, 32;
    %jmp/0xz T_5.7, 5;
    %vpi_call 2 125 "$display", "%d in REG[%d]", &A<v007844A8, v00787778_0 >, v00787778_0;
    %vpi_call 2 126 "$fdisplay", v00787720_0, "%b", &A<v007844A8, v00787778_0 >;
    %ix/load 0, 1, 0;
    %load/vp0 8, v00787778_0, 32;
    %set/v v00787778_0, 8, 32;
    %jmp T_5.6;
T_5.7 ;
    %set/v v00787778_0, 0, 32;
T_5.8 ;
    %load/v 8, v00787778_0, 32;
   %cmpi/u 8, 40, 32;
    %jmp/0xz T_5.9, 5;
    %vpi_call 2 131 "$display", "%d in MEM[%d]", &A<v007842F0, v00787778_0 >, v00787778_0;
    %ix/load 0, 1, 0;
    %load/vp0 8, v00787778_0, 32;
    %ix/load 0, 2, 0;
    %load/vp0 40, v00787778_0, 32;
    %ix/load 0, 3, 0;
    %load/vp0 72, v00787778_0, 32;
    %vpi_call 2 132 "$fdisplay", v00787720_0, "%b%b%b%b", &A<v007842F0, v00787778_0 >, &A<v007842F0, 8 32>, &A<v007842F0, 40 32>, &A<v007842F0, 72 32>;
    %ix/load 0, 4, 0;
    %load/vp0 8, v00787778_0, 32;
    %set/v v00787778_0, 8, 32;
    %jmp T_5.8;
T_5.9 ;
    %movi 8, 524288, 32;
    %set/v v00787778_0, 8, 32;
T_5.10 ;
    %load/v 8, v00787778_0, 32;
    %movi 40, 524328, 32;
    %cmp/u 8, 40, 32;
    %jmp/0xz T_5.11, 5;
    %vpi_call 2 137 "$display", "%d in MEM[%d]", &A<v007842F0, v00787778_0 >, v00787778_0;
    %ix/load 0, 1, 0;
    %load/vp0 8, v00787778_0, 32;
    %ix/load 0, 2, 0;
    %load/vp0 40, v00787778_0, 32;
    %ix/load 0, 3, 0;
    %load/vp0 72, v00787778_0, 32;
    %vpi_call 2 138 "$fdisplay", v00787720_0, "%b%b%b%b", &A<v007842F0, v00787778_0 >, &A<v007842F0, 8 32>, &A<v007842F0, 40 32>, &A<v007842F0, 72 32>;
    %ix/load 0, 4, 0;
    %load/vp0 8, v00787778_0, 32;
    %set/v v00787778_0, 8, 32;
    %jmp T_5.10;
T_5.11 ;
    %vpi_call 2 140 "$fclose", v00787720_0;
    %vpi_call 2 141 "$finish";
T_5.0 ;
    %jmp T_5;
    .thread T_5, $push;
    .scope S_006E3C20;
T_6 ;
    %wait E_006E0D70;
    %vpi_call 2 148 "$display", "Time %0d! PC:%h, IDIR:%h, FWDA:%0b,FWDB:%0b", $time, v00784348_0, v00783A00_0, v00783660_0, v00783608_0;
    %load/v 8, v00784818_0, 1;
    %inv 8, 1;
    %jmp/0xz  T_6.0, 8;
    %load/v 8, v007843F8_0, 32;
    %ix/load 0, 32, 0;
    %assign/v0 v00784348_0, 0, 8;
    %load/v 8, v00783D18_0, 32;
    %ix/load 0, 32, 0;
    %assign/v0 v00783BB8_0, 0, 8;
    %load/v 8, v00783CC0_0, 32;
    %ix/load 0, 32, 0;
    %assign/v0 v00783B60_0, 0, 8;
    %load/v 8, v00783030_0, 1;
    %inv 8, 1;
    %jmp/0xz  T_6.2, 8;
    %load/v 8, v00783C10_0, 32;
    %ix/load 0, 32, 0;
    %assign/v0 v00783B08_0, 0, 8;
    %jmp T_6.3;
T_6.2 ;
    %ix/load 0, 32, 0;
    %assign/v0 v00783B60_0, 0, 1;
    %ix/load 0, 32, 0;
    %assign/v0 v00783B08_0, 0, 0;
T_6.3 ;
T_6.0 ;
    %load/v 8, v00784818_0, 1;
    %load/v 9, v007845B0_0, 1;
    %and 8, 9, 1;
    %jmp/0xz  T_6.4, 8;
    %load/v 8, v00783870_0, 32;
    %ix/load 0, 32, 0;
    %assign/v0 v00783B08_0, 0, 8;
T_6.4 ;
    %load/v 8, v007836B8_0, 32;
    %ix/load 0, 32, 0;
    %assign/v0 v00783818_0, 0, 8;
    %load/v 8, v00783710_0, 32;
    %ix/load 0, 32, 0;
    %assign/v0 v00783870_0, 0, 8;
    %load/v 8, v007839A8_0, 32;
    %ix/load 0, 32, 0;
    %assign/v0 v00783950_0, 0, 8;
    %load/v 8, v00783768_0, 5;
    %ix/load 0, 5, 0;
    %assign/v0 v007838F8_0, 0, 8;
    %load/v 8, v00784870_0, 1;
    %ix/load 0, 1, 0;
    %assign/v0 v007832F0_0, 0, 8;
    %load/v 8, v00783E78_0, 1;
    %ix/load 0, 1, 0;
    %assign/v0 v007831E8_0, 0, 8;
    %load/v 8, v007847C0_0, 1;
    %ix/load 0, 1, 0;
    %assign/v0 v00783298_0, 0, 8;
    %load/v 8, v00782FD8_0, 1;
    %ix/load 0, 1, 0;
    %assign/v0 v00783190_0, 0, 8;
    %load/v 8, v00784558_0, 1;
    %ix/load 0, 1, 0;
    %assign/v0 v00783240_0, 0, 8;
    %load/v 8, v00782F80_0, 4;
    %ix/load 0, 4, 0;
    %assign/v0 v00783138_0, 0, 8;
    %load/v 8, v007833A0_0, 32;
    %ix/load 0, 32, 0;
    %assign/v0 v00783500_0, 0, 8;
    %load/v 8, v00783870_0, 32;
    %ix/load 0, 32, 0;
    %assign/v0 v00783558_0, 0, 8;
    %load/v 8, v00783450_0, 5;
    %ix/load 0, 5, 0;
    %assign/v0 v007835B0_0, 0, 8;
    %load/v 8, v007832F0_0, 1;
    %ix/load 0, 1, 0;
    %assign/v0 v00784298_0, 0, 8;
    %load/v 8, v007831E8_0, 1;
    %ix/load 0, 1, 0;
    %assign/v0 v007841E8_0, 0, 8;
    %load/v 8, v00783298_0, 1;
    %ix/load 0, 1, 0;
    %assign/v0 v00784240_0, 0, 8;
    %load/v 8, v00783F80_0, 32;
    %ix/load 0, 32, 0;
    %assign/v0 v00784138_0, 0, 8;
    %load/v 8, v00783ED0_0, 32;
    %ix/load 0, 32, 0;
    %assign/v0 v007840E0_0, 0, 8;
    %load/v 8, v00784030_0, 5;
    %ix/load 0, 5, 0;
    %assign/v0 v00784190_0, 0, 8;
    %load/v 8, v00784298_0, 1;
    %ix/load 0, 1, 0;
    %assign/v0 v007848F8_0, 0, 8;
    %load/v 8, v007841E8_0, 1;
    %ix/load 0, 1, 0;
    %assign/v0 v00784768_0, 0, 8;
    %load/v 8, v00787778_0, 32;
    %set/v v007862C8_0, 8, 32;
    %movi 8, 1, 2;
    %ix/get 0, 8, 2;
    %delayx 0;
    %load/v 8, v007862C8_0, 32;
    %set/v v00787778_0, 8, 32;
    %load/v 8, v007848F8_0, 1;
    %jmp/0xz  T_6.6, 8;
    %vpi_call 2 206 "$display", "# Store 'h%h in REG[%d]", v00784710_0, v00784190_0;
    %load/v 8, v00784710_0, 32;
    %ix/getv 3, v00784190_0;
    %jmp/1 t_6, 4;
    %ix/load 0, 32, 0; word width
    %ix/load 1, 0, 0; part off
    %assign/av v007844A8, 0, 8;
t_6 ;
T_6.6 ;
    %load/v 8, v00784240_0, 1;
    %jmp/0xz  T_6.8, 8;
    %ix/load 1, 2, 0;
    %mov 4, 0, 1;
    %jmp/1 T_6.10, 4;
    %load/x1p 40, v00783ED0_0, 30;
    %jmp T_6.11;
T_6.10 ;
    %mov 40, 2, 30;
T_6.11 ;
    %mov 8, 40, 30; Move signal select into place
    %mov 38, 0, 2;
    %vpi_call 2 212 "$display", "# Store 'h%h in MEM[%h]", v00783F28_0, T<8,32,u>;
    %set/v v00784088_0, 1, 1;
    %load/v 8, v007875C0_0, 32;
    %load/v 40, v00783ED0_0, 32;
    %movi 72, 1024, 32;
    %div 40, 72, 32;
    %cmp/u 8, 40, 32;
    %jmp/0xz  T_6.12, 4;
    %load/v 8, v00783F28_0, 32;
    %set/v v00786320_0, 8, 32;
    %movi 8, 3, 3;
    %ix/get 0, 8, 3;
    %delayx 0;
    %load/v 8, v00786320_0, 32;
    %load/v 40, v00783ED0_0, 32;
    %movi 72, 1024, 32;
    %mod 40, 72, 32;
    %addi 40, 3, 32;
    %ix/get 3, 40, 32;
   %jmp/1 t_7, 4;
   %ix/load 1, 0, 0;
   %set/av v00787568, 8, 8;
t_7 ;
    %load/v 40, v00783ED0_0, 32;
    %movi 72, 1024, 32;
    %mod 40, 72, 32;
    %addi 40, 2, 32;
    %ix/get 3, 40, 32;
   %jmp/1 t_8, 4;
   %ix/load 1, 0, 0;
   %set/av v00787568, 16, 8;
t_8 ;
    %load/v 40, v00783ED0_0, 32;
    %movi 72, 1024, 32;
    %mod 40, 72, 32;
    %addi 40, 1, 32;
    %ix/get 3, 40, 32;
   %jmp/1 t_9, 4;
   %ix/load 1, 0, 0;
   %set/av v00787568, 24, 8;
t_9 ;
    %load/v 40, v00783ED0_0, 32;
    %movi 72, 1024, 32;
    %mod 40, 72, 32;
    %ix/get 3, 40, 32;
   %jmp/1 t_10, 4;
   %ix/load 1, 0, 0;
   %set/av v00787568, 32, 8;
t_10 ;
    %jmp T_6.13;
T_6.12 ;
    %load/v 8, v00787670_0, 32;
    %load/v 40, v00783ED0_0, 32;
    %movi 72, 16384, 32;
    %div 40, 72, 32;
    %cmp/u 8, 40, 32;
    %jmp/0xz  T_6.14, 4;
    %load/v 8, v00783F28_0, 32;
    %set/v v007863D0_0, 8, 32;
    %movi 8, 5, 4;
    %ix/get 0, 8, 4;
    %delayx 0;
    %load/v 8, v007863D0_0, 32;
    %load/v 40, v00783ED0_0, 32;
    %movi 72, 16384, 32;
    %mod 40, 72, 32;
    %addi 40, 3, 32;
    %ix/get 3, 40, 32;
   %jmp/1 t_11, 4;
   %ix/load 1, 0, 0;
   %set/av v00787618, 8, 8;
t_11 ;
    %load/v 40, v00783ED0_0, 32;
    %movi 72, 16384, 32;
    %mod 40, 72, 32;
    %addi 40, 2, 32;
    %ix/get 3, 40, 32;
   %jmp/1 t_12, 4;
   %ix/load 1, 0, 0;
   %set/av v00787618, 16, 8;
t_12 ;
    %load/v 40, v00783ED0_0, 32;
    %movi 72, 16384, 32;
    %mod 40, 72, 32;
    %addi 40, 1, 32;
    %ix/get 3, 40, 32;
   %jmp/1 t_13, 4;
   %ix/load 1, 0, 0;
   %set/av v00787618, 24, 8;
t_13 ;
    %load/v 40, v00783ED0_0, 32;
    %movi 72, 16384, 32;
    %mod 40, 72, 32;
    %ix/get 3, 40, 32;
   %jmp/1 t_14, 4;
   %ix/load 1, 0, 0;
   %set/av v00787618, 32, 8;
t_14 ;
    %jmp T_6.15;
T_6.14 ;
    %load/v 8, v00783F28_0, 32;
    %set/v v00786428_0, 8, 32;
    %movi 8, 10, 5;
    %ix/get 0, 8, 5;
    %delayx 0;
    %load/v 8, v00786428_0, 32;
    %ix/load 0, 3, 0;
    %load/vp0 40, v00783ED0_0, 32;
    %ix/get 3, 40, 32;
   %jmp/1 t_15, 4;
   %ix/load 1, 0, 0;
   %set/av v007842F0, 8, 8;
t_15 ;
    %ix/load 0, 2, 0;
    %load/vp0 40, v00783ED0_0, 32;
    %ix/get 3, 40, 32;
   %jmp/1 t_16, 4;
   %ix/load 1, 0, 0;
   %set/av v007842F0, 16, 8;
t_16 ;
    %ix/load 0, 1, 0;
    %load/vp0 40, v00783ED0_0, 32;
    %ix/get 3, 40, 32;
   %jmp/1 t_17, 4;
   %ix/load 1, 0, 0;
   %set/av v007842F0, 24, 8;
t_17 ;
    %ix/getv 3, v00783ED0_0;
   %jmp/1 t_18, 4;
   %ix/load 1, 0, 0;
   %set/av v007842F0, 32, 8;
t_18 ;
T_6.15 ;
T_6.13 ;
T_6.8 ;
    %load/v 8, v007841E8_0, 1;
    %mov 9, 0, 2;
    %cmpi/u 8, 1, 3;
    %jmp/0xz  T_6.16, 4;
    %set/v v00784088_0, 1, 1;
    %load/v 8, v007875C0_0, 32;
    %load/v 40, v00783ED0_0, 32;
    %movi 72, 1024, 32;
    %div 40, 72, 32;
    %cmp/u 8, 40, 32;
    %jmp/0xz  T_6.18, 4;
    %load/v 40, v00783ED0_0, 32;
    %movi 72, 1024, 32;
    %mod 40, 72, 32;
    %addi 40, 3, 32;
    %ix/get 3, 40, 32;
    %load/av 8, v00787568, 8;
    %load/v 40, v00783ED0_0, 32;
    %movi 72, 1024, 32;
    %mod 40, 72, 32;
    %addi 40, 2, 32;
    %ix/get 3, 40, 32;
    %load/av 16, v00787568, 8;
    %load/v 40, v00783ED0_0, 32;
    %movi 72, 1024, 32;
    %mod 40, 72, 32;
    %addi 40, 1, 32;
    %ix/get 3, 40, 32;
    %load/av 24, v00787568, 8;
    %load/v 40, v00783ED0_0, 32;
    %movi 72, 1024, 32;
    %mod 40, 72, 32;
    %ix/get 3, 40, 32;
    %load/av 32, v00787568, 8;
    %set/v v00786480_0, 8, 32;
    %movi 8, 3, 3;
    %ix/get 0, 8, 3;
    %delayx 0;
    %load/v 8, v00786480_0, 32;
    %set/v v00783FD8_0, 8, 32;
    %jmp T_6.19;
T_6.18 ;
    %set/v v00787778_0, 0, 32;
T_6.20 ;
    %load/v 8, v00787778_0, 32;
   %cmpi/u 8, 1024, 32;
    %jmp/0xz T_6.21, 5;
    %ix/getv 3, v00787778_0;
    %load/av 8, v00787568, 8;
    %load/v 16, v00787778_0, 10; Select 10 out of 32 bits
    %load/v 26, v007875C0_0, 10; Select 10 out of 32 bits
    %movi 36, 16384, 20;
    %mod 16, 36, 20;
    %ix/get 3, 16, 20;
   %jmp/1 t_19, 4;
   %ix/load 1, 0, 0;
   %set/av v00787618, 8, 8;
t_19 ;
    %ix/load 0, 1, 0;
    %load/vp0 8, v00787778_0, 32;
    %set/v v00787778_0, 8, 32;
    %jmp T_6.20;
T_6.21 ;
    %load/v 8, v00787670_0, 32;
    %load/v 40, v00783ED0_0, 32;
    %movi 72, 16384, 32;
    %div 40, 72, 32;
    %cmp/u 8, 40, 32;
    %jmp/0xz  T_6.22, 4;
    %load/v 40, v00783ED0_0, 32;
    %movi 72, 16384, 32;
    %mod 40, 72, 32;
    %addi 40, 3, 32;
    %ix/get 3, 40, 32;
    %load/av 8, v00787618, 8;
    %load/v 40, v00783ED0_0, 32;
    %movi 72, 16384, 32;
    %mod 40, 72, 32;
    %addi 40, 2, 32;
    %ix/get 3, 40, 32;
    %load/av 16, v00787618, 8;
    %load/v 40, v00783ED0_0, 32;
    %movi 72, 16384, 32;
    %mod 40, 72, 32;
    %addi 40, 1, 32;
    %ix/get 3, 40, 32;
    %load/av 24, v00787618, 8;
    %load/v 40, v00783ED0_0, 32;
    %movi 72, 16384, 32;
    %mod 40, 72, 32;
    %ix/get 3, 40, 32;
    %load/av 32, v00787618, 8;
    %set/v v007864D8_0, 8, 32;
    %movi 8, 5, 4;
    %ix/get 0, 8, 4;
    %delayx 0;
    %load/v 8, v007864D8_0, 32;
    %set/v v00783FD8_0, 8, 32;
    %jmp T_6.23;
T_6.22 ;
    %set/v v00787778_0, 0, 32;
T_6.24 ;
    %load/v 8, v00787778_0, 32;
   %cmpi/u 8, 16384, 32;
    %jmp/0xz T_6.25, 5;
    %ix/getv 3, v00787778_0;
    %load/av 8, v00787618, 8;
    %load/v 16, v00787778_0, 14; Select 14 out of 32 bits
    %load/v 30, v00787670_0, 6; Select 6 out of 32 bits
    %ix/get 3, 16, 20;
   %jmp/1 t_20, 4;
   %ix/load 1, 0, 0;
   %set/av v007842F0, 8, 8;
t_20 ;
    %ix/load 0, 1, 0;
    %load/vp0 8, v00787778_0, 32;
    %set/v v00787778_0, 8, 32;
    %jmp T_6.24;
T_6.25 ;
    %ix/load 0, 3, 0;
    %load/vp0 40, v00783ED0_0, 32;
    %ix/get 3, 40, 32;
    %load/av 8, v007842F0, 8;
    %ix/load 0, 2, 0;
    %load/vp0 40, v00783ED0_0, 32;
    %ix/get 3, 40, 32;
    %load/av 16, v007842F0, 8;
    %ix/load 0, 1, 0;
    %load/vp0 40, v00783ED0_0, 32;
    %ix/get 3, 40, 32;
    %load/av 24, v007842F0, 8;
    %ix/getv 3, v00783ED0_0;
    %load/av 32, v007842F0, 8;
    %set/v v00786530_0, 8, 32;
    %movi 8, 10, 5;
    %ix/get 0, 8, 5;
    %delayx 0;
    %load/v 8, v00786530_0, 32;
    %set/v v00783FD8_0, 8, 32;
    %load/v 8, v00783ED0_0, 32;
    %movi 40, 16384, 32;
    %div 8, 40, 32;
    %set/v v00787670_0, 8, 32;
    %set/v v00787778_0, 0, 32;
T_6.26 ;
    %load/v 8, v00787778_0, 32;
   %cmpi/u 8, 16384, 32;
    %jmp/0xz T_6.27, 5;
    %load/v 16, v00787778_0, 14; Select 14 out of 32 bits
    %load/v 30, v00787670_0, 6; Select 6 out of 32 bits
    %ix/get 3, 16, 20;
    %load/av 8, v007842F0, 8;
    %ix/getv 3, v00787778_0;
   %jmp/1 t_21, 4;
   %ix/load 1, 0, 0;
   %set/av v00787618, 8, 8;
t_21 ;
    %ix/load 0, 1, 0;
    %load/vp0 8, v00787778_0, 32;
    %set/v v00787778_0, 8, 32;
    %jmp T_6.26;
T_6.27 ;
T_6.23 ;
    %load/v 8, v00783ED0_0, 32;
    %movi 40, 1024, 32;
    %div 8, 40, 32;
    %set/v v007875C0_0, 8, 32;
    %set/v v00787778_0, 0, 32;
T_6.28 ;
    %load/v 8, v00787778_0, 32;
   %cmpi/u 8, 1024, 32;
    %jmp/0xz T_6.29, 5;
    %load/v 16, v00787778_0, 10; Select 10 out of 32 bits
    %load/v 26, v007875C0_0, 10; Select 10 out of 32 bits
    %movi 36, 16384, 20;
    %mod 16, 36, 20;
    %ix/get 3, 16, 20;
    %load/av 8, v00787618, 8;
    %ix/getv 3, v00787778_0;
   %jmp/1 t_22, 4;
   %ix/load 1, 0, 0;
   %set/av v00787568, 8, 8;
t_22 ;
    %ix/load 0, 1, 0;
    %load/vp0 8, v00787778_0, 32;
    %set/v v00787778_0, 8, 32;
    %jmp T_6.28;
T_6.29 ;
T_6.19 ;
T_6.16 ;
    %set/v v00784088_0, 1, 1;
    %load/v 8, v007875C0_0, 32;
    %load/v 40, v00784348_0, 32;
    %movi 72, 1024, 32;
    %div 40, 72, 32;
    %cmp/u 8, 40, 32;
    %jmp/0xz  T_6.30, 4;
    %load/v 40, v00784348_0, 32;
    %movi 72, 1024, 32;
    %mod 40, 72, 32;
    %addi 40, 3, 32;
    %ix/get 3, 40, 32;
    %load/av 8, v00787568, 8;
    %load/v 40, v00784348_0, 32;
    %movi 72, 1024, 32;
    %mod 40, 72, 32;
    %addi 40, 2, 32;
    %ix/get 3, 40, 32;
    %load/av 16, v00787568, 8;
    %load/v 40, v00784348_0, 32;
    %movi 72, 1024, 32;
    %mod 40, 72, 32;
    %addi 40, 1, 32;
    %ix/get 3, 40, 32;
    %load/av 24, v00787568, 8;
    %load/v 40, v00784348_0, 32;
    %movi 72, 1024, 32;
    %mod 40, 72, 32;
    %ix/get 3, 40, 32;
    %load/av 32, v00787568, 8;
    %set/v v00786588_0, 8, 32;
    %movi 8, 3, 3;
    %ix/get 0, 8, 3;
    %delayx 0;
    %load/v 8, v00786588_0, 32;
    %set/v v00783C68_0, 8, 32;
    %jmp T_6.31;
T_6.30 ;
    %set/v v00787778_0, 0, 32;
T_6.32 ;
    %load/v 8, v00787778_0, 32;
   %cmpi/u 8, 1024, 32;
    %jmp/0xz T_6.33, 5;
    %ix/getv 3, v00787778_0;
    %load/av 8, v00787568, 8;
    %load/v 16, v00787778_0, 10; Select 10 out of 32 bits
    %load/v 26, v007875C0_0, 10; Select 10 out of 32 bits
    %movi 36, 16384, 20;
    %mod 16, 36, 20;
    %ix/get 3, 16, 20;
   %jmp/1 t_23, 4;
   %ix/load 1, 0, 0;
   %set/av v00787618, 8, 8;
t_23 ;
    %ix/load 0, 1, 0;
    %load/vp0 8, v00787778_0, 32;
    %set/v v00787778_0, 8, 32;
    %jmp T_6.32;
T_6.33 ;
    %load/v 8, v00787670_0, 32;
    %load/v 40, v00784348_0, 32;
    %movi 72, 16384, 32;
    %div 40, 72, 32;
    %cmp/u 8, 40, 32;
    %jmp/0xz  T_6.34, 4;
    %load/v 40, v00784348_0, 32;
    %movi 72, 16384, 32;
    %mod 40, 72, 32;
    %addi 40, 3, 32;
    %ix/get 3, 40, 32;
    %load/av 8, v00787618, 8;
    %load/v 40, v00784348_0, 32;
    %movi 72, 16384, 32;
    %mod 40, 72, 32;
    %addi 40, 2, 32;
    %ix/get 3, 40, 32;
    %load/av 16, v00787618, 8;
    %load/v 40, v00784348_0, 32;
    %movi 72, 16384, 32;
    %mod 40, 72, 32;
    %addi 40, 1, 32;
    %ix/get 3, 40, 32;
    %load/av 24, v00787618, 8;
    %load/v 40, v00784348_0, 32;
    %movi 72, 16384, 32;
    %mod 40, 72, 32;
    %ix/get 3, 40, 32;
    %load/av 32, v00787618, 8;
    %set/v v007865E0_0, 8, 32;
    %movi 8, 5, 4;
    %ix/get 0, 8, 4;
    %delayx 0;
    %load/v 8, v007865E0_0, 32;
    %set/v v00783C68_0, 8, 32;
    %jmp T_6.35;
T_6.34 ;
    %set/v v00787778_0, 0, 32;
T_6.36 ;
    %load/v 8, v00787778_0, 32;
   %cmpi/u 8, 16384, 32;
    %jmp/0xz T_6.37, 5;
    %ix/getv 3, v00787778_0;
    %load/av 8, v00787618, 8;
    %load/v 16, v00787778_0, 14; Select 14 out of 32 bits
    %load/v 30, v00787670_0, 6; Select 6 out of 32 bits
    %ix/get 3, 16, 20;
   %jmp/1 t_24, 4;
   %ix/load 1, 0, 0;
   %set/av v007842F0, 8, 8;
t_24 ;
    %ix/load 0, 1, 0;
    %load/vp0 8, v00787778_0, 32;
    %set/v v00787778_0, 8, 32;
    %jmp T_6.36;
T_6.37 ;
    %ix/load 0, 3, 0;
    %load/vp0 40, v00784348_0, 32;
    %ix/get 3, 40, 32;
    %load/av 8, v007842F0, 8;
    %ix/load 0, 2, 0;
    %load/vp0 40, v00784348_0, 32;
    %ix/get 3, 40, 32;
    %load/av 16, v007842F0, 8;
    %ix/load 0, 1, 0;
    %load/vp0 40, v00784348_0, 32;
    %ix/get 3, 40, 32;
    %load/av 24, v007842F0, 8;
    %ix/getv 3, v00784348_0;
    %load/av 32, v007842F0, 8;
    %set/v v00786638_0, 8, 32;
    %movi 8, 10, 5;
    %ix/get 0, 8, 5;
    %delayx 0;
    %load/v 8, v00786638_0, 32;
    %set/v v00783C68_0, 8, 32;
    %load/v 8, v00784348_0, 32;
    %movi 40, 16384, 32;
    %div 8, 40, 32;
    %set/v v00787670_0, 8, 32;
    %set/v v00787778_0, 0, 32;
T_6.38 ;
    %load/v 8, v00787778_0, 32;
   %cmpi/u 8, 16384, 32;
    %jmp/0xz T_6.39, 5;
    %load/v 16, v00787778_0, 14; Select 14 out of 32 bits
    %load/v 30, v00787670_0, 6; Select 6 out of 32 bits
    %ix/get 3, 16, 20;
    %load/av 8, v007842F0, 8;
    %ix/getv 3, v00787778_0;
   %jmp/1 t_25, 4;
   %ix/load 1, 0, 0;
   %set/av v00787618, 8, 8;
t_25 ;
    %ix/load 0, 1, 0;
    %load/vp0 8, v00787778_0, 32;
    %set/v v00787778_0, 8, 32;
    %jmp T_6.38;
T_6.39 ;
T_6.35 ;
    %load/v 8, v00784348_0, 32;
    %movi 40, 1024, 32;
    %div 8, 40, 32;
    %set/v v007875C0_0, 8, 32;
    %set/v v00787778_0, 0, 32;
T_6.40 ;
    %load/v 8, v00787778_0, 32;
   %cmpi/u 8, 1024, 32;
    %jmp/0xz T_6.41, 5;
    %load/v 16, v00787778_0, 10; Select 10 out of 32 bits
    %load/v 26, v007875C0_0, 10; Select 10 out of 32 bits
    %movi 36, 16384, 20;
    %mod 16, 36, 20;
    %ix/get 3, 16, 20;
    %load/av 8, v00787618, 8;
    %ix/getv 3, v00787778_0;
   %jmp/1 t_26, 4;
   %ix/load 1, 0, 0;
   %set/av v00787568, 8, 8;
t_26 ;
    %ix/load 0, 1, 0;
    %load/vp0 8, v00787778_0, 32;
    %set/v v00787778_0, 8, 32;
    %jmp T_6.40;
T_6.41 ;
T_6.31 ;
    %set/v v00784088_0, 0, 1;
    %jmp T_6;
    .thread T_6;
    .scope S_006E3C20;
T_7 ;
    %wait E_006E0D50;
    %jmp T_7;
    .thread T_7;
# The file index is used to find the file name in the following table.
:file_names 5;
    "N/A";
    "<interactive>";
    "cpu.v";
    "./alu.v";
    "./controler.v";
